Log file open, 04/30/22 10:12:55
LogWindows: Failed to load 'aqProf.dll' (GetLastError=126)
LogWindows: File 'aqProf.dll' does not exist
LogWindows: Failed to load 'VtuneApi.dll' (GetLastError=126)
LogWindows: File 'VtuneApi.dll' does not exist
LogWindows: Failed to load 'VtuneApi32e.dll' (GetLastError=126)
LogWindows: File 'VtuneApi32e.dll' does not exist
LogConsoleResponse: Display: Failed to find resolution value strings in scalability ini. Falling back to default.
LogConsoleResponse: Display: Failed to find resolution value strings in scalability ini. Falling back to default.
LogInit: Display: Running engine for game: VRChess
LogPlatformFile: Not using cached read wrapper
LogTaskGraph: Started task graph with 5 named threads and 35 total threads with 3 sets of task threads.
LogStats: Stats thread started at 0.431299
LogICUInternationalization: ICU TimeZone Detection - Raw Offset: -8:00, Platform Override: ''
LogInit: Display: Loading text-based GConfig....
LogPluginManager: Mounting plugin MeshPainting
LogPluginManager: Mounting plugin XGEController
LogPluginManager: Mounting plugin Paper2D
LogPluginManager: Mounting plugin LiveLink
LogPluginManager: Mounting plugin AISupport
LogPluginManager: Mounting plugin EnvironmentQueryEditor
LogPluginManager: Mounting plugin GameplayCameras
LogPluginManager: Mounting plugin AnimationSharing
LogPluginManager: Mounting plugin CameraShakePreviewer
LogPluginManager: Mounting plugin LightPropagationVolume
LogPluginManager: Mounting plugin CLionSourceCodeAccess
LogPluginManager: Mounting plugin PerforceSourceControl
LogPluginManager: Mounting plugin PixWinPlugin
LogPluginManager: Mounting plugin GitSourceControl
LogPluginManager: Mounting plugin PlasticSourceControl
LogPluginManager: Mounting plugin PluginUtils
LogPluginManager: Mounting plugin RiderSourceCodeAccess
LogPluginManager: Mounting plugin NullSourceCodeAccess
LogPluginManager: Mounting plugin KDevelopSourceCodeAccess
LogPluginManager: Mounting plugin SubversionSourceControl
LogPluginManager: Mounting plugin TextureFormatOodle
LogPluginManager: Mounting plugin PropertyAccessNode
LogPluginManager: Mounting plugin UObjectPlugin
LogPluginManager: Mounting plugin VisualStudioCodeSourceCodeAccess
LogPluginManager: Mounting plugin VisualStudioSourceCodeAccess
LogPluginManager: Mounting plugin OodleData
LogPluginManager: Mounting plugin OodleNetwork
LogPluginManager: Mounting plugin CodeLiteSourceCodeAccess
LogPluginManager: Mounting plugin XCodeSourceCodeAccess
LogPluginManager: Mounting plugin AssetManagerEditor
LogPluginManager: Mounting plugin CryptoKeys
LogPluginManager: Mounting plugin CurveEditorTools
LogPluginManager: Mounting plugin FacialAnimation
LogPluginManager: Mounting plugin GameplayTagsEditor
LogPluginManager: Mounting plugin GeometryMode
LogPluginManager: Mounting plugin MaterialAnalyzer
LogPluginManager: Mounting plugin DataValidation
LogPluginManager: Mounting plugin MacGraphicsSwitching
LogPluginManager: Mounting plugin MobileLauncherProfileWizard
LogPluginManager: Mounting plugin PluginBrowser
LogPluginManager: Mounting plugin DatasmithContent
LogPluginManager: Mounting plugin SpeedTreeImporter
LogPluginManager: Mounting plugin VariantManagerContent
LogPluginManager: Mounting plugin Niagara
LogPluginManager: Mounting plugin MagicLeap
LogPluginManager: Mounting plugin LuminPlatformFeatures
LogPluginManager: Mounting plugin MagicLeapLightEstimation
LogPluginManager: Mounting plugin MagicLeapMedia
LogPluginManager: Mounting plugin MagicLeapPassableWorld
LogPluginManager: Mounting plugin MLSDK
LogPluginManager: Mounting plugin AndroidMedia
LogPluginManager: Mounting plugin AvfMedia
LogPluginManager: Mounting plugin ImgMedia
LogPluginManager: Mounting plugin MediaCompositing
LogPluginManager: Mounting plugin WebMMedia
LogPluginManager: Mounting plugin WmfMedia
LogPluginManager: Mounting plugin MediaPlayerEditor
LogPluginManager: Mounting plugin TcpMessaging
LogPluginManager: Mounting plugin UdpMessaging
LogPluginManager: Mounting plugin ActorSequence
LogPluginManager: Mounting plugin LevelSequenceEditor
LogPluginManager: Mounting plugin MatineeToLevelSequence
LogPluginManager: Mounting plugin TemplateSequence
LogPluginManager: Mounting plugin OnlineSubsystem
LogPluginManager: Mounting plugin OnlineSubsystemNull
LogPluginManager: Mounting plugin OnlineSubsystemUtils
LogPluginManager: Mounting plugin LauncherChunkInstaller
LogPluginManager: Mounting plugin ActorLayerUtilities
LogPluginManager: Mounting plugin AppleImageUtils
LogPluginManager: Mounting plugin AndroidPermission
LogPluginManager: Mounting plugin ArchVisCharacter
LogPluginManager: Mounting plugin AndroidMoviePlayer
LogPluginManager: Mounting plugin AssetTags
LogPluginManager: Mounting plugin AudioCapture
LogPluginManager: Mounting plugin AndroidDeviceProfileSelector
LogPluginManager: Mounting plugin CustomMeshComponent
LogPluginManager: Mounting plugin CableComponent
LogPluginManager: Mounting plugin EditableMesh
LogPluginManager: Mounting plugin ChunkDownloader
LogPluginManager: Mounting plugin AppleMoviePlayer
LogPluginManager: Mounting plugin ExampleDeviceProfileSelector
LogPluginManager: Mounting plugin AudioSynesthesia
LogPluginManager: Mounting plugin ScreenshotTools
LogPluginManager: Mounting plugin AlembicImporter
LogPluginManager: Mounting plugin GooglePAD
LogPluginManager: Mounting plugin AutomationUtils
LogPluginManager: Mounting plugin BackChannel
LogPluginManager: Mounting plugin GoogleCloudMessaging
LogPluginManager: Mounting plugin ChaosCloth
LogPluginManager: Mounting plugin ChaosClothEditor
LogPluginManager: Mounting plugin ChaosEditor
LogPluginManager: Mounting plugin ChaosNiagara
LogPluginManager: Mounting plugin ChaosSolverPlugin
LogPluginManager: Mounting plugin LocationServicesBPLibrary
LogPluginManager: Mounting plugin CharacterAI
LogPluginManager: Mounting plugin LinuxDeviceProfileSelector
LogPluginManager: Mounting plugin IOSDeviceProfileSelector
LogPluginManager: Mounting plugin MobilePatchingUtils
LogPluginManager: Mounting plugin OpenXR
LogPluginManager: Mounting plugin OpenXREyeTracker
LogPluginManager: Mounting plugin Takes
LogPluginManager: Mounting plugin OpenXRHandTracking
LogPluginManager: Mounting plugin PhysXVehicles
LogPluginManager: Mounting plugin PostSplashScreen
LogPluginManager: Mounting plugin GeometryCollectionPlugin
LogPluginManager: Mounting plugin ProceduralMeshComponent
LogPluginManager: Mounting plugin GeometryProcessing
LogPluginManager: Mounting plugin PropertyAccessEditor
LogPluginManager: Mounting plugin GeometryCache
LogPluginManager: Mounting plugin RuntimePhysXCooking
LogPluginManager: Mounting plugin SignificanceManager
LogPluginManager: Mounting plugin SoundFields
LogPluginManager: Mounting plugin MotoSynth
LogPluginManager: Mounting plugin OpenImageDenoise
LogPluginManager: Mounting plugin PlanarCut
LogPluginManager: Mounting plugin ProxyLODPlugin
LogPluginManager: Mounting plugin PlatformCrypto
LogPluginManager: Mounting plugin PythonScriptPlugin
LogPluginManager: Mounting plugin Synthesis
LogPluginManager: Mounting plugin WebMMoviePlayer
LogPluginManager: Mounting plugin WindowsMoviePlayer
LogPluginManager: Mounting plugin SkeletalReduction
LogPluginManager: Mounting plugin ContentBrowserClassDataSource
LogPluginManager: Mounting plugin ContentBrowserAssetDataSource
LogPluginManager: Mounting plugin ContentBrowserFileDataSource
LogPluginManager: Mounting plugin OnlineSubsystemGooglePlay
LogPluginManager: Mounting plugin OnlineSubsystemIOS
LogPluginManager: Mounting plugin OculusVR
LogPluginManager: Mounting plugin SteamVR
PixWinPlugin: PIX capture plugin failed to initialize! Check that the process is launched from PIX.
LogInit: Using libcurl 7.55.1-DEV
LogInit:  - built for x86_64-pc-win32
LogInit:  - supports SSL with OpenSSL/1.1.1
LogInit:  - supports HTTP deflate (compression) using libz 1.2.8
LogInit:  - other features:
LogInit:      CURL_VERSION_SSL
LogInit:      CURL_VERSION_LIBZ
LogInit:      CURL_VERSION_IPV6
LogInit:      CURL_VERSION_ASYNCHDNS
LogInit:      CURL_VERSION_LARGEFILE
LogInit:      CURL_VERSION_IDN
LogInit:  CurlRequestOptions (configurable via config and command line):
LogInit:  - bVerifyPeer = true  - Libcurl will verify peer certificate
LogInit:  - bUseHttpProxy = false  - Libcurl will NOT use HTTP proxy
LogInit:  - bDontReuseConnections = false  - Libcurl will reuse connections
LogInit:  - MaxHostConnections = 16  - Libcurl will limit the number of connections to a host
LogInit:  - LocalHostAddr = Default
LogInit:  - BufferSize = 65536
LogOnline: OSS: Creating online subsystem instance for: NULL
LogInit: WinSock: version 1.1 (2.2), MaxSocks=32767, MaxUdp=65467
LogOnline: OSS: TryLoadSubsystemAndSetDefault: Loaded subsystem for module [NULL]
LogOculusPluginWrapper: OculusPlugin initialized successfully
LogHMD: Failed initializing OVRPlugin 1.59.0
LogInit: Build: ++UE4+Release-4.27-CL-18319896
LogInit: Engine Version: 4.27.2-18319896+++UE4+Release-4.27
LogInit: Compatible Engine Version: 4.27.0-17155196+++UE4+Release-4.27
LogInit: Net CL: 17155196
LogInit: OS: Windows 10 (Release 2009) (), CPU: Intel(R) Core(TM) i7-10750H CPU @ 2.60GHz, GPU: NVIDIA GeForce RTX 2070 Super with Max-Q Design
LogInit: Compiled (64-bit): Nov 30 2021 07:12:08
LogInit: Compiled with Visual C++: 19.24.28315.00
LogInit: Build Configuration: Development
LogInit: Branch Name: ++UE4+Release-4.27
LogInit: Command Line:  /Game/VirtualRealityBP/Maps/StartupMap -game -PIEVIACONSOLE -Multiprocess GameUserSettingsINI=D:/Courses/CS684VirtualReality/VRChess/VRChess/Saved/Config/Windows/PIEGameUserSettings0.ini -MultiprocessSaveConfig -forcepassthrough -messaging -SessionName="Play in Standalone Game" -windowed -ResX=1280 -ResY=720
LogInit: Base Directory: C:/Program Files/Epic Games/UE_4.27/Engine/Binaries/Win64/
LogInit: Allocator: TBB
LogInit: Installed Engine Build: 1
LogDevObjectVersion: Number of dev versions registered: 29
LogDevObjectVersion:   Dev-Blueprints (B0D832E4-1F89-4F0D-ACCF-7EB736FD4AA2): 10
LogDevObjectVersion:   Dev-Build (E1C64328-A22C-4D53-A36C-8E866417BD8C): 0
LogDevObjectVersion:   Dev-Core (375EC13C-06E4-48FB-B500-84F0262A717E): 4
LogDevObjectVersion:   Dev-Editor (E4B068ED-F494-42E9-A231-DA0B2E46BB41): 40
LogDevObjectVersion:   Dev-Framework (CFFC743F-43B0-4480-9391-14DF171D2073): 37
LogDevObjectVersion:   Dev-Mobile (B02B49B5-BB20-44E9-A304-32B752E40360): 3
LogDevObjectVersion:   Dev-Networking (A4E4105C-59A1-49B5-A7C5-40C4547EDFEE): 0
LogDevObjectVersion:   Dev-Online (39C831C9-5AE6-47DC-9A44-9C173E1C8E7C): 0
LogDevObjectVersion:   Dev-Physics (78F01B33-EBEA-4F98-B9B4-84EACCB95AA2): 14
LogDevObjectVersion:   Dev-Platform (6631380F-2D4D-43E0-8009-CF276956A95A): 0
LogDevObjectVersion:   Dev-Rendering (12F88B9F-8875-4AFC-A67C-D90C383ABD29): 45
LogDevObjectVersion:   Dev-Sequencer (7B5AE74C-D270-4C10-A958-57980B212A5A): 13
LogDevObjectVersion:   Dev-VR (D7296918-1DD6-4BDD-9DE2-64A83CC13884): 3
LogDevObjectVersion:   Dev-LoadTimes (C2A15278-BFE7-4AFE-6C17-90FF531DF755): 1
LogDevObjectVersion:   Private-Geometry (6EACA3D4-40EC-4CC1-B786-8BED09428FC5): 3
LogDevObjectVersion:   Dev-AnimPhys (29E575DD-E0A3-4627-9D10-D276232CDCEA): 17
LogDevObjectVersion:   Dev-Anim (AF43A65D-7FD3-4947-9873-3E8ED9C1BB05): 15
LogDevObjectVersion:   Dev-ReflectionCapture (6B266CEC-1EC7-4B8F-A30B-E4D90942FC07): 1
LogDevObjectVersion:   Dev-Automation (0DF73D61-A23F-47EA-B727-89E90C41499A): 1
LogDevObjectVersion:   FortniteMain (601D1886-AC64-4F84-AA16-D3DE0DEAC7D6): 47
LogDevObjectVersion:   FortniteRelease (E7086368-6B23-4C58-8439-1B7016265E91): 1
LogDevObjectVersion:   Dev-Enterprise (9DFFBCD6-494F-0158-E221-12823C92A888): 10
LogDevObjectVersion:   Dev-Niagara (F2AED0AC-9AFE-416F-8664-AA7FFA26D6FC): 1
LogDevObjectVersion:   Dev-Destruction (174F1F0B-B4C6-45A5-B13F-2EE8D0FB917D): 10
LogDevObjectVersion:   Dev-Physics-Ext (35F94A83-E258-406C-A318-09F59610247C): 41
LogDevObjectVersion:   Dev-PhysicsMaterial-Chaos (B68FC16E-8B1B-42E2-B453-215C058844FE): 1
LogDevObjectVersion:   Dev-CineCamera (B2E18506-4273-CFC2-A54E-F4BB758BBA07): 1
LogDevObjectVersion:   Dev-VirtualProduction (64F58936-FD1B-42BA-BA96-7289D5D0FA4E): 1
LogDevObjectVersion:   Dev-MediaFramework (6F0ED827-A609-4895-9C91-998D90180EA4): 2
LogInit: Presizing for max 25165824 objects, including 0 objects not considered by GC, pre-allocating 0 bytes for permanent pool.
LogConfig: Applying CVar settings from Section [/Script/Engine.StreamingSettings] File [D:/Courses/CS684VirtualReality/VRChess/VRChess/Saved/Config/Windows/Engine.ini]
LogConfig: Setting CVar [[s.MinBulkDataSizeForAsyncLoading:131072]]
LogConfig: Setting CVar [[s.AsyncLoadingThreadEnabled:0]]
LogConfig: Setting CVar [[s.EventDrivenLoaderEnabled:1]]
LogConfig: Setting CVar [[s.WarnIfTimeLimitExceeded:0]]
LogConfig: Setting CVar [[s.TimeLimitExceededMultiplier:1.5]]
LogConfig: Setting CVar [[s.TimeLimitExceededMinTime:0.005]]
LogConfig: Setting CVar [[s.UseBackgroundLevelStreaming:1]]
LogConfig: Setting CVar [[s.PriorityAsyncLoadingExtraTime:15.0]]
LogConfig: Setting CVar [[s.LevelStreamingActorsUpdateTimeLimit:5.0]]
LogConfig: Setting CVar [[s.PriorityLevelStreamingActorsUpdateExtraTime:5.0]]
LogConfig: Setting CVar [[s.LevelStreamingComponentsRegistrationGranularity:10]]
LogConfig: Setting CVar [[s.UnregisterComponentsTimeLimit:1.0]]
LogConfig: Setting CVar [[s.LevelStreamingComponentsUnregistrationGranularity:5]]
LogConfig: Setting CVar [[s.FlushStreamingOnExit:1]]
LogInit: Object subsystem initialized
LogConfig: Setting CVar [[con.DebugEarlyDefault:1]]
LogConfig: Setting CVar [[r.setres:1280x720]]
[2022.04.30-17.12.58:216][  0]LogConfig: Setting CVar [[con.DebugEarlyDefault:1]]
[2022.04.30-17.12.58:216][  0]LogConfig: Setting CVar [[r.setres:1280x720]]
[2022.04.30-17.12.58:216][  0]LogConfig: Applying CVar settings from Section [/Script/Engine.RendererSettings] File [D:/Courses/CS684VirtualReality/VRChess/VRChess/Saved/Config/Windows/Engine.ini]
[2022.04.30-17.12.58:216][  0]LogConfig: Setting CVar [[r.GPUCrashDebugging:0]]
[2022.04.30-17.12.58:216][  0]LogConfig: Setting CVar [[r.DefaultFeature.AmbientOcclusion:0]]
[2022.04.30-17.12.58:216][  0]LogConfig: Setting CVar [[r.DefaultFeature.AmbientOcclusionStaticFraction:0]]
[2022.04.30-17.12.58:216][  0]LogConfig: Setting CVar [[vr.InstancedStereo:1]]
[2022.04.30-17.12.58:216][  0]LogConfig: Setting CVar [[r.SeparateTranslucency:0]]
[2022.04.30-17.12.58:216][  0]LogConfig: Setting CVar [[r.HZBOcclusion:0]]
[2022.04.30-17.12.58:216][  0]LogConfig: Setting CVar [[r.SSR.MaxRoughness:0]]
[2022.04.30-17.12.58:216][  0]LogConfig: Setting CVar [[r.rhicmdbypass:0]]
[2022.04.30-17.12.58:216][  0]LogConfig: Applying CVar settings from Section [/Script/Engine.RendererOverrideSettings] File [D:/Courses/CS684VirtualReality/VRChess/VRChess/Saved/Config/Windows/Engine.ini]
[2022.04.30-17.12.58:216][  0]LogConfig: Applying CVar settings from Section [/Script/Engine.StreamingSettings] File [D:/Courses/CS684VirtualReality/VRChess/VRChess/Saved/Config/Windows/Engine.ini]
[2022.04.30-17.12.58:216][  0]LogConfig: Setting CVar [[s.MinBulkDataSizeForAsyncLoading:131072]]
[2022.04.30-17.12.58:216][  0]LogConfig: Setting CVar [[s.AsyncLoadingThreadEnabled:0]]
[2022.04.30-17.12.58:216][  0]LogConfig: Setting CVar [[s.EventDrivenLoaderEnabled:1]]
[2022.04.30-17.12.58:216][  0]LogConfig: Setting CVar [[s.WarnIfTimeLimitExceeded:0]]
[2022.04.30-17.12.58:216][  0]LogConfig: Setting CVar [[s.TimeLimitExceededMultiplier:1.5]]
[2022.04.30-17.12.58:216][  0]LogConfig: Setting CVar [[s.TimeLimitExceededMinTime:0.005]]
[2022.04.30-17.12.58:216][  0]LogConfig: Setting CVar [[s.UseBackgroundLevelStreaming:1]]
[2022.04.30-17.12.58:216][  0]LogConfig: Setting CVar [[s.PriorityAsyncLoadingExtraTime:15.0]]
[2022.04.30-17.12.58:216][  0]LogConfig: Setting CVar [[s.LevelStreamingActorsUpdateTimeLimit:5.0]]
[2022.04.30-17.12.58:216][  0]LogConfig: Setting CVar [[s.PriorityLevelStreamingActorsUpdateExtraTime:5.0]]
[2022.04.30-17.12.58:216][  0]LogConfig: Setting CVar [[s.LevelStreamingComponentsRegistrationGranularity:10]]
[2022.04.30-17.12.58:216][  0]LogConfig: Setting CVar [[s.UnregisterComponentsTimeLimit:1.0]]
[2022.04.30-17.12.58:216][  0]LogConfig: Setting CVar [[s.LevelStreamingComponentsUnregistrationGranularity:5]]
[2022.04.30-17.12.58:216][  0]LogConfig: Setting CVar [[s.FlushStreamingOnExit:1]]
[2022.04.30-17.12.58:216][  0]LogConfig: Applying CVar settings from Section [/Script/Engine.GarbageCollectionSettings] File [D:/Courses/CS684VirtualReality/VRChess/VRChess/Saved/Config/Windows/Engine.ini]
[2022.04.30-17.12.58:216][  0]LogConfig: Setting CVar [[gc.MaxObjectsNotConsideredByGC:1]]
[2022.04.30-17.12.58:216][  0]LogConfig: Setting CVar [[gc.SizeOfPermanentObjectPool:0]]
[2022.04.30-17.12.58:216][  0]LogConfig: Setting CVar [[gc.FlushStreamingOnGC:0]]
[2022.04.30-17.12.58:216][  0]LogConfig: Setting CVar [[gc.NumRetriesBeforeForcingGC:10]]
[2022.04.30-17.12.58:216][  0]LogConfig: Setting CVar [[gc.AllowParallelGC:1]]
[2022.04.30-17.12.58:216][  0]LogConfig: Setting CVar [[gc.TimeBetweenPurgingPendingKillObjects:61.1]]
[2022.04.30-17.12.58:216][  0]LogConfig: Setting CVar [[gc.MaxObjectsInEditor:25165824]]
[2022.04.30-17.12.58:216][  0]LogConfig: Setting CVar [[gc.IncrementalBeginDestroyEnabled:1]]
[2022.04.30-17.12.58:216][  0]LogConfig: Setting CVar [[gc.CreateGCClusters:1]]
[2022.04.30-17.12.58:216][  0]LogConfig: Setting CVar [[gc.MinGCClusterSize:5]]
[2022.04.30-17.12.58:216][  0]LogConfig: Setting CVar [[gc.ActorClusteringEnabled:0]]
[2022.04.30-17.12.58:216][  0]LogConfig: Setting CVar [[gc.BlueprintClusteringEnabled:0]]
[2022.04.30-17.12.58:216][  0]LogConfig: Setting CVar [[gc.UseDisregardForGCOnDedicatedServers:0]]
[2022.04.30-17.12.58:216][  0]LogConfig: Setting CVar [[gc.MultithreadedDestructionEnabled:1]]
[2022.04.30-17.12.58:216][  0]LogConfig: Applying CVar settings from Section [/Script/Engine.NetworkSettings] File [D:/Courses/CS684VirtualReality/VRChess/VRChess/Saved/Config/Windows/Engine.ini]
[2022.04.30-17.12.58:216][  0]LogConfig: Applying CVar settings from Section [/Script/UnrealEd.CookerSettings] File [D:/Courses/CS684VirtualReality/VRChess/VRChess/Saved/Config/Windows/Engine.ini]
[2022.04.30-17.12.58:225][  0]LogConfig: Applying CVar settings from Section [ViewDistanceQuality@3] File [D:/Courses/CS684VirtualReality/VRChess/VRChess/Saved/Config/Windows/Scalability.ini]
[2022.04.30-17.12.58:225][  0]LogConfig: Setting CVar [[r.SkeletalMeshLODBias:0]]
[2022.04.30-17.12.58:225][  0]LogConfig: Setting CVar [[r.ViewDistanceScale:1.0]]
[2022.04.30-17.12.58:225][  0]LogConfig: Applying CVar settings from Section [AntiAliasingQuality@3] File [D:/Courses/CS684VirtualReality/VRChess/VRChess/Saved/Config/Windows/Scalability.ini]
[2022.04.30-17.12.58:225][  0]LogConfig: Setting CVar [[r.PostProcessAAQuality:3]]
[2022.04.30-17.12.58:225][  0]LogConfig: Applying CVar settings from Section [ShadowQuality@3] File [D:/Courses/CS684VirtualReality/VRChess/VRChess/Saved/Config/Windows/Scalability.ini]
[2022.04.30-17.12.58:225][  0]LogConfig: Setting CVar [[r.LightFunctionQuality:1]]
[2022.04.30-17.12.58:225][  0]LogConfig: Setting CVar [[r.ShadowQuality:5]]
[2022.04.30-17.12.58:225][  0]LogConfig: Setting CVar [[r.Shadow.CSM.MaxCascades:10]]
[2022.04.30-17.12.58:225][  0]LogConfig: Setting CVar [[r.Shadow.MaxResolution:2048]]
[2022.04.30-17.12.58:225][  0]LogConfig: Setting CVar [[r.Shadow.MaxCSMResolution:2048]]
[2022.04.30-17.12.58:225][  0]LogConfig: Setting CVar [[r.Shadow.RadiusThreshold:0.01]]
[2022.04.30-17.12.58:225][  0]LogConfig: Setting CVar [[r.Shadow.DistanceScale:1.0]]
[2022.04.30-17.12.58:225][  0]LogConfig: Setting CVar [[r.Shadow.CSM.TransitionScale:1.0]]
[2022.04.30-17.12.58:225][  0]LogConfig: Setting CVar [[r.Shadow.PreShadowResolutionFactor:1.0]]
[2022.04.30-17.12.58:225][  0]LogConfig: Setting CVar [[r.DistanceFieldShadowing:1]]
[2022.04.30-17.12.58:225][  0]LogConfig: Setting CVar [[r.DistanceFieldAO:1]]
[2022.04.30-17.12.58:225][  0]LogConfig: Setting CVar [[r.AOQuality:2]]
[2022.04.30-17.12.58:225][  0]LogConfig: Setting CVar [[r.VolumetricFog:1]]
[2022.04.30-17.12.58:225][  0]LogConfig: Setting CVar [[r.VolumetricFog.GridPixelSize:8]]
[2022.04.30-17.12.58:225][  0]LogConfig: Setting CVar [[r.VolumetricFog.GridSizeZ:128]]
[2022.04.30-17.12.58:225][  0]LogConfig: Setting CVar [[r.VolumetricFog.HistoryMissSupersampleCount:4]]
[2022.04.30-17.12.58:225][  0]LogConfig: Setting CVar [[r.LightMaxDrawDistanceScale:1]]
[2022.04.30-17.12.58:225][  0]LogConfig: Setting CVar [[r.CapsuleShadows:1]]
[2022.04.30-17.12.58:225][  0]LogConfig: Applying CVar settings from Section [PostProcessQuality@3] File [D:/Courses/CS684VirtualReality/VRChess/VRChess/Saved/Config/Windows/Scalability.ini]
[2022.04.30-17.12.58:225][  0]LogConfig: Setting CVar [[r.MotionBlurQuality:0]]
[2022.04.30-17.12.58:225][  0]LogConfig: Setting CVar [[r.AmbientOcclusionMipLevelFactor:0.4]]
[2022.04.30-17.12.58:225][  0]LogConfig: Setting CVar [[r.AmbientOcclusionMaxQuality:100]]
[2022.04.30-17.12.58:225][  0]LogConfig: Setting CVar [[r.AmbientOcclusionLevels:0]]
[2022.04.30-17.12.58:225][  0]LogConfig: Setting CVar [[r.AmbientOcclusionRadiusScale:1.0]]
[2022.04.30-17.12.58:225][  0]LogConfig: Setting CVar [[r.DepthOfFieldQuality:0]]
[2022.04.30-17.12.58:225][  0]LogConfig: Setting CVar [[r.RenderTargetPoolMin:400]]
[2022.04.30-17.12.58:225][  0]LogConfig: Setting CVar [[r.LensFlareQuality:0]]
[2022.04.30-17.12.58:225][  0]LogConfig: Setting CVar [[r.SceneColorFringeQuality:0]]
[2022.04.30-17.12.58:225][  0]LogConfig: Setting CVar [[r.EyeAdaptationQuality:2]]
[2022.04.30-17.12.58:225][  0]LogConfig: Setting CVar [[r.BloomQuality:1]]
[2022.04.30-17.12.58:225][  0]LogConfig: Setting CVar [[r.FastBlurThreshold:0]]
[2022.04.30-17.12.58:225][  0]LogConfig: Setting CVar [[r.Upscale.Quality:3]]
[2022.04.30-17.12.58:225][  0]LogConfig: Setting CVar [[r.Tonemapper.GrainQuantization:1]]
[2022.04.30-17.12.58:225][  0]LogConfig: Setting CVar [[r.LightShaftQuality:1]]
[2022.04.30-17.12.58:225][  0]LogConfig: Setting CVar [[r.Filter.SizeScale:1]]
[2022.04.30-17.12.58:225][  0]LogConfig: Setting CVar [[r.Tonemapper.Quality:5]]
[2022.04.30-17.12.58:225][  0]LogConfig: Setting CVar [[r.DOF.Gather.AccumulatorQuality:1        ; higher gathering accumulator quality]]
[2022.04.30-17.12.58:225][  0]LogConfig: Setting CVar [[r.DOF.Gather.PostfilterMethod:1          ; Median3x3 postfilering method]]
[2022.04.30-17.12.58:225][  0]LogConfig: Setting CVar [[r.DOF.Gather.EnableBokehSettings:0       ; no bokeh simulation when gathering]]
[2022.04.30-17.12.58:225][  0]LogConfig: Setting CVar [[r.DOF.Gather.RingCount:4                 ; medium number of samples when gathering]]
[2022.04.30-17.12.58:225][  0]LogConfig: Setting CVar [[r.DOF.Scatter.ForegroundCompositing:1    ; additive foreground scattering]]
[2022.04.30-17.12.58:225][  0]LogConfig: Setting CVar [[r.DOF.Scatter.BackgroundCompositing:2    ; additive background scattering]]
[2022.04.30-17.12.58:225][  0]LogConfig: Setting CVar [[r.DOF.Scatter.EnableBokehSettings:1      ; bokeh simulation when scattering]]
[2022.04.30-17.12.58:225][  0]LogConfig: Setting CVar [[r.DOF.Scatter.MaxSpriteRatio:0.1         ; only a maximum of 10% of scattered bokeh]]
[2022.04.30-17.12.58:225][  0]LogConfig: Setting CVar [[r.DOF.Recombine.Quality:1                ; cheap slight out of focus]]
[2022.04.30-17.12.58:225][  0]LogConfig: Setting CVar [[r.DOF.Recombine.EnableBokehSettings:0    ; no bokeh simulation on slight out of focus]]
[2022.04.30-17.12.58:225][  0]LogConfig: Setting CVar [[r.DOF.TemporalAAQuality:1                ; more stable temporal accumulation]]
[2022.04.30-17.12.58:225][  0]LogConfig: Setting CVar [[r.DOF.Kernel.MaxForegroundRadius:0.025]]
[2022.04.30-17.12.58:225][  0]LogConfig: Setting CVar [[r.DOF.Kernel.MaxBackgroundRadius:0.025]]
[2022.04.30-17.12.58:225][  0]LogConfig: Applying CVar settings from Section [TextureQuality@3] File [D:/Courses/CS684VirtualReality/VRChess/VRChess/Saved/Config/Windows/Scalability.ini]
[2022.04.30-17.12.58:225][  0]LogConfig: Setting CVar [[r.Streaming.MipBias:0]]
[2022.04.30-17.12.58:226][  0]LogConfig: Setting CVar [[r.Streaming.AmortizeCPUToGPUCopy:0]]
[2022.04.30-17.12.58:226][  0]LogConfig: Setting CVar [[r.Streaming.MaxNumTexturesToStreamPerFrame:0]]
[2022.04.30-17.12.58:226][  0]LogConfig: Setting CVar [[r.Streaming.Boost:1]]
[2022.04.30-17.12.58:226][  0]LogConfig: Setting CVar [[r.MaxAnisotropy:8]]
[2022.04.30-17.12.58:226][  0]LogConfig: Setting CVar [[r.VT.MaxAnisotropy:8]]
[2022.04.30-17.12.58:226][  0]LogConfig: Setting CVar [[r.Streaming.LimitPoolSizeToVRAM:0]]
[2022.04.30-17.12.58:226][  0]LogConfig: Setting CVar [[r.Streaming.PoolSize:1000]]
[2022.04.30-17.12.58:226][  0]LogConfig: Setting CVar [[r.Streaming.MaxEffectiveScreenSize:0]]
[2022.04.30-17.12.58:226][  0]LogConfig: Applying CVar settings from Section [EffectsQuality@3] File [D:/Courses/CS684VirtualReality/VRChess/VRChess/Saved/Config/Windows/Scalability.ini]
[2022.04.30-17.12.58:226][  0]LogConfig: Setting CVar [[r.TranslucencyLightingVolumeDim:4]]
[2022.04.30-17.12.58:226][  0]LogConfig: Setting CVar [[r.RefractionQuality:2]]
[2022.04.30-17.12.58:226][  0]LogConfig: Setting CVar [[r.SSR.Quality:0]]
[2022.04.30-17.12.58:226][  0]LogConfig: Setting CVar [[r.SSR.HalfResSceneColor:0]]
[2022.04.30-17.12.58:226][  0]LogConfig: Setting CVar [[r.SceneColorFormat:2]]
[2022.04.30-17.12.58:226][  0]LogConfig: Setting CVar [[r.DetailMode:2]]
[2022.04.30-17.12.58:226][  0]LogConfig: Setting CVar [[r.TranslucencyVolumeBlur:0]]
[2022.04.30-17.12.58:226][  0]LogConfig: Setting CVar [[r.MaterialQualityLevel:1 ; High quality]]
[2022.04.30-17.12.58:226][  0]LogConfig: Setting CVar [[r.AnisotropicMaterials:1]]
[2022.04.30-17.12.58:226][  0]LogConfig: Setting CVar [[r.SSS.Scale:1]]
[2022.04.30-17.12.58:226][  0]LogConfig: Setting CVar [[r.SSS.SampleSet:2]]
[2022.04.30-17.12.58:226][  0]LogConfig: Setting CVar [[r.SSS.Quality:1]]
[2022.04.30-17.12.58:226][  0]LogConfig: Setting CVar [[r.SSS.HalfRes:0]]
[2022.04.30-17.12.58:226][  0]LogConfig: Setting CVar [[r.SSGI.Quality:3]]
[2022.04.30-17.12.58:226][  0]LogConfig: Setting CVar [[r.EmitterSpawnRateScale:1.0]]
[2022.04.30-17.12.58:226][  0]LogConfig: Setting CVar [[r.ParticleLightQuality:2]]
[2022.04.30-17.12.58:226][  0]LogConfig: Setting CVar [[r.SkyAtmosphere.AerialPerspectiveLUT.FastApplyOnOpaque:1 ; Always have FastSkyLUT 1 in this case to avoid wrong sky]]
[2022.04.30-17.12.58:226][  0]LogConfig: Setting CVar [[r.SkyAtmosphere.AerialPerspectiveLUT.SampleCountMaxPerSlice:4]]
[2022.04.30-17.12.58:226][  0]LogConfig: Setting CVar [[r.SkyAtmosphere.AerialPerspectiveLUT.DepthResolution:16.0]]
[2022.04.30-17.12.58:226][  0]LogConfig: Setting CVar [[r.SkyAtmosphere.FastSkyLUT:1]]
[2022.04.30-17.12.58:226][  0]LogConfig: Setting CVar [[r.SkyAtmosphere.FastSkyLUT.SampleCountMin:4.0]]
[2022.04.30-17.12.58:226][  0]LogConfig: Setting CVar [[r.SkyAtmosphere.FastSkyLUT.SampleCountMax:128.0]]
[2022.04.30-17.12.58:226][  0]LogConfig: Setting CVar [[r.SkyAtmosphere.SampleCountMin:4.0]]
[2022.04.30-17.12.58:226][  0]LogConfig: Setting CVar [[r.SkyAtmosphere.SampleCountMax:128.0]]
[2022.04.30-17.12.58:226][  0]LogConfig: Setting CVar [[r.SkyAtmosphere.TransmittanceLUT.UseSmallFormat:0]]
[2022.04.30-17.12.58:226][  0]LogConfig: Setting CVar [[r.SkyAtmosphere.TransmittanceLUT.SampleCount:10.0]]
[2022.04.30-17.12.58:226][  0]LogConfig: Setting CVar [[r.SkyAtmosphere.MultiScatteringLUT.SampleCount:15.0]]
[2022.04.30-17.12.58:226][  0]LogConfig: Setting CVar [[r.SkyLight.RealTimeReflectionCapture:1]]
[2022.04.30-17.12.58:226][  0]LogConfig: Applying CVar settings from Section [FoliageQuality@3] File [D:/Courses/CS684VirtualReality/VRChess/VRChess/Saved/Config/Windows/Scalability.ini]
[2022.04.30-17.12.58:226][  0]LogConfig: Setting CVar [[foliage.DensityScale:1.0]]
[2022.04.30-17.12.58:226][  0]LogConfig: Setting CVar [[grass.DensityScale:1.0]]
[2022.04.30-17.12.58:226][  0]LogConfig: Applying CVar settings from Section [ShadingQuality@3] File [D:/Courses/CS684VirtualReality/VRChess/VRChess/Saved/Config/Windows/Scalability.ini]
[2022.04.30-17.12.58:226][  0]LogConfig: Setting CVar [[r.HairStrands.SkyLighting.IntegrationType:2]]
[2022.04.30-17.12.58:226][  0]LogConfig: Setting CVar [[r.HairStrands.SkyAO.SampleCount:4]]
[2022.04.30-17.12.58:226][  0]LogConfig: Setting CVar [[r.HairStrands.Visibility.MSAA.SamplePerPixel:4]]
[2022.04.30-17.12.58:226][  0]LogInit: Selected Device Profile: [Windows]
[2022.04.30-17.12.58:226][  0]LogInit: Applying CVar settings loaded from the selected device profile: [Windows]
[2022.04.30-17.12.58:226][  0]LogHAL: Display: Platform has ~ 16 GB [17010778112 / 17179869184 / 16], which maps to Larger [LargestMinGB=32, LargerMinGB=12, DefaultMinGB=8, SmallerMinGB=6, SmallestMinGB=0)
[2022.04.30-17.12.58:226][  0]LogInit: Going up to parent DeviceProfile []
[2022.04.30-17.12.58:226][  0]LogConfig: Applying CVar settings from Section [ViewDistanceQuality@3] File [D:/Courses/CS684VirtualReality/VRChess/VRChess/Saved/Config/Windows/Scalability.ini]
[2022.04.30-17.12.58:226][  0]LogConfig: Setting CVar [[r.SkeletalMeshLODBias:0]]
[2022.04.30-17.12.58:226][  0]LogConfig: Setting CVar [[r.ViewDistanceScale:1.0]]
[2022.04.30-17.12.58:226][  0]LogConfig: Applying CVar settings from Section [AntiAliasingQuality@3] File [D:/Courses/CS684VirtualReality/VRChess/VRChess/Saved/Config/Windows/Scalability.ini]
[2022.04.30-17.12.58:226][  0]LogConfig: Setting CVar [[r.PostProcessAAQuality:3]]
[2022.04.30-17.12.58:226][  0]LogConfig: Applying CVar settings from Section [ShadowQuality@3] File [D:/Courses/CS684VirtualReality/VRChess/VRChess/Saved/Config/Windows/Scalability.ini]
[2022.04.30-17.12.58:226][  0]LogConfig: Setting CVar [[r.LightFunctionQuality:1]]
[2022.04.30-17.12.58:226][  0]LogConfig: Setting CVar [[r.ShadowQuality:5]]
[2022.04.30-17.12.58:226][  0]LogConfig: Setting CVar [[r.Shadow.CSM.MaxCascades:10]]
[2022.04.30-17.12.58:226][  0]LogConfig: Setting CVar [[r.Shadow.MaxResolution:2048]]
[2022.04.30-17.12.58:226][  0]LogConfig: Setting CVar [[r.Shadow.MaxCSMResolution:2048]]
[2022.04.30-17.12.58:226][  0]LogConfig: Setting CVar [[r.Shadow.RadiusThreshold:0.01]]
[2022.04.30-17.12.58:226][  0]LogConfig: Setting CVar [[r.Shadow.DistanceScale:1.0]]
[2022.04.30-17.12.58:226][  0]LogConfig: Setting CVar [[r.Shadow.CSM.TransitionScale:1.0]]
[2022.04.30-17.12.58:226][  0]LogConfig: Setting CVar [[r.Shadow.PreShadowResolutionFactor:1.0]]
[2022.04.30-17.12.58:226][  0]LogConfig: Setting CVar [[r.DistanceFieldShadowing:1]]
[2022.04.30-17.12.58:226][  0]LogConfig: Setting CVar [[r.DistanceFieldAO:1]]
[2022.04.30-17.12.58:226][  0]LogConfig: Setting CVar [[r.AOQuality:2]]
[2022.04.30-17.12.58:226][  0]LogConfig: Setting CVar [[r.VolumetricFog:1]]
[2022.04.30-17.12.58:226][  0]LogConfig: Setting CVar [[r.VolumetricFog.GridPixelSize:8]]
[2022.04.30-17.12.58:226][  0]LogConfig: Setting CVar [[r.VolumetricFog.GridSizeZ:128]]
[2022.04.30-17.12.58:226][  0]LogConfig: Setting CVar [[r.VolumetricFog.HistoryMissSupersampleCount:4]]
[2022.04.30-17.12.58:226][  0]LogConfig: Setting CVar [[r.LightMaxDrawDistanceScale:1]]
[2022.04.30-17.12.58:226][  0]LogConfig: Setting CVar [[r.CapsuleShadows:1]]
[2022.04.30-17.12.58:226][  0]LogConfig: Applying CVar settings from Section [PostProcessQuality@3] File [D:/Courses/CS684VirtualReality/VRChess/VRChess/Saved/Config/Windows/Scalability.ini]
[2022.04.30-17.12.58:226][  0]LogConfig: Setting CVar [[r.MotionBlurQuality:0]]
[2022.04.30-17.12.58:226][  0]LogConfig: Setting CVar [[r.AmbientOcclusionMipLevelFactor:0.4]]
[2022.04.30-17.12.58:226][  0]LogConfig: Setting CVar [[r.AmbientOcclusionMaxQuality:100]]
[2022.04.30-17.12.58:226][  0]LogConfig: Setting CVar [[r.AmbientOcclusionLevels:0]]
[2022.04.30-17.12.58:226][  0]LogConfig: Setting CVar [[r.AmbientOcclusionRadiusScale:1.0]]
[2022.04.30-17.12.58:226][  0]LogConfig: Setting CVar [[r.DepthOfFieldQuality:0]]
[2022.04.30-17.12.58:226][  0]LogConfig: Setting CVar [[r.RenderTargetPoolMin:400]]
[2022.04.30-17.12.58:226][  0]LogConfig: Setting CVar [[r.LensFlareQuality:0]]
[2022.04.30-17.12.58:226][  0]LogConfig: Setting CVar [[r.SceneColorFringeQuality:0]]
[2022.04.30-17.12.58:226][  0]LogConfig: Setting CVar [[r.EyeAdaptationQuality:2]]
[2022.04.30-17.12.58:226][  0]LogConfig: Setting CVar [[r.BloomQuality:1]]
[2022.04.30-17.12.58:226][  0]LogConfig: Setting CVar [[r.FastBlurThreshold:0]]
[2022.04.30-17.12.58:226][  0]LogConfig: Setting CVar [[r.Upscale.Quality:3]]
[2022.04.30-17.12.58:226][  0]LogConfig: Setting CVar [[r.Tonemapper.GrainQuantization:1]]
[2022.04.30-17.12.58:226][  0]LogConfig: Setting CVar [[r.LightShaftQuality:1]]
[2022.04.30-17.12.58:227][  0]LogConfig: Setting CVar [[r.Filter.SizeScale:1]]
[2022.04.30-17.12.58:227][  0]LogConfig: Setting CVar [[r.Tonemapper.Quality:5]]
[2022.04.30-17.12.58:227][  0]LogConfig: Setting CVar [[r.DOF.Gather.AccumulatorQuality:1        ; higher gathering accumulator quality]]
[2022.04.30-17.12.58:227][  0]LogConfig: Setting CVar [[r.DOF.Gather.PostfilterMethod:1          ; Median3x3 postfilering method]]
[2022.04.30-17.12.58:227][  0]LogConfig: Setting CVar [[r.DOF.Gather.EnableBokehSettings:0       ; no bokeh simulation when gathering]]
[2022.04.30-17.12.58:227][  0]LogConfig: Setting CVar [[r.DOF.Gather.RingCount:4                 ; medium number of samples when gathering]]
[2022.04.30-17.12.58:227][  0]LogConfig: Setting CVar [[r.DOF.Scatter.ForegroundCompositing:1    ; additive foreground scattering]]
[2022.04.30-17.12.58:227][  0]LogConfig: Setting CVar [[r.DOF.Scatter.BackgroundCompositing:2    ; additive background scattering]]
[2022.04.30-17.12.58:227][  0]LogConfig: Setting CVar [[r.DOF.Scatter.EnableBokehSettings:1      ; bokeh simulation when scattering]]
[2022.04.30-17.12.58:227][  0]LogConfig: Setting CVar [[r.DOF.Scatter.MaxSpriteRatio:0.1         ; only a maximum of 10% of scattered bokeh]]
[2022.04.30-17.12.58:227][  0]LogConfig: Setting CVar [[r.DOF.Recombine.Quality:1                ; cheap slight out of focus]]
[2022.04.30-17.12.58:227][  0]LogConfig: Setting CVar [[r.DOF.Recombine.EnableBokehSettings:0    ; no bokeh simulation on slight out of focus]]
[2022.04.30-17.12.58:227][  0]LogConfig: Setting CVar [[r.DOF.TemporalAAQuality:1                ; more stable temporal accumulation]]
[2022.04.30-17.12.58:227][  0]LogConfig: Setting CVar [[r.DOF.Kernel.MaxForegroundRadius:0.025]]
[2022.04.30-17.12.58:227][  0]LogConfig: Setting CVar [[r.DOF.Kernel.MaxBackgroundRadius:0.025]]
[2022.04.30-17.12.58:227][  0]LogConfig: Applying CVar settings from Section [TextureQuality@3] File [D:/Courses/CS684VirtualReality/VRChess/VRChess/Saved/Config/Windows/Scalability.ini]
[2022.04.30-17.12.58:227][  0]LogConfig: Setting CVar [[r.Streaming.MipBias:0]]
[2022.04.30-17.12.58:227][  0]LogConfig: Setting CVar [[r.Streaming.AmortizeCPUToGPUCopy:0]]
[2022.04.30-17.12.58:227][  0]LogConfig: Setting CVar [[r.Streaming.MaxNumTexturesToStreamPerFrame:0]]
[2022.04.30-17.12.58:227][  0]LogConfig: Setting CVar [[r.Streaming.Boost:1]]
[2022.04.30-17.12.58:227][  0]LogConfig: Setting CVar [[r.MaxAnisotropy:8]]
[2022.04.30-17.12.58:227][  0]LogConfig: Setting CVar [[r.VT.MaxAnisotropy:8]]
[2022.04.30-17.12.58:227][  0]LogConfig: Setting CVar [[r.Streaming.LimitPoolSizeToVRAM:0]]
[2022.04.30-17.12.58:227][  0]LogConfig: Setting CVar [[r.Streaming.PoolSize:1000]]
[2022.04.30-17.12.58:227][  0]LogConfig: Setting CVar [[r.Streaming.MaxEffectiveScreenSize:0]]
[2022.04.30-17.12.58:227][  0]LogConfig: Applying CVar settings from Section [EffectsQuality@3] File [D:/Courses/CS684VirtualReality/VRChess/VRChess/Saved/Config/Windows/Scalability.ini]
[2022.04.30-17.12.58:227][  0]LogConfig: Setting CVar [[r.TranslucencyLightingVolumeDim:4]]
[2022.04.30-17.12.58:227][  0]LogConfig: Setting CVar [[r.RefractionQuality:2]]
[2022.04.30-17.12.58:227][  0]LogConfig: Setting CVar [[r.SSR.Quality:0]]
[2022.04.30-17.12.58:227][  0]LogConfig: Setting CVar [[r.SSR.HalfResSceneColor:0]]
[2022.04.30-17.12.58:227][  0]LogConfig: Setting CVar [[r.SceneColorFormat:2]]
[2022.04.30-17.12.58:227][  0]LogConfig: Setting CVar [[r.DetailMode:2]]
[2022.04.30-17.12.58:227][  0]LogConfig: Setting CVar [[r.TranslucencyVolumeBlur:0]]
[2022.04.30-17.12.58:227][  0]LogConfig: Setting CVar [[r.MaterialQualityLevel:1 ; High quality]]
[2022.04.30-17.12.58:227][  0]LogConfig: Setting CVar [[r.AnisotropicMaterials:1]]
[2022.04.30-17.12.58:227][  0]LogConfig: Setting CVar [[r.SSS.Scale:1]]
[2022.04.30-17.12.58:227][  0]LogConfig: Setting CVar [[r.SSS.SampleSet:2]]
[2022.04.30-17.12.58:227][  0]LogConfig: Setting CVar [[r.SSS.Quality:1]]
[2022.04.30-17.12.58:227][  0]LogConfig: Setting CVar [[r.SSS.HalfRes:0]]
[2022.04.30-17.12.58:227][  0]LogConfig: Setting CVar [[r.SSGI.Quality:3]]
[2022.04.30-17.12.58:227][  0]LogConfig: Setting CVar [[r.EmitterSpawnRateScale:1.0]]
[2022.04.30-17.12.58:227][  0]LogConfig: Setting CVar [[r.ParticleLightQuality:2]]
[2022.04.30-17.12.58:227][  0]LogConfig: Setting CVar [[r.SkyAtmosphere.AerialPerspectiveLUT.FastApplyOnOpaque:1 ; Always have FastSkyLUT 1 in this case to avoid wrong sky]]
[2022.04.30-17.12.58:227][  0]LogConfig: Setting CVar [[r.SkyAtmosphere.AerialPerspectiveLUT.SampleCountMaxPerSlice:4]]
[2022.04.30-17.12.58:227][  0]LogConfig: Setting CVar [[r.SkyAtmosphere.AerialPerspectiveLUT.DepthResolution:16.0]]
[2022.04.30-17.12.58:227][  0]LogConfig: Setting CVar [[r.SkyAtmosphere.FastSkyLUT:1]]
[2022.04.30-17.12.58:227][  0]LogConfig: Setting CVar [[r.SkyAtmosphere.FastSkyLUT.SampleCountMin:4.0]]
[2022.04.30-17.12.58:227][  0]LogConfig: Setting CVar [[r.SkyAtmosphere.FastSkyLUT.SampleCountMax:128.0]]
[2022.04.30-17.12.58:227][  0]LogConfig: Setting CVar [[r.SkyAtmosphere.SampleCountMin:4.0]]
[2022.04.30-17.12.58:227][  0]LogConfig: Setting CVar [[r.SkyAtmosphere.SampleCountMax:128.0]]
[2022.04.30-17.12.58:227][  0]LogConfig: Setting CVar [[r.SkyAtmosphere.TransmittanceLUT.UseSmallFormat:0]]
[2022.04.30-17.12.58:227][  0]LogConfig: Setting CVar [[r.SkyAtmosphere.TransmittanceLUT.SampleCount:10.0]]
[2022.04.30-17.12.58:227][  0]LogConfig: Setting CVar [[r.SkyAtmosphere.MultiScatteringLUT.SampleCount:15.0]]
[2022.04.30-17.12.58:227][  0]LogConfig: Setting CVar [[r.SkyLight.RealTimeReflectionCapture:1]]
[2022.04.30-17.12.58:227][  0]LogConfig: Applying CVar settings from Section [FoliageQuality@3] File [D:/Courses/CS684VirtualReality/VRChess/VRChess/Saved/Config/Windows/Scalability.ini]
[2022.04.30-17.12.58:227][  0]LogConfig: Setting CVar [[foliage.DensityScale:1.0]]
[2022.04.30-17.12.58:227][  0]LogConfig: Setting CVar [[grass.DensityScale:1.0]]
[2022.04.30-17.12.58:227][  0]LogConfig: Applying CVar settings from Section [ShadingQuality@3] File [D:/Courses/CS684VirtualReality/VRChess/VRChess/Saved/Config/Windows/Scalability.ini]
[2022.04.30-17.12.58:227][  0]LogConfig: Setting CVar [[r.HairStrands.SkyLighting.IntegrationType:2]]
[2022.04.30-17.12.58:227][  0]LogConfig: Setting CVar [[r.HairStrands.SkyAO.SampleCount:4]]
[2022.04.30-17.12.58:227][  0]LogConfig: Setting CVar [[r.HairStrands.Visibility.MSAA.SamplePerPixel:4]]
[2022.04.30-17.12.58:227][  0]LogConfig: Applying CVar settings from Section [Startup] File [../../../Engine/Config/ConsoleVariables.ini]
[2022.04.30-17.12.58:228][  0]LogConfig: Setting CVar [[net.UseAdaptiveNetUpdateFrequency:0]]
[2022.04.30-17.12.58:228][  0]LogConfig: Setting CVar [[p.chaos.AllowCreatePhysxBodies:1]]
[2022.04.30-17.12.58:228][  0]LogConfig: Setting CVar [[fx.SkipVectorVMBackendOptimizations:1]]
[2022.04.30-17.12.58:228][  0]LogConfig: Applying CVar settings from Section [ConsoleVariables] File [D:/Courses/CS684VirtualReality/VRChess/VRChess/Saved/Config/Windows/Engine.ini]
[2022.04.30-17.12.58:228][  0]LogConfig: Applying CVar settings from Section [ConsoleVariables] File [D:/Courses/CS684VirtualReality/VRChess/VRChess/Saved/Config/Windows/Editor.ini]
[2022.04.30-17.12.58:228][  0]LogInit: Computer: LAPTOP-NO6VT2RV
[2022.04.30-17.12.58:228][  0]LogInit: User: prith
[2022.04.30-17.12.58:228][  0]LogInit: CPU Page size=4096, Cores=6
[2022.04.30-17.12.58:228][  0]LogInit: High frequency timer resolution =10.000000 MHz
[2022.04.30-17.12.58:228][  0]LogMemory: Memory total: Physical=15.8GB (16GB approx)
[2022.04.30-17.12.58:228][  0]LogMemory: Platform Memory Stats for Windows
[2022.04.30-17.12.58:228][  0]LogMemory: Process Physical Memory: 143.43 MB used, 143.43 MB peak
[2022.04.30-17.12.58:228][  0]LogMemory: Process Virtual Memory: 129.87 MB used, 129.87 MB peak
[2022.04.30-17.12.58:228][  0]LogMemory: Physical Memory: 13870.43 MB used,  2352.31 MB free, 16222.74 MB total
[2022.04.30-17.12.58:228][  0]LogMemory: Virtual Memory: 134211480.00 MB used,  6244.07 MB free, 134217728.00 MB total
[2022.04.30-17.12.58:233][  0]LogWindows: WindowsPlatformFeatures enabled
[2022.04.30-17.12.58:478][  0]LogInit: Physics initialised using underlying interface: PhysX
[2022.04.30-17.12.58:478][  0]LogInit: Using OS detected language (en-US).
[2022.04.30-17.12.58:478][  0]LogInit: Using OS detected locale (en-US).
[2022.04.30-17.12.58:495][  0]LogTextLocalizationManager: No specific localization for 'en-US' exists, so the 'en' localization will be used.
[2022.04.30-17.12.58:891][  0]LogWindowsTextInputMethodSystem: Display: IME system deactivated.
[2022.04.30-17.12.58:957][  0]LogSlate: New Slate User Created.  User Index 0, Is Virtual User: 0
[2022.04.30-17.12.58:957][  0]LogSlate: Slate User Registered.  User Index 0, Is Virtual User: 0
[2022.04.30-17.12.58:996][  0]LogD3D11RHI: Loaded GFSDK_Aftermath_Lib.x64.dll
[2022.04.30-17.12.59:217][  0]LogHMD: Failed to initialize OpenVR with code 108
[2022.04.30-17.12.59:217][  0]LogD3D11RHI: D3D11 min allowed feature level: 11_0
[2022.04.30-17.12.59:217][  0]LogD3D11RHI: D3D11 max allowed feature level: 11_0
[2022.04.30-17.12.59:217][  0]LogD3D11RHI: D3D11 adapters:
[2022.04.30-17.12.59:394][  0]LogD3D11RHI:    0. 'NVIDIA GeForce RTX 2070 Super with Max-Q Design' (Feature Level 11_0)
[2022.04.30-17.12.59:394][  0]LogD3D11RHI:       8012/0/8111 MB DedicatedVideo/DedicatedSystem/SharedSystem, Outputs:2, VendorId:0x10de
[2022.04.30-17.12.59:397][  0]LogD3D11RHI:    1. 'Microsoft Basic Render Driver' (Feature Level 11_0)
[2022.04.30-17.12.59:397][  0]LogD3D11RHI:       0/0/8111 MB DedicatedVideo/DedicatedSystem/SharedSystem, Outputs:0, VendorId:0x1414
[2022.04.30-17.12.59:397][  0]LogD3D11RHI: Chosen D3D11 Adapter:
[2022.04.30-17.12.59:397][  0]LogD3D11RHI:     Description : NVIDIA GeForce RTX 2070 Super with Max-Q Design
[2022.04.30-17.12.59:397][  0]LogD3D11RHI:     VendorId    : 10de
[2022.04.30-17.12.59:397][  0]LogD3D11RHI:     DeviceId    : 1ed1
[2022.04.30-17.12.59:397][  0]LogD3D11RHI:     SubSysId    : 8746103c
[2022.04.30-17.12.59:397][  0]LogD3D11RHI:     Revision    : 00a1
[2022.04.30-17.12.59:397][  0]LogD3D11RHI:     DedicatedVideoMemory : 8401190912 bytes
[2022.04.30-17.12.59:397][  0]LogD3D11RHI:     DedicatedSystemMemory : 0 bytes
[2022.04.30-17.12.59:397][  0]LogD3D11RHI:     SharedSystemMemory : 8505389056 bytes
[2022.04.30-17.12.59:397][  0]LogD3D11RHI:     AdapterLuid : 0 69431
[2022.04.30-17.12.59:404][  0]LogD3D11RHI: Creating new Direct3DDevice
[2022.04.30-17.12.59:404][  0]LogD3D11RHI:     GPU DeviceId: 0x1ed1 (for the marketing name, search the web for "GPU Device Id")
[2022.04.30-17.12.59:404][  0]LogWindows: EnumDisplayDevices:
[2022.04.30-17.12.59:404][  0]LogWindows:    0. 'NVIDIA GeForce RTX 2070 Super with Max-Q Design' (P:0 D:1)
[2022.04.30-17.12.59:405][  0]LogWindows:    1. 'NVIDIA GeForce RTX 2070 Super with Max-Q Design' (P:1 D:1)
[2022.04.30-17.12.59:405][  0]LogWindows:    2. 'NVIDIA GeForce RTX 2070 Super with Max-Q Design' (P:0 D:0)
[2022.04.30-17.12.59:405][  0]LogWindows:    3. 'NVIDIA GeForce RTX 2070 Super with Max-Q Design' (P:0 D:0)
[2022.04.30-17.12.59:405][  0]LogWindows: DebugString: FoundDriverCount:4 
[2022.04.30-17.12.59:405][  0]LogD3D11RHI:     Adapter Name: NVIDIA GeForce RTX 2070 Super with Max-Q Design
[2022.04.30-17.12.59:405][  0]LogD3D11RHI:   Driver Version: 511.79 (internal:30.0.15.1179, unified:511.79)
[2022.04.30-17.12.59:405][  0]LogD3D11RHI:      Driver Date: 2-10-2022
[2022.04.30-17.12.59:405][  0]LogRHI: Texture pool is 5608 MB (70% of 8012 MB)
[2022.04.30-17.12.59:405][  0]LogD3D11RHI: Creating D3DDevice using adapter:
[2022.04.30-17.12.59:405][  0]LogD3D11RHI:     Description : NVIDIA GeForce RTX 2070 Super with Max-Q Design
[2022.04.30-17.12.59:405][  0]LogD3D11RHI:     VendorId    : 10de
[2022.04.30-17.12.59:405][  0]LogD3D11RHI:     DeviceId    : 1ed1
[2022.04.30-17.12.59:405][  0]LogD3D11RHI:     SubSysId    : 8746103c
[2022.04.30-17.12.59:405][  0]LogD3D11RHI:     Revision    : 00a1
[2022.04.30-17.12.59:405][  0]LogD3D11RHI:     DedicatedVideoMemory : 8401190912 bytes
[2022.04.30-17.12.59:405][  0]LogD3D11RHI:     DedicatedSystemMemory : 0 bytes
[2022.04.30-17.12.59:405][  0]LogD3D11RHI:     SharedSystemMemory : 8505389056 bytes
[2022.04.30-17.12.59:405][  0]LogD3D11RHI:     AdapterLuid : 0 69431
[2022.04.30-17.12.59:476][  0]LogD3D11RHI: RHI has support for 64 bit atomics
[2022.04.30-17.12.59:476][  0]LogD3D11RHI: Async texture creation enabled
[2022.04.30-17.12.59:476][  0]LogD3D11RHI: Array index from any shader is supported
[2022.04.30-17.12.59:507][  0]LogD3D11RHI: GPU Timing Frequency: 1000.000000 (Debug: 2 1)
[2022.04.30-17.12.59:630][  0]LogRHI: GeForceNow SDK initialized: 1
[2022.04.30-17.13.00:205][  0]LogTargetPlatformManager: Display: Loaded TargetPlatform 'WindowsNoEditor'
[2022.04.30-17.13.00:230][  0]LogTargetPlatformManager: Display: Loaded TargetPlatform 'Windows'
[2022.04.30-17.13.00:254][  0]LogTargetPlatformManager: Display: Loaded TargetPlatform 'WindowsClient'
[2022.04.30-17.13.00:279][  0]LogTargetPlatformManager: Display: Loaded TargetPlatform 'WindowsServer'
[2022.04.30-17.13.00:279][  0]LogTargetPlatformManager: Display: Building Assets For Windows
[2022.04.30-17.13.00:361][  0]LogAudioDebug: Display: Lib vorbis DLL was dynamically loaded.
[2022.04.30-17.13.00:589][  0]LogTextureFormatOodle: Display: Oodle Texture 2.9.0 init RDO Off
[2022.04.30-17.13.00:819][  0]LogRendererCore: Ray tracing is disabled. Reason: r.RayTracing=0.
[2022.04.30-17.13.00:819][  0]LogShaderCompilers: Guid format shader working directory is -1 characters bigger than the processId version (D:/Courses/CS684VirtualReality/VRChess/VRChess/Intermediate/Shaders/WorkingDirectory/23460/).
[2022.04.30-17.13.00:819][  0]LogShaderCompilers: Cleaned the shader compiler working directory 'C:/Users/prith/AppData/Local/Temp/UnrealShaderWorkingDir/766C2CA04718587E730490AB5526E727/'.
[2022.04.30-17.13.00:819][  0]LogXGEController: Cannot use XGE Controller as Incredibuild is not installed on this machine.
[2022.04.30-17.13.00:819][  0]LogShaderCompilers: Cannot use XGE Shader Compiler as Incredibuild is not installed on this machine.
[2022.04.30-17.13.00:819][  0]LogShaderCompilers: Display: Using Local Shader Compiler.
[2022.04.30-17.13.03:979][  0]LogDerivedDataCache: Display: Max Cache Size: 512 MB
[2022.04.30-17.13.04:122][  0]LogDerivedDataCache: Loaded boot cache 0.14s 117MB C:/Users/prith/AppData/Local/UnrealEngine/4.27/DerivedDataCache/Boot.ddc.
[2022.04.30-17.13.04:122][  0]LogDerivedDataCache: Display: Loaded Boot cache: C:/Users/prith/AppData/Local/UnrealEngine/4.27/DerivedDataCache/Boot.ddc
[2022.04.30-17.13.04:122][  0]LogDerivedDataCache: FDerivedDataBackendGraph:  Pak pak cache file D:/Courses/CS684VirtualReality/VRChess/VRChess/DerivedDataCache/DDC.ddp not found, will not use a pak cache.
[2022.04.30-17.13.04:122][  0]LogDerivedDataCache: Unable to find inner node Pak for hierarchical cache Hierarchy.
[2022.04.30-17.13.04:122][  0]LogDerivedDataCache: FDerivedDataBackendGraph:  CompressedPak pak cache file D:/Courses/CS684VirtualReality/VRChess/VRChess/DerivedDataCache/Compressed.ddp not found, will not use a pak cache.
[2022.04.30-17.13.04:122][  0]LogDerivedDataCache: Unable to find inner node CompressedPak for hierarchical cache Hierarchy.
[2022.04.30-17.13.04:149][  0]LogDerivedDataCache: Display: Pak cache opened for reading ../../../Engine/DerivedDataCache/Compressed.ddp.
[2022.04.30-17.13.04:150][  0]LogDerivedDataCache: FDerivedDataBackendGraph:  EnterprisePak pak cache file ../../../Enterprise/DerivedDataCache/Compressed.ddp not found, will not use a pak cache.
[2022.04.30-17.13.04:150][  0]LogDerivedDataCache: Unable to find inner node EnterprisePak for hierarchical cache Hierarchy.
[2022.04.30-17.13.04:164][  0]LogDerivedDataCache: Speed tests for C:/Users/prith/AppData/Local/UnrealEngine/Common/DerivedDataCache took 0.01 seconds
[2022.04.30-17.13.04:164][  0]LogDerivedDataCache: Display: Performance to C:/Users/prith/AppData/Local/UnrealEngine/Common/DerivedDataCache: Latency=0.17ms. RandomReadSpeed=143.99MBs, RandomWriteSpeed=164.52MBs. Assigned SpeedClass 'Local'
[2022.04.30-17.13.04:165][  0]LogDerivedDataCache: Using Local data cache path C:/Users/prith/AppData/Local/UnrealEngine/Common/DerivedDataCache: Writable
[2022.04.30-17.13.04:165][  0]LogDerivedDataCache: Shared data cache path not found in *engine.ini, will not use an Shared cache.
[2022.04.30-17.13.04:165][  0]LogDerivedDataCache: Unable to find inner node Shared for hierarchical cache Hierarchy.
[2022.04.30-17.13.04:212][  0]LogSlate: Using FreeType 2.10.0
[2022.04.30-17.13.04:228][  0]LogSlate: SlateFontServices - WITH_FREETYPE: 1, WITH_HARFBUZZ: 1
[2022.04.30-17.13.04:346][  0]LogInit: Using OS detected language (en-US).
[2022.04.30-17.13.04:346][  0]LogInit: Using OS detected locale (en-US).
[2022.04.30-17.13.04:346][  0]LogTextLocalizationManager: No localization for 'en-US' exists, so 'en' will be used for the language.
[2022.04.30-17.13.04:346][  0]LogTextLocalizationManager: No localization for 'en-US' exists, so 'en' will be used for the locale.
[2022.04.30-17.13.04:346][  0]LogSlate: FontCache flush requested. Reason: Culture for localization was changed
[2022.04.30-17.13.04:346][  0]LogSlate: FontCache flush requested. Reason: Culture for localization was changed
[2022.04.30-17.13.04:350][  0]LogTextLocalizationManager: Compacting localization data took   0.00ms
[2022.04.30-17.13.04:350][  0]LogAssetRegistry: FAssetRegistry took 0.0024 seconds to start up
[2022.04.30-17.13.04:546][  0]LogPackageLocalizationCache: Processed 27 localized package path(s) for 1 prioritized culture(s) in 0.001173 seconds
[2022.04.30-17.13.04:632][  0]LogInit: Selected Device Profile: [Windows]
[2022.04.30-17.13.04:633][  0]LogInit: Active device profile: [00000212B8459B00][00000212AF83CEC0 49] Windows
[2022.04.30-17.13.04:633][  0]LogInit: Profiles: [00000212B8459B00][00000212AF83CEC0 49] Windows, [00000212B841B200][00000212AF27F040 49] WindowsNoEditor, [00000212B845B900][00000212AF2831C0 49] WindowsServer, [00000212B8418A00][00000212AF287340 49] WindowsClient, [00000212B8458B00][00000212B02374C0 49] IOS, [00000212B841AA00][00000212B023B640 49] iPadAir, [00000212B845B300][00000212AF27B780 49] iPadAir2, [00000212B83B5300][00000212B02439C0 49] IPadPro, [00000212B83B5400][00000212B023FA00 49] iPadAir3, [00000212B8419B00][00000212B0247B40 49] iPadAir4, [00000212B83B7A00][00000212B024E140 49] iPadMini2, [00000212B841A500][00000212B02522C0 49] iPadMini3, [00000212B83B7F00][00000212B0256440 49] iPadMini4, [00000212B8418900][00000212B025A5C0 49] iPadMini5, [00000212B83BD000][00000212B0262880 49] iPhone6, [00000212B83BD100][00000212B025E8C0 49] iPodTouch6, [00000212B845B400][00000212B026AB80 49] iPhone7, [00000212B8458500][00000212B0266BC0 49] iPodTouch7, [00000212B83BC100][00000212B026ED40 49] iPhone5S, [00000212B83B4700][00000212B0272EC0 49] iPhone6Plus, [00000212B83BEF00][00000212B0277040 49] iPhone6S, [00000212B83B5A00][00000212B027B1C0 49] iPhone6SPlus, [00000212B83BCA00][00000212AF789340 49] iPhone7Plus, [00000212B83B7E00][00000212AF78D4C0 49] iPhoneSE, [00000212B8458200][00000212AF791640 49] iPhone8, [00000212B83B4600][00000212AF7957C0 49] iPhone8Plus, [00000212B845A300][00000212B024B900 49] iPhoneX, [00000212B83B7C00][00000212AF799A40 49] iPhoneXS, [00000212B845BE00][00000212AF79DB80 49] iPhoneXSMax, [00000212B83B7400][00000212AF7A0140 49] iPhoneXR, [00000212B845AE00][00000212AF7A82C0 49] iPhone11, [00000212B83B6500][00000212AF7AC440 49] iPhone11Pro, [00000212B845AC00][00000212AF7B05C0 49] iPhone11ProMax, [00000212B83B7B00][00000212AF7B4740 49] iPhoneSE2, [00000212B8458E00][00000212AF7B88C0 49] iPhone12Mini, [00000212B83B6600][00000212AF7BCA40 49] iPhone12, [00000212B8459800][00000212AF7C0BC0 49] iPhone12Pro, [00000212B83B5B00][00000212AF7C4D40 49] iPhone12ProMax, [00000212B8459000][00000212AF7C8EC0 49] iPadPro105, [00000212B83B5E00][00000212AF7CD040 49] iPadPro129, [00000212B8458400][00000212AF7D11C0 49] iPadPro97, [00000212B83B4F00][00000212B0D03340 49] iPadPro2_129, [00000212B8458F00][00000212B0D074C0 49] iPad5, [00000212B83B7800][00000212B0D0B640 49] iPad6, [00000212B845BF00][00000212B0D0F7C0 49] iPad7, [00000212B83B6F00][00000212B0D13940 49] iPad8, [00000212B8459900][00000212B0D17AC0 49] iPadPro11, [00000212B83B4100][00000212AF7A5C00 49] iPadPro2_11, [00000212B845BD00][00000212B0D1A1C0 49] iPadPro3_129, [00000212B83B4D00][00000212B0D1E300 49] iPadPro4_129, [00000212B8458300][00000212B0D26480 49] AppleTV, [00000212B83B6A00][00000212B0D2A600 49] AppleTV4K, [00000212B845AD00][00000212B0D2E780 49] TVOS, [00000212B83B6300][00000212B0D32900 49] Mac, [00000212B8459D00][00000212B0D36A80 49] MacClient, [00000212B83B6C00][00000212B0D3AC00 49] MacNoEditor, [00000212B8458100][00000212B0D3ED80 49] MacServer, [00000212B83B5200][00000212B0D42F00 49] Linux, [00000212B8458D00][00000212B0D47080 49] LinuxAArch64, [00000212B83B6800][00000212B0D4B200 49] LinuxNoEditor, [00000212B8459C00][00000212B0D4F380 49] LinuxAArch64NoEditor, [00000212B83B5000][00000212B0D53500 49] LinuxClient, [00000212B845A700][00000212B0D57680 49] LinuxAArch64Client, [00000212B83B6900][00000212B0D5B800 49] LinuxServer, [00000212B845B700][00000212B0D5F980 49] LinuxAArch64Server, [00000212B83B5700][00000212B0D63B00 49] Android, [00000212B845A100][00000212B0D66100 49] Android_Low, [00000212B83B4500][00000212B0D22240 49] Android_Mid, [00000212B845B600][00000212B0D6A380 49] Android_High, [00000212B83B4C00][00000212B0D6E4C0 49] Android_Default, [00000212B8458600][00000212B0D76640 49] Android_Adreno4xx, [00000212B8498400][00000212B0D7A7C0 49] Android_Adreno5xx_Low, [00000212B8459500][00000212B0D7E940 49] Android_Adreno5xx, [00000212B8419800][00000212B0D82AC0 49] Android_Adreno6xx, [00000212B83BEE00][00000212B0D86C40 49] Android_Adreno6xx_Vulkan, [00000212B8419400][00000212B0D8ADC0 49] Android_Mali_T6xx, [00000212B83BF100][00000212B0D8EF40 49] Android_Mali_T7xx, [00000212B841AF00][00000212B0D930C0 49] Android_Mali_T8xx, [00000212B83BD500][00000212B0D97240 49] Android_Mali_G71, [00000212B841A200][00000212B0D9B3C0 49] Android_Mali_G72, [00000212B83BD900][00000212B0D9F540 49] Android_Mali_G72_Vulkan, [00000212B841AB00][00000212B0DA36C0 49] Android_Mali_G76, [00000212B83BE900][00000212B0DA7840 49] Android_Mali_G76_Vulkan, [00000212B8419200][00000212B0DAB9C0 49] Android_Mali_G77, [00000212B83BD700][00000212B0DAFB40 49] Android_Mali_G77_Vulkan, [00000212B8418500][00000212B0DB2140 49] Android_Mali_G78, [00000212B83BF400][00000212B0DB62C0 49] Android_Mali_G78_Vulkan, [00000212B841B700][00000212B0D72400 49] Android_Mali_G710, [00000212B83BE100][00000212B0DBA540 49] Android_Mali_G710_Vulkan, [00000212B841A600][00000212B0DBE680 49] Android_Vulkan_SM5, [00000212B83BE400][00000212B0DC27C0 49] Android_PowerVR_G6xxx, [00000212B841B100][00000212B0DCA940 49] Android_PowerVR_GT7xxx, [00000212B83BC700][00000212B0DCEAC0 49] Android_PowerVR_GE8xxx, [00000212B8419500][00000212B0DD2C40 49] Android_PowerVR_GM9xxx, [00000212B83BCC00][00000212B0DD6DC0 49] Android_PowerVR_GM9xxx_Vulkan, [00000212B8418E00][00000212B0DDAF40 49] Android_TegraK1, [00000212B83BC500][00000212B0DDF0C0 49] Android_Unknown_Vulkan, [00000212B841A900][00000212B0DE3240 49] Lumin, [00000212B83BFE00][00000212B0DE73C0 49] Lumin_Desktop, [00000212B841B300][00000212B0DEB540 49] HoloLens, 
[2022.04.30-17.13.05:017][  0]LogMeshReduction: Using QuadricMeshReduction for automatic static mesh reduction
[2022.04.30-17.13.05:017][  0]LogMeshReduction: Using SimplygonMeshReduction for automatic skeletal mesh reduction
[2022.04.30-17.13.05:017][  0]LogMeshReduction: Using ProxyLODMeshReduction for automatic mesh merging
[2022.04.30-17.13.05:017][  0]LogMeshReduction: No distributed automatic mesh merging module available
[2022.04.30-17.13.05:017][  0]LogMeshMerging: No distributed automatic mesh merging module available
[2022.04.30-17.13.05:184][  0]LogNetVersion: VRChess 1.0.0, NetCL: 17155196, EngineNetVer: 17, GameNetVer: 0 (Checksum: 2686174489)
[2022.04.30-17.13.06:072][  0]LogTexture: Default maximum texture size for cubemaps generated from long-lat sources has been changed from 512 to unlimited. In order to preserve old behaiour for '/Engine/MapTemplates/Sky/DaylightAmbientCubemap.DaylightAmbientCubemap', its maximum texture size has been explicitly set to 512.
[2022.04.30-17.13.06:203][  0]LogHMD: PokeAHoleMaterial loaded successfully
[2022.04.30-17.13.06:930][  0]LogMoviePlayer: Initializing movie player
[2022.04.30-17.13.07:323][  0]LogNiagaraDebuggerClient: Niagara Debugger Client Initialized | Session: AF020E9041C7F57515A2C7A4D2F3BEF1 | Instance: 99D8BA8247D14639C23BAE9D3AF6B441 (LAPTOP-NO6VT2RV-23460).
[2022.04.30-17.13.07:414][  0]LogCollectionManager: Loaded 0 collections in 0.001427 seconds
[2022.04.30-17.13.07:416][  0]LogFileCache: Scanning file cache for directory 'D:/Courses/CS684VirtualReality/VRChess/VRChess/Saved/Collections/' took 0.00s
[2022.04.30-17.13.07:416][  0]LogFileCache: Scanning file cache for directory 'D:/Courses/CS684VirtualReality/VRChess/VRChess/Content/Developers/prith/Collections/' took 0.00s
[2022.04.30-17.13.07:416][  0]LogFileCache: Scanning file cache for directory 'D:/Courses/CS684VirtualReality/VRChess/VRChess/Content/Collections/' took 0.00s
[2022.04.30-17.13.07:416][  0]LogCollectionManager: Fixed up redirectors for 0 collections in 0.000001 seconds (updated 0 objects)
[2022.04.30-17.13.07:828][  0]LogTcpMessaging: Initializing TcpMessaging bridge
[2022.04.30-17.13.07:850][  0]LogUdpMessaging: Initializing bridge on interface 0.0.0.0:0 to multicast group 230.0.0.1:6666.
[2022.04.30-17.13.08:098][  0]LogPython: Using Python 3.7.7
[2022.04.30-17.13.09:021][  0]SourceControl: Source control is disabled
[2022.04.30-17.13.09:021][  0]SourceControl: Source control is disabled
[2022.04.30-17.13.09:045][  0]SourceControl: Source control is disabled
[2022.04.30-17.13.09:089][  0]LogUProjectInfo: Found projects:
[2022.04.30-17.13.09:415][  0]LogAndroidPermission: UAndroidPermissionCallbackProxy::GetInstance
[2022.04.30-17.13.09:519][  0]LogAudioCaptureCore: Display: No Audio Capture implementations found. Audio input will be silent.
[2022.04.30-17.13.09:519][  0]LogAudioCaptureCore: Display: No Audio Capture implementations found. Audio input will be silent.
[2022.04.30-17.13.10:167][  0]LogOpenImageDenoise: OIDN starting up
[2022.04.30-17.13.10:314][  0]LogOcInput: OculusInput pre-init called
[2022.04.30-17.13.10:328][  0]LogUObjectArray: 22121 objects as part of root set at end of initial load.
[2022.04.30-17.13.10:328][  0]LogUObjectAllocator: 5975632 out of 0 bytes used by permanent object pool.
[2022.04.30-17.13.10:328][  0]LogUObjectArray: CloseDisregardForGC: 0/0 objects in disregard for GC pool
[2022.04.30-17.13.10:468][  0]LogEngine: Initializing Engine...
[2022.04.30-17.13.10:545][  0]LogHMD: Failed to initialize OpenVR with code 108
[2022.04.30-17.13.10:616][  0]LogHMD: Optional extension XR_VARJO_quad_views is not available
[2022.04.30-17.13.10:616][  0]LogHMD: Warning: Required extension XR_EXT_eye_gaze_interaction is not available
[2022.04.30-17.13.10:616][  0]LogHMD: Could not enable all required OpenXR extensions for OpenXREyeTracker on current system. This plugin will be loaded but ignored, but will be enabled on a target platform that supports the required extension.
[2022.04.30-17.13.10:660][  0]LogHMD: Failed to create an OpenXR instance, result is XR_ERROR_RUNTIME_FAILURE. Please check if you have an OpenXR runtime installed. The following extensions were enabled:
[2022.04.30-17.13.10:660][  0]LogHMD: - XR_KHR_D3D11_enable
[2022.04.30-17.13.10:660][  0]LogHMD: - XR_KHR_D3D12_enable
[2022.04.30-17.13.10:660][  0]LogHMD: - XR_KHR_opengl_enable
[2022.04.30-17.13.10:660][  0]LogHMD: - XR_KHR_vulkan_enable
[2022.04.30-17.13.10:660][  0]LogHMD: - XR_KHR_composition_layer_depth
[2022.04.30-17.13.10:660][  0]LogHMD: - XR_KHR_visibility_mask
[2022.04.30-17.13.10:660][  0]LogHMD: - XR_EXT_hand_tracking
[2022.04.30-17.13.10:660][  0]LogMagicLeap: Warning: VR disabled because ZI is not enabled.  To enable, in the editor, Edit -> Project Settings -> Plugins -> Magic Leap Plugin -> Enable Zero Iteration
[2022.04.30-17.13.10:661][  0]LogStats: UGameplayTagsManager::InitializeManager -  0.000 s
[2022.04.30-17.13.10:928][  0]LogInit: Initializing FReadOnlyCVARCache
[2022.04.30-17.13.10:928][  0]LogAudio: Display: Initializing Audio Device Manager...
[2022.04.30-17.13.10:955][  0]LogAudio: Display: Loading Default Audio Settings Objects...
[2022.04.30-17.13.10:959][  0]LogAudio: Display: No default SoundConcurrencyObject specified (or failed to load).
[2022.04.30-17.13.10:960][  0]LogAudio: Display: Audio Device Manager Initialized
[2022.04.30-17.13.10:960][  0]LogAudio: Display: Creating Audio Device:                 Id: 1, Scope: Shared, Realtime: True
[2022.04.30-17.13.10:960][  0]LogAudioMixer: Display: Audio Mixer Platform Settings:
[2022.04.30-17.13.10:960][  0]LogAudioMixer: Display: 	Sample Rate:						  48000
[2022.04.30-17.13.10:960][  0]LogAudioMixer: Display: 	Callback Buffer Frame Size Requested: 1024
[2022.04.30-17.13.10:960][  0]LogAudioMixer: Display: 	Callback Buffer Frame Size To Use:	  1024
[2022.04.30-17.13.10:960][  0]LogAudioMixer: Display: 	Number of buffers to queue:			  2
[2022.04.30-17.13.10:960][  0]LogAudioMixer: Display: 	Max Channels (voices):				  32
[2022.04.30-17.13.10:960][  0]LogAudioMixer: Display: 	Number of Async Source Workers:		  0
[2022.04.30-17.13.10:960][  0]LogAudio: Display: AudioDevice MaxSources: 32
[2022.04.30-17.13.10:960][  0]LogAudio: Display: Audio Spatialization Plugin: None (built-in).
[2022.04.30-17.13.10:960][  0]LogAudio: Display: Audio Reverb Plugin: None (built-in).
[2022.04.30-17.13.10:960][  0]LogAudio: Display: Audio Occlusion Plugin: None (built-in).
[2022.04.30-17.13.10:960][  0]LogAudioMixer: Display: Initializing audio mixer.
[2022.04.30-17.13.11:012][  0]LogAudioMixer: Display: 0: FrontLeft
[2022.04.30-17.13.11:012][  0]LogAudioMixer: Display: 1: FrontRight
[2022.04.30-17.13.11:204][  0]LogAudioMixer: Display: Using Audio Device Headphone (Realtek(R) Audio)
[2022.04.30-17.13.11:205][  0]LogAudioMixer: Display: Initializing Sound Submixes...
[2022.04.30-17.13.11:228][  0]LogAudioMixer: Display: Creating Master Submix 'MasterSubmixDefault'
[2022.04.30-17.13.11:228][  0]LogAudioMixer: Display: Creating Master Submix 'MasterReverbSubmixDefault'
[2022.04.30-17.13.11:229][  0]LogAudioMixer: Display: Creating Master Submix 'MasterEQSubmixDefault'
[2022.04.30-17.13.11:229][  0]LogAudioMixer: FMixerPlatformXAudio2::StartAudioStream() called
[2022.04.30-17.13.11:229][  0]LogAudioMixer: Display: Output buffers initialized: Frames=1024, Channels=2, Samples=2048
[2022.04.30-17.13.11:230][  0]LogAudioMixer: Display: Starting AudioMixerPlatformInterface::RunInternal()
[2022.04.30-17.13.11:230][  0]LogAudioMixer: Display: FMixerPlatformXAudio2::SubmitBuffer() called for the first time
[2022.04.30-17.13.11:230][  0]LogInit: FAudioDevice initialized.
[2022.04.30-17.13.11:233][  0]LogNetVersion: Set ProjectVersion to 1.0.0.0. Version Checksum will be recalculated on next use.
[2022.04.30-17.13.11:238][  0]LogInit: Texture streaming: Enabled
[2022.04.30-17.13.11:728][  0]LogAudio: Display: Audio Device (ID: 1) registered with world 'Untitled'.
[2022.04.30-17.13.11:729][  0]LogSlate: Updating window title bar state: overlay mode, drag disabled, window buttons hidden, title bar hidden
[2022.04.30-17.13.11:729][  0]LogInit: Display: Game Engine Initialized.
[2022.04.30-17.13.11:730][  0]LogNiagaraEditor: GEditor isn't valid! Particle reset commands will not work for Niagara components!
[2022.04.30-17.13.12:087][  0]LogInit: Display: Starting Game.
[2022.04.30-17.13.12:088][  0]LogNet: Browse: /Game/VirtualRealityBP/Maps/StartupMap?Name=Player
[2022.04.30-17.13.12:088][  0]LogLoad: LoadMap: /Game/VirtualRealityBP/Maps/StartupMap?Name=Player
[2022.04.30-17.13.12:088][  0]LogWorld: BeginTearingDown for /Temp/Untitled_0
[2022.04.30-17.13.12:090][  0]LogWorld: UWorld::CleanupWorld for Untitled, bSessionEnded=true, bCleanupResources=true
[2022.04.30-17.13.12:090][  0]LogSlate: InvalidateAllWidgets triggered.  All widgets were invalidated
[2022.04.30-17.13.12:094][  0]LogAudio: Display: Audio Device unregistered from world 'None'.
[2022.04.30-17.13.12:097][  0]LogUObjectHash: Compacting FUObjectHashTables data took   0.87ms
[2022.04.30-17.13.12:931][  0]LogAudio: Display: Audio Device (ID: 1) registered with world 'StartupMap'.
[2022.04.30-17.13.12:962][  0]LogAIModule: Creating AISystem for world StartupMap
[2022.04.30-17.13.13:127][  0]LogLoad: Game class is 'NewGameMode_C'
[2022.04.30-17.13.13:134][  0]LogScript: Warning: Accessed None trying to read property CallFunc_AddComponent_ReturnValue
	ChessBoard_C /Game/VirtualRealityBP/Maps/StartupMap.StartupMap:PersistentLevel.ChessBoard_2
	Function /Game/FromChessTutorial/ChessBoard.ChessBoard_C:SetupBoardPieces:0257
[2022.04.30-17.13.13:134][  0]LogScript: Warning: Script call stack:
	Function /Game/FromChessTutorial/ChessBoard.ChessBoard_C:UserConstructionScript
	Function /Game/FromChessTutorial/ChessBoard.ChessBoard_C:SetupBoardPieces

[2022.04.30-17.13.13:134][  0]LogScript: Warning: Accessed None trying to read property CallFunc_AddComponent_ReturnValue_1
	ChessBoard_C /Game/VirtualRealityBP/Maps/StartupMap.StartupMap:PersistentLevel.ChessBoard_2
	Function /Game/FromChessTutorial/ChessBoard.ChessBoard_C:SetupBoardPieces:02B5
[2022.04.30-17.13.13:134][  0]LogScript: Warning: Script call stack:
	Function /Game/FromChessTutorial/ChessBoard.ChessBoard_C:UserConstructionScript
	Function /Game/FromChessTutorial/ChessBoard.ChessBoard_C:SetupBoardPieces

[2022.04.30-17.13.13:134][  0]LogScript: Warning: Accessed None trying to read property CallFunc_AddComponent_ReturnValue_2
	ChessBoard_C /Game/VirtualRealityBP/Maps/StartupMap.StartupMap:PersistentLevel.ChessBoard_2
	Function /Game/FromChessTutorial/ChessBoard.ChessBoard_C:SetupBoardPieces:0313
[2022.04.30-17.13.13:134][  0]LogScript: Warning: Script call stack:
	Function /Game/FromChessTutorial/ChessBoard.ChessBoard_C:UserConstructionScript
	Function /Game/FromChessTutorial/ChessBoard.ChessBoard_C:SetupBoardPieces

[2022.04.30-17.13.13:134][  0]LogScript: Warning: Accessed None trying to read property CallFunc_AddComponent_ReturnValue_3
	ChessBoard_C /Game/VirtualRealityBP/Maps/StartupMap.StartupMap:PersistentLevel.ChessBoard_2
	Function /Game/FromChessTutorial/ChessBoard.ChessBoard_C:SetupBoardPieces:0371
[2022.04.30-17.13.13:134][  0]LogScript: Warning: Script call stack:
	Function /Game/FromChessTutorial/ChessBoard.ChessBoard_C:UserConstructionScript
	Function /Game/FromChessTutorial/ChessBoard.ChessBoard_C:SetupBoardPieces

[2022.04.30-17.13.13:134][  0]LogScript: Warning: Accessed None trying to read property CallFunc_AddComponent_ReturnValue_5
	ChessBoard_C /Game/VirtualRealityBP/Maps/StartupMap.StartupMap:PersistentLevel.ChessBoard_2
	Function /Game/FromChessTutorial/ChessBoard.ChessBoard_C:SetupBoardPieces:042D
[2022.04.30-17.13.13:134][  0]LogScript: Warning: Script call stack:
	Function /Game/FromChessTutorial/ChessBoard.ChessBoard_C:UserConstructionScript
	Function /Game/FromChessTutorial/ChessBoard.ChessBoard_C:SetupBoardPieces

[2022.04.30-17.13.13:135][  0]LogScript: Warning: Accessed None trying to read property CallFunc_AddComponent_ReturnValue
	ChessBoard_C /Game/VirtualRealityBP/Maps/StartupMap.StartupMap:PersistentLevel.ChessBoard_2
	Function /Game/FromChessTutorial/ChessBoard.ChessBoard_C:SetupBoardPieces:0257
[2022.04.30-17.13.13:135][  0]LogScript: Warning: Script call stack:
	Function /Game/FromChessTutorial/ChessBoard.ChessBoard_C:UserConstructionScript
	Function /Game/FromChessTutorial/ChessBoard.ChessBoard_C:SetupBoardPieces

[2022.04.30-17.13.13:135][  0]LogScript: Warning: Accessed None trying to read property CallFunc_AddComponent_ReturnValue_1
	ChessBoard_C /Game/VirtualRealityBP/Maps/StartupMap.StartupMap:PersistentLevel.ChessBoard_2
	Function /Game/FromChessTutorial/ChessBoard.ChessBoard_C:SetupBoardPieces:02B5
[2022.04.30-17.13.13:135][  0]LogScript: Warning: Script call stack:
	Function /Game/FromChessTutorial/ChessBoard.ChessBoard_C:UserConstructionScript
	Function /Game/FromChessTutorial/ChessBoard.ChessBoard_C:SetupBoardPieces

[2022.04.30-17.13.13:135][  0]LogScript: Warning: Accessed None trying to read property CallFunc_AddComponent_ReturnValue_2
	ChessBoard_C /Game/VirtualRealityBP/Maps/StartupMap.StartupMap:PersistentLevel.ChessBoard_2
	Function /Game/FromChessTutorial/ChessBoard.ChessBoard_C:SetupBoardPieces:0313
[2022.04.30-17.13.13:135][  0]LogScript: Warning: Script call stack:
	Function /Game/FromChessTutorial/ChessBoard.ChessBoard_C:UserConstructionScript
	Function /Game/FromChessTutorial/ChessBoard.ChessBoard_C:SetupBoardPieces

[2022.04.30-17.13.13:135][  0]LogScript: Warning: Accessed None trying to read property CallFunc_AddComponent_ReturnValue_4
	ChessBoard_C /Game/VirtualRealityBP/Maps/StartupMap.StartupMap:PersistentLevel.ChessBoard_2
	Function /Game/FromChessTutorial/ChessBoard.ChessBoard_C:SetupBoardPieces:03CF
[2022.04.30-17.13.13:135][  0]LogScript: Warning: Script call stack:
	Function /Game/FromChessTutorial/ChessBoard.ChessBoard_C:UserConstructionScript
	Function /Game/FromChessTutorial/ChessBoard.ChessBoard_C:SetupBoardPieces

[2022.04.30-17.13.13:135][  0]LogScript: Warning: Accessed None trying to read property CallFunc_AddComponent_ReturnValue_5
	ChessBoard_C /Game/VirtualRealityBP/Maps/StartupMap.StartupMap:PersistentLevel.ChessBoard_2
	Function /Game/FromChessTutorial/ChessBoard.ChessBoard_C:SetupBoardPieces:042D
[2022.04.30-17.13.13:135][  0]LogScript: Warning: Script call stack:
	Function /Game/FromChessTutorial/ChessBoard.ChessBoard_C:UserConstructionScript
	Function /Game/FromChessTutorial/ChessBoard.ChessBoard_C:SetupBoardPieces

[2022.04.30-17.13.13:135][  0]LogScript: Warning: Accessed None trying to read property CallFunc_AddComponent_ReturnValue
	ChessBoard_C /Game/VirtualRealityBP/Maps/StartupMap.StartupMap:PersistentLevel.ChessBoard_2
	Function /Game/FromChessTutorial/ChessBoard.ChessBoard_C:SetupBoardPieces:0257
[2022.04.30-17.13.13:135][  0]LogScript: Warning: Script call stack:
	Function /Game/FromChessTutorial/ChessBoard.ChessBoard_C:UserConstructionScript
	Function /Game/FromChessTutorial/ChessBoard.ChessBoard_C:SetupBoardPieces

[2022.04.30-17.13.13:135][  0]LogScript: Warning: Accessed None trying to read property CallFunc_AddComponent_ReturnValue_1
	ChessBoard_C /Game/VirtualRealityBP/Maps/StartupMap.StartupMap:PersistentLevel.ChessBoard_2
	Function /Game/FromChessTutorial/ChessBoard.ChessBoard_C:SetupBoardPieces:02B5
[2022.04.30-17.13.13:135][  0]LogScript: Warning: Script call stack:
	Function /Game/FromChessTutorial/ChessBoard.ChessBoard_C:UserConstructionScript
	Function /Game/FromChessTutorial/ChessBoard.ChessBoard_C:SetupBoardPieces

[2022.04.30-17.13.13:135][  0]LogScript: Warning: Accessed None trying to read property CallFunc_AddComponent_ReturnValue_3
	ChessBoard_C /Game/VirtualRealityBP/Maps/StartupMap.StartupMap:PersistentLevel.ChessBoard_2
	Function /Game/FromChessTutorial/ChessBoard.ChessBoard_C:SetupBoardPieces:0371
[2022.04.30-17.13.13:135][  0]LogScript: Warning: Script call stack:
	Function /Game/FromChessTutorial/ChessBoard.ChessBoard_C:UserConstructionScript
	Function /Game/FromChessTutorial/ChessBoard.ChessBoard_C:SetupBoardPieces

[2022.04.30-17.13.13:135][  0]LogScript: Warning: Accessed None trying to read property CallFunc_AddComponent_ReturnValue_4
	ChessBoard_C /Game/VirtualRealityBP/Maps/StartupMap.StartupMap:PersistentLevel.ChessBoard_2
	Function /Game/FromChessTutorial/ChessBoard.ChessBoard_C:SetupBoardPieces:03CF
[2022.04.30-17.13.13:135][  0]LogScript: Warning: Script call stack:
	Function /Game/FromChessTutorial/ChessBoard.ChessBoard_C:UserConstructionScript
	Function /Game/FromChessTutorial/ChessBoard.ChessBoard_C:SetupBoardPieces

[2022.04.30-17.13.13:135][  0]LogScript: Warning: Accessed None trying to read property CallFunc_AddComponent_ReturnValue_5
	ChessBoard_C /Game/VirtualRealityBP/Maps/StartupMap.StartupMap:PersistentLevel.ChessBoard_2
	Function /Game/FromChessTutorial/ChessBoard.ChessBoard_C:SetupBoardPieces:042D
[2022.04.30-17.13.13:135][  0]LogScript: Warning: Script call stack:
	Function /Game/FromChessTutorial/ChessBoard.ChessBoard_C:UserConstructionScript
	Function /Game/FromChessTutorial/ChessBoard.ChessBoard_C:SetupBoardPieces

[2022.04.30-17.13.13:136][  0]LogScript: Warning: Accessed None trying to read property CallFunc_AddComponent_ReturnValue_1
	ChessBoard_C /Game/VirtualRealityBP/Maps/StartupMap.StartupMap:PersistentLevel.ChessBoard_2
	Function /Game/FromChessTutorial/ChessBoard.ChessBoard_C:SetupBoardPieces:02B5
[2022.04.30-17.13.13:136][  0]LogScript: Warning: Script call stack:
	Function /Game/FromChessTutorial/ChessBoard.ChessBoard_C:UserConstructionScript
	Function /Game/FromChessTutorial/ChessBoard.ChessBoard_C:SetupBoardPieces

[2022.04.30-17.13.13:152][  0]LogWorld: Bringing World /Game/VirtualRealityBP/Maps/StartupMap.StartupMap up for play (max tick rate 0) at 2022.04.30-10.13.13
[2022.04.30-17.13.13:152][  0]LogWorld: Bringing up level for play took: 0.023429
[2022.04.30-17.13.13:153][  0]LogGameMode: FindPlayerStart: PATHS NOT DEFINED or NO PLAYERSTART with positive rating
[2022.04.30-17.13.13:154][  0]LogGameMode: Display: Match State Changed from EnteringMap to WaitingToStart
[2022.04.30-17.13.13:154][  0]LogGameState: Match State Changed from EnteringMap to WaitingToStart
[2022.04.30-17.13.13:154][  0]LogGameMode: Display: Match State Changed from WaitingToStart to InProgress
[2022.04.30-17.13.13:156][  0]LogGameState: Match State Changed from WaitingToStart to InProgress
[2022.04.30-17.13.13:157][  0]LogLoad: Took 1.067966 seconds to LoadMap(/Game/VirtualRealityBP/Maps/StartupMap)
[2022.04.30-17.13.13:220][  0]LogRenderer: Reallocating scene render targets to support 1280x720 Format 26 NumSamples 1 (Frame:1).
[2022.04.30-17.13.13:220][  0]LogSlate: Took 0.005343 seconds to synchronously load lazily loaded font '../../../Engine/Content/Slate/Fonts/Roboto-Regular.ttf' (155K)
[2022.04.30-17.13.13:333][  0]LogInit: Display: Engine is initialized. Leaving FEngineLoop::Init()
[2022.04.30-17.13.13:334][  0]LogLoad: (Engine Initialization) Total time: 19.44 seconds
[2022.04.30-17.13.13:334][  0]LogLoad: (Engine Initialization) Total Blueprint compile time: 0.00 seconds
[2022.04.30-17.13.13:337][  0]LogContentStreaming: Texture pool size now 1000 MB
[2022.04.30-17.13.13:341][  0]LogSlate: InvalidateAllWidgets triggered.  All widgets were invalidated
[2022.04.30-17.13.13:535][  1]LogSlate: Took 0.000297 seconds to synchronously load lazily loaded font '../../../Engine/Content/Slate/Fonts/Roboto-Regular.ttf' (155K)
