Log file open, 04/30/22 10:15:33
LogWindows: Failed to load 'aqProf.dll' (GetLastError=126)
LogWindows: File 'aqProf.dll' does not exist
LogWindows: Failed to load 'VtuneApi.dll' (GetLastError=126)
LogWindows: File 'VtuneApi.dll' does not exist
LogWindows: Failed to load 'VtuneApi32e.dll' (GetLastError=126)
LogWindows: File 'VtuneApi32e.dll' does not exist
LogConsoleResponse: Display: Failed to find resolution value strings in scalability ini. Falling back to default.
LogConsoleResponse: Display: Failed to find resolution value strings in scalability ini. Falling back to default.
LogInit: Display: Running engine for game: VRChess
LogPlatformFile: Not using cached read wrapper
LogTaskGraph: Started task graph with 5 named threads and 35 total threads with 3 sets of task threads.
LogStats: Stats thread started at 0.248240
LogICUInternationalization: ICU TimeZone Detection - Raw Offset: -8:00, Platform Override: ''
LogInit: Display: Loading text-based GConfig....
LogPluginManager: Mounting plugin MeshPainting
LogPluginManager: Mounting plugin XGEController
LogPluginManager: Mounting plugin Paper2D
LogPluginManager: Mounting plugin LightPropagationVolume
LogPluginManager: Mounting plugin AISupport
LogPluginManager: Mounting plugin EnvironmentQueryEditor
LogPluginManager: Mounting plugin LiveLink
LogPluginManager: Mounting plugin CameraShakePreviewer
LogPluginManager: Mounting plugin GameplayCameras
LogPluginManager: Mounting plugin DatasmithContent
LogPluginManager: Mounting plugin AssetManagerEditor
LogPluginManager: Mounting plugin CryptoKeys
LogPluginManager: Mounting plugin VariantManagerContent
LogPluginManager: Mounting plugin CurveEditorTools
LogPluginManager: Mounting plugin FacialAnimation
LogPluginManager: Mounting plugin DataValidation
LogPluginManager: Mounting plugin MacGraphicsSwitching
LogPluginManager: Mounting plugin MaterialAnalyzer
LogPluginManager: Mounting plugin GameplayTagsEditor
LogPluginManager: Mounting plugin GeometryMode
LogPluginManager: Mounting plugin MobileLauncherProfileWizard
LogPluginManager: Mounting plugin PluginBrowser
LogPluginManager: Mounting plugin SpeedTreeImporter
LogPluginManager: Mounting plugin LuminPlatformFeatures
LogPluginManager: Mounting plugin MagicLeap
LogPluginManager: Mounting plugin MagicLeapMedia
LogPluginManager: Mounting plugin MagicLeapLightEstimation
LogPluginManager: Mounting plugin MagicLeapPassableWorld
LogPluginManager: Mounting plugin MLSDK
LogPluginManager: Mounting plugin AnimationSharing
LogPluginManager: Mounting plugin CodeLiteSourceCodeAccess
LogPluginManager: Mounting plugin CLionSourceCodeAccess
LogPluginManager: Mounting plugin GitSourceControl
LogPluginManager: Mounting plugin NullSourceCodeAccess
LogPluginManager: Mounting plugin PerforceSourceControl
LogPluginManager: Mounting plugin PixWinPlugin
LogPluginManager: Mounting plugin KDevelopSourceCodeAccess
LogPluginManager: Mounting plugin PropertyAccessNode
LogPluginManager: Mounting plugin PluginUtils
LogPluginManager: Mounting plugin PlasticSourceControl
LogPluginManager: Mounting plugin RiderSourceCodeAccess
LogPluginManager: Mounting plugin SubversionSourceControl
LogPluginManager: Mounting plugin TextureFormatOodle
LogPluginManager: Mounting plugin UObjectPlugin
LogPluginManager: Mounting plugin VisualStudioCodeSourceCodeAccess
LogPluginManager: Mounting plugin XCodeSourceCodeAccess
LogPluginManager: Mounting plugin VisualStudioSourceCodeAccess
LogPluginManager: Mounting plugin Niagara
LogPluginManager: Mounting plugin AlembicImporter
LogPluginManager: Mounting plugin BackChannel
LogPluginManager: Mounting plugin AutomationUtils
LogPluginManager: Mounting plugin ChaosCloth
LogPluginManager: Mounting plugin ChaosClothEditor
LogPluginManager: Mounting plugin ChaosEditor
LogPluginManager: Mounting plugin ChaosNiagara
LogPluginManager: Mounting plugin ChaosSolverPlugin
LogPluginManager: Mounting plugin CharacterAI
LogPluginManager: Mounting plugin AndroidMedia
LogPluginManager: Mounting plugin AvfMedia
LogPluginManager: Mounting plugin ImgMedia
LogPluginManager: Mounting plugin MediaCompositing
LogPluginManager: Mounting plugin MediaPlayerEditor
LogPluginManager: Mounting plugin ActorSequence
LogPluginManager: Mounting plugin WebMMedia
LogPluginManager: Mounting plugin WmfMedia
LogPluginManager: Mounting plugin LevelSequenceEditor
LogPluginManager: Mounting plugin MatineeToLevelSequence
LogPluginManager: Mounting plugin TemplateSequence
LogPluginManager: Mounting plugin GeometryCache
LogPluginManager: Mounting plugin GeometryCollectionPlugin
LogPluginManager: Mounting plugin GeometryProcessing
LogPluginManager: Mounting plugin TcpMessaging
LogPluginManager: Mounting plugin UdpMessaging
LogPluginManager: Mounting plugin MotoSynth
LogPluginManager: Mounting plugin OpenImageDenoise
LogPluginManager: Mounting plugin PlanarCut
LogPluginManager: Mounting plugin PlatformCrypto
LogPluginManager: Mounting plugin ProxyLODPlugin
LogPluginManager: Mounting plugin PythonScriptPlugin
LogPluginManager: Mounting plugin SkeletalReduction
LogPluginManager: Mounting plugin OnlineSubsystem
LogPluginManager: Mounting plugin OnlineSubsystemNull
LogPluginManager: Mounting plugin OnlineSubsystemUtils
LogPluginManager: Mounting plugin LauncherChunkInstaller
LogPluginManager: Mounting plugin ActorLayerUtilities
LogPluginManager: Mounting plugin AndroidMoviePlayer
LogPluginManager: Mounting plugin AndroidDeviceProfileSelector
LogPluginManager: Mounting plugin AndroidPermission
LogPluginManager: Mounting plugin AppleMoviePlayer
LogPluginManager: Mounting plugin AppleImageUtils
LogPluginManager: Mounting plugin ArchVisCharacter
LogPluginManager: Mounting plugin AssetTags
LogPluginManager: Mounting plugin AudioCapture
LogPluginManager: Mounting plugin AudioSynesthesia
LogPluginManager: Mounting plugin CableComponent
LogPluginManager: Mounting plugin ChunkDownloader
LogPluginManager: Mounting plugin CustomMeshComponent
LogPluginManager: Mounting plugin EditableMesh
LogPluginManager: Mounting plugin ExampleDeviceProfileSelector
LogPluginManager: Mounting plugin ScreenshotTools
LogPluginManager: Mounting plugin GoogleCloudMessaging
LogPluginManager: Mounting plugin GooglePAD
LogPluginManager: Mounting plugin IOSDeviceProfileSelector
LogPluginManager: Mounting plugin LocationServicesBPLibrary
LogPluginManager: Mounting plugin LinuxDeviceProfileSelector
LogPluginManager: Mounting plugin MobilePatchingUtils
LogPluginManager: Mounting plugin OpenXREyeTracker
LogPluginManager: Mounting plugin OpenXR
LogPluginManager: Mounting plugin OpenXRHandTracking
LogPluginManager: Mounting plugin PhysXVehicles
LogPluginManager: Mounting plugin PostSplashScreen
LogPluginManager: Mounting plugin ProceduralMeshComponent
LogPluginManager: Mounting plugin PropertyAccessEditor
LogPluginManager: Mounting plugin RuntimePhysXCooking
LogPluginManager: Mounting plugin SignificanceManager
LogPluginManager: Mounting plugin Takes
LogPluginManager: Mounting plugin SoundFields
LogPluginManager: Mounting plugin Synthesis
LogPluginManager: Mounting plugin WebMMoviePlayer
LogPluginManager: Mounting plugin WindowsMoviePlayer
LogPluginManager: Mounting plugin OodleData
LogPluginManager: Mounting plugin OodleNetwork
LogPluginManager: Mounting plugin ContentBrowserClassDataSource
LogPluginManager: Mounting plugin ContentBrowserAssetDataSource
LogPluginManager: Mounting plugin ContentBrowserFileDataSource
LogPluginManager: Mounting plugin OnlineSubsystemGooglePlay
LogPluginManager: Mounting plugin OnlineSubsystemIOS
LogPluginManager: Mounting plugin SteamVR
LogPluginManager: Mounting plugin OculusVR
PixWinPlugin: PIX capture plugin failed to initialize! Check that the process is launched from PIX.
LogInit: Using libcurl 7.55.1-DEV
LogInit:  - built for x86_64-pc-win32
LogInit:  - supports SSL with OpenSSL/1.1.1
LogInit:  - supports HTTP deflate (compression) using libz 1.2.8
LogInit:  - other features:
LogInit:      CURL_VERSION_SSL
LogInit:      CURL_VERSION_LIBZ
LogInit:      CURL_VERSION_IPV6
LogInit:      CURL_VERSION_ASYNCHDNS
LogInit:      CURL_VERSION_LARGEFILE
LogInit:      CURL_VERSION_IDN
LogInit:  CurlRequestOptions (configurable via config and command line):
LogInit:  - bVerifyPeer = true  - Libcurl will verify peer certificate
LogInit:  - bUseHttpProxy = false  - Libcurl will NOT use HTTP proxy
LogInit:  - bDontReuseConnections = false  - Libcurl will reuse connections
LogInit:  - MaxHostConnections = 16  - Libcurl will limit the number of connections to a host
LogInit:  - LocalHostAddr = Default
LogInit:  - BufferSize = 65536
LogOnline: OSS: Creating online subsystem instance for: NULL
LogInit: WinSock: version 1.1 (2.2), MaxSocks=32767, MaxUdp=65467
LogOnline: OSS: TryLoadSubsystemAndSetDefault: Loaded subsystem for module [NULL]
LogOculusPluginWrapper: OculusPlugin initialized successfully
LogHMD: Failed initializing OVRPlugin 1.59.0
LogInit: Build: ++UE4+Release-4.27-CL-18319896
LogInit: Engine Version: 4.27.2-18319896+++UE4+Release-4.27
LogInit: Compatible Engine Version: 4.27.0-17155196+++UE4+Release-4.27
LogInit: Net CL: 17155196
LogInit: OS: Windows 10 (Release 2009) (), CPU: Intel(R) Core(TM) i7-10750H CPU @ 2.60GHz, GPU: NVIDIA GeForce RTX 2070 Super with Max-Q Design
LogInit: Compiled (64-bit): Nov 30 2021 07:12:08
LogInit: Compiled with Visual C++: 19.24.28315.00
LogInit: Build Configuration: Development
LogInit: Branch Name: ++UE4+Release-4.27
LogInit: Command Line:  /Game/VirtualRealityBP/Maps/StartupMap -game -PIEVIACONSOLE -Multiprocess GameUserSettingsINI=D:/Courses/CS684VirtualReality/VRChess/VRChess/Saved/Config/Windows/PIEGameUserSettings0.ini -MultiprocessSaveConfig -forcepassthrough -messaging -SessionName="Play in Standalone Game" -windowed -ResX=1280 -ResY=720
LogInit: Base Directory: C:/Program Files/Epic Games/UE_4.27/Engine/Binaries/Win64/
LogInit: Allocator: TBB
LogInit: Installed Engine Build: 1
LogDevObjectVersion: Number of dev versions registered: 29
LogDevObjectVersion:   Dev-Blueprints (B0D832E4-1F89-4F0D-ACCF-7EB736FD4AA2): 10
LogDevObjectVersion:   Dev-Build (E1C64328-A22C-4D53-A36C-8E866417BD8C): 0
LogDevObjectVersion:   Dev-Core (375EC13C-06E4-48FB-B500-84F0262A717E): 4
LogDevObjectVersion:   Dev-Editor (E4B068ED-F494-42E9-A231-DA0B2E46BB41): 40
LogDevObjectVersion:   Dev-Framework (CFFC743F-43B0-4480-9391-14DF171D2073): 37
LogDevObjectVersion:   Dev-Mobile (B02B49B5-BB20-44E9-A304-32B752E40360): 3
LogDevObjectVersion:   Dev-Networking (A4E4105C-59A1-49B5-A7C5-40C4547EDFEE): 0
LogDevObjectVersion:   Dev-Online (39C831C9-5AE6-47DC-9A44-9C173E1C8E7C): 0
LogDevObjectVersion:   Dev-Physics (78F01B33-EBEA-4F98-B9B4-84EACCB95AA2): 14
LogDevObjectVersion:   Dev-Platform (6631380F-2D4D-43E0-8009-CF276956A95A): 0
LogDevObjectVersion:   Dev-Rendering (12F88B9F-8875-4AFC-A67C-D90C383ABD29): 45
LogDevObjectVersion:   Dev-Sequencer (7B5AE74C-D270-4C10-A958-57980B212A5A): 13
LogDevObjectVersion:   Dev-VR (D7296918-1DD6-4BDD-9DE2-64A83CC13884): 3
LogDevObjectVersion:   Dev-LoadTimes (C2A15278-BFE7-4AFE-6C17-90FF531DF755): 1
LogDevObjectVersion:   Private-Geometry (6EACA3D4-40EC-4CC1-B786-8BED09428FC5): 3
LogDevObjectVersion:   Dev-AnimPhys (29E575DD-E0A3-4627-9D10-D276232CDCEA): 17
LogDevObjectVersion:   Dev-Anim (AF43A65D-7FD3-4947-9873-3E8ED9C1BB05): 15
LogDevObjectVersion:   Dev-ReflectionCapture (6B266CEC-1EC7-4B8F-A30B-E4D90942FC07): 1
LogDevObjectVersion:   Dev-Automation (0DF73D61-A23F-47EA-B727-89E90C41499A): 1
LogDevObjectVersion:   FortniteMain (601D1886-AC64-4F84-AA16-D3DE0DEAC7D6): 47
LogDevObjectVersion:   FortniteRelease (E7086368-6B23-4C58-8439-1B7016265E91): 1
LogDevObjectVersion:   Dev-Enterprise (9DFFBCD6-494F-0158-E221-12823C92A888): 10
LogDevObjectVersion:   Dev-Niagara (F2AED0AC-9AFE-416F-8664-AA7FFA26D6FC): 1
LogDevObjectVersion:   Dev-Destruction (174F1F0B-B4C6-45A5-B13F-2EE8D0FB917D): 10
LogDevObjectVersion:   Dev-Physics-Ext (35F94A83-E258-406C-A318-09F59610247C): 41
LogDevObjectVersion:   Dev-PhysicsMaterial-Chaos (B68FC16E-8B1B-42E2-B453-215C058844FE): 1
LogDevObjectVersion:   Dev-CineCamera (B2E18506-4273-CFC2-A54E-F4BB758BBA07): 1
LogDevObjectVersion:   Dev-VirtualProduction (64F58936-FD1B-42BA-BA96-7289D5D0FA4E): 1
LogDevObjectVersion:   Dev-MediaFramework (6F0ED827-A609-4895-9C91-998D90180EA4): 2
LogInit: Presizing for max 25165824 objects, including 0 objects not considered by GC, pre-allocating 0 bytes for permanent pool.
LogConfig: Applying CVar settings from Section [/Script/Engine.StreamingSettings] File [D:/Courses/CS684VirtualReality/VRChess/VRChess/Saved/Config/Windows/Engine.ini]
LogConfig: Setting CVar [[s.MinBulkDataSizeForAsyncLoading:131072]]
LogConfig: Setting CVar [[s.AsyncLoadingThreadEnabled:0]]
LogConfig: Setting CVar [[s.EventDrivenLoaderEnabled:1]]
LogConfig: Setting CVar [[s.WarnIfTimeLimitExceeded:0]]
LogConfig: Setting CVar [[s.TimeLimitExceededMultiplier:1.5]]
LogConfig: Setting CVar [[s.TimeLimitExceededMinTime:0.005]]
LogConfig: Setting CVar [[s.UseBackgroundLevelStreaming:1]]
LogConfig: Setting CVar [[s.PriorityAsyncLoadingExtraTime:15.0]]
LogConfig: Setting CVar [[s.LevelStreamingActorsUpdateTimeLimit:5.0]]
LogConfig: Setting CVar [[s.PriorityLevelStreamingActorsUpdateExtraTime:5.0]]
LogConfig: Setting CVar [[s.LevelStreamingComponentsRegistrationGranularity:10]]
LogConfig: Setting CVar [[s.UnregisterComponentsTimeLimit:1.0]]
LogConfig: Setting CVar [[s.LevelStreamingComponentsUnregistrationGranularity:5]]
LogConfig: Setting CVar [[s.FlushStreamingOnExit:1]]
LogInit: Object subsystem initialized
LogConfig: Setting CVar [[con.DebugEarlyDefault:1]]
LogConfig: Setting CVar [[r.setres:1280x720]]
[2022.04.30-17.15.34:030][  0]LogConfig: Setting CVar [[con.DebugEarlyDefault:1]]
[2022.04.30-17.15.34:030][  0]LogConfig: Setting CVar [[r.setres:1280x720]]
[2022.04.30-17.15.34:030][  0]LogConfig: Applying CVar settings from Section [/Script/Engine.RendererSettings] File [D:/Courses/CS684VirtualReality/VRChess/VRChess/Saved/Config/Windows/Engine.ini]
[2022.04.30-17.15.34:030][  0]LogConfig: Setting CVar [[r.GPUCrashDebugging:0]]
[2022.04.30-17.15.34:030][  0]LogConfig: Setting CVar [[r.DefaultFeature.AmbientOcclusion:0]]
[2022.04.30-17.15.34:030][  0]LogConfig: Setting CVar [[r.DefaultFeature.AmbientOcclusionStaticFraction:0]]
[2022.04.30-17.15.34:030][  0]LogConfig: Setting CVar [[vr.InstancedStereo:1]]
[2022.04.30-17.15.34:030][  0]LogConfig: Setting CVar [[r.SeparateTranslucency:0]]
[2022.04.30-17.15.34:030][  0]LogConfig: Setting CVar [[r.HZBOcclusion:0]]
[2022.04.30-17.15.34:030][  0]LogConfig: Setting CVar [[r.SSR.MaxRoughness:0]]
[2022.04.30-17.15.34:030][  0]LogConfig: Setting CVar [[r.rhicmdbypass:0]]
[2022.04.30-17.15.34:030][  0]LogConfig: Applying CVar settings from Section [/Script/Engine.RendererOverrideSettings] File [D:/Courses/CS684VirtualReality/VRChess/VRChess/Saved/Config/Windows/Engine.ini]
[2022.04.30-17.15.34:030][  0]LogConfig: Applying CVar settings from Section [/Script/Engine.StreamingSettings] File [D:/Courses/CS684VirtualReality/VRChess/VRChess/Saved/Config/Windows/Engine.ini]
[2022.04.30-17.15.34:030][  0]LogConfig: Setting CVar [[s.MinBulkDataSizeForAsyncLoading:131072]]
[2022.04.30-17.15.34:030][  0]LogConfig: Setting CVar [[s.AsyncLoadingThreadEnabled:0]]
[2022.04.30-17.15.34:030][  0]LogConfig: Setting CVar [[s.EventDrivenLoaderEnabled:1]]
[2022.04.30-17.15.34:030][  0]LogConfig: Setting CVar [[s.WarnIfTimeLimitExceeded:0]]
[2022.04.30-17.15.34:030][  0]LogConfig: Setting CVar [[s.TimeLimitExceededMultiplier:1.5]]
[2022.04.30-17.15.34:030][  0]LogConfig: Setting CVar [[s.TimeLimitExceededMinTime:0.005]]
[2022.04.30-17.15.34:030][  0]LogConfig: Setting CVar [[s.UseBackgroundLevelStreaming:1]]
[2022.04.30-17.15.34:030][  0]LogConfig: Setting CVar [[s.PriorityAsyncLoadingExtraTime:15.0]]
[2022.04.30-17.15.34:031][  0]LogConfig: Setting CVar [[s.LevelStreamingActorsUpdateTimeLimit:5.0]]
[2022.04.30-17.15.34:031][  0]LogConfig: Setting CVar [[s.PriorityLevelStreamingActorsUpdateExtraTime:5.0]]
[2022.04.30-17.15.34:031][  0]LogConfig: Setting CVar [[s.LevelStreamingComponentsRegistrationGranularity:10]]
[2022.04.30-17.15.34:031][  0]LogConfig: Setting CVar [[s.UnregisterComponentsTimeLimit:1.0]]
[2022.04.30-17.15.34:031][  0]LogConfig: Setting CVar [[s.LevelStreamingComponentsUnregistrationGranularity:5]]
[2022.04.30-17.15.34:031][  0]LogConfig: Setting CVar [[s.FlushStreamingOnExit:1]]
[2022.04.30-17.15.34:031][  0]LogConfig: Applying CVar settings from Section [/Script/Engine.GarbageCollectionSettings] File [D:/Courses/CS684VirtualReality/VRChess/VRChess/Saved/Config/Windows/Engine.ini]
[2022.04.30-17.15.34:031][  0]LogConfig: Setting CVar [[gc.MaxObjectsNotConsideredByGC:1]]
[2022.04.30-17.15.34:031][  0]LogConfig: Setting CVar [[gc.SizeOfPermanentObjectPool:0]]
[2022.04.30-17.15.34:031][  0]LogConfig: Setting CVar [[gc.FlushStreamingOnGC:0]]
[2022.04.30-17.15.34:031][  0]LogConfig: Setting CVar [[gc.NumRetriesBeforeForcingGC:10]]
[2022.04.30-17.15.34:031][  0]LogConfig: Setting CVar [[gc.AllowParallelGC:1]]
[2022.04.30-17.15.34:031][  0]LogConfig: Setting CVar [[gc.TimeBetweenPurgingPendingKillObjects:61.1]]
[2022.04.30-17.15.34:031][  0]LogConfig: Setting CVar [[gc.MaxObjectsInEditor:25165824]]
[2022.04.30-17.15.34:031][  0]LogConfig: Setting CVar [[gc.IncrementalBeginDestroyEnabled:1]]
[2022.04.30-17.15.34:031][  0]LogConfig: Setting CVar [[gc.CreateGCClusters:1]]
[2022.04.30-17.15.34:031][  0]LogConfig: Setting CVar [[gc.MinGCClusterSize:5]]
[2022.04.30-17.15.34:031][  0]LogConfig: Setting CVar [[gc.ActorClusteringEnabled:0]]
[2022.04.30-17.15.34:031][  0]LogConfig: Setting CVar [[gc.BlueprintClusteringEnabled:0]]
[2022.04.30-17.15.34:031][  0]LogConfig: Setting CVar [[gc.UseDisregardForGCOnDedicatedServers:0]]
[2022.04.30-17.15.34:031][  0]LogConfig: Setting CVar [[gc.MultithreadedDestructionEnabled:1]]
[2022.04.30-17.15.34:031][  0]LogConfig: Applying CVar settings from Section [/Script/Engine.NetworkSettings] File [D:/Courses/CS684VirtualReality/VRChess/VRChess/Saved/Config/Windows/Engine.ini]
[2022.04.30-17.15.34:031][  0]LogConfig: Applying CVar settings from Section [/Script/UnrealEd.CookerSettings] File [D:/Courses/CS684VirtualReality/VRChess/VRChess/Saved/Config/Windows/Engine.ini]
[2022.04.30-17.15.34:041][  0]LogConfig: Applying CVar settings from Section [ViewDistanceQuality@3] File [D:/Courses/CS684VirtualReality/VRChess/VRChess/Saved/Config/Windows/Scalability.ini]
[2022.04.30-17.15.34:041][  0]LogConfig: Setting CVar [[r.SkeletalMeshLODBias:0]]
[2022.04.30-17.15.34:041][  0]LogConfig: Setting CVar [[r.ViewDistanceScale:1.0]]
[2022.04.30-17.15.34:041][  0]LogConfig: Applying CVar settings from Section [AntiAliasingQuality@3] File [D:/Courses/CS684VirtualReality/VRChess/VRChess/Saved/Config/Windows/Scalability.ini]
[2022.04.30-17.15.34:041][  0]LogConfig: Setting CVar [[r.PostProcessAAQuality:3]]
[2022.04.30-17.15.34:041][  0]LogConfig: Applying CVar settings from Section [ShadowQuality@3] File [D:/Courses/CS684VirtualReality/VRChess/VRChess/Saved/Config/Windows/Scalability.ini]
[2022.04.30-17.15.34:041][  0]LogConfig: Setting CVar [[r.LightFunctionQuality:1]]
[2022.04.30-17.15.34:041][  0]LogConfig: Setting CVar [[r.ShadowQuality:5]]
[2022.04.30-17.15.34:041][  0]LogConfig: Setting CVar [[r.Shadow.CSM.MaxCascades:10]]
[2022.04.30-17.15.34:041][  0]LogConfig: Setting CVar [[r.Shadow.MaxResolution:2048]]
[2022.04.30-17.15.34:041][  0]LogConfig: Setting CVar [[r.Shadow.MaxCSMResolution:2048]]
[2022.04.30-17.15.34:041][  0]LogConfig: Setting CVar [[r.Shadow.RadiusThreshold:0.01]]
[2022.04.30-17.15.34:041][  0]LogConfig: Setting CVar [[r.Shadow.DistanceScale:1.0]]
[2022.04.30-17.15.34:041][  0]LogConfig: Setting CVar [[r.Shadow.CSM.TransitionScale:1.0]]
[2022.04.30-17.15.34:041][  0]LogConfig: Setting CVar [[r.Shadow.PreShadowResolutionFactor:1.0]]
[2022.04.30-17.15.34:041][  0]LogConfig: Setting CVar [[r.DistanceFieldShadowing:1]]
[2022.04.30-17.15.34:041][  0]LogConfig: Setting CVar [[r.DistanceFieldAO:1]]
[2022.04.30-17.15.34:041][  0]LogConfig: Setting CVar [[r.AOQuality:2]]
[2022.04.30-17.15.34:042][  0]LogConfig: Setting CVar [[r.VolumetricFog:1]]
[2022.04.30-17.15.34:042][  0]LogConfig: Setting CVar [[r.VolumetricFog.GridPixelSize:8]]
[2022.04.30-17.15.34:042][  0]LogConfig: Setting CVar [[r.VolumetricFog.GridSizeZ:128]]
[2022.04.30-17.15.34:042][  0]LogConfig: Setting CVar [[r.VolumetricFog.HistoryMissSupersampleCount:4]]
[2022.04.30-17.15.34:042][  0]LogConfig: Setting CVar [[r.LightMaxDrawDistanceScale:1]]
[2022.04.30-17.15.34:042][  0]LogConfig: Setting CVar [[r.CapsuleShadows:1]]
[2022.04.30-17.15.34:042][  0]LogConfig: Applying CVar settings from Section [PostProcessQuality@3] File [D:/Courses/CS684VirtualReality/VRChess/VRChess/Saved/Config/Windows/Scalability.ini]
[2022.04.30-17.15.34:042][  0]LogConfig: Setting CVar [[r.MotionBlurQuality:0]]
[2022.04.30-17.15.34:042][  0]LogConfig: Setting CVar [[r.AmbientOcclusionMipLevelFactor:0.4]]
[2022.04.30-17.15.34:042][  0]LogConfig: Setting CVar [[r.AmbientOcclusionMaxQuality:100]]
[2022.04.30-17.15.34:042][  0]LogConfig: Setting CVar [[r.AmbientOcclusionLevels:0]]
[2022.04.30-17.15.34:042][  0]LogConfig: Setting CVar [[r.AmbientOcclusionRadiusScale:1.0]]
[2022.04.30-17.15.34:042][  0]LogConfig: Setting CVar [[r.DepthOfFieldQuality:0]]
[2022.04.30-17.15.34:042][  0]LogConfig: Setting CVar [[r.RenderTargetPoolMin:400]]
[2022.04.30-17.15.34:042][  0]LogConfig: Setting CVar [[r.LensFlareQuality:0]]
[2022.04.30-17.15.34:042][  0]LogConfig: Setting CVar [[r.SceneColorFringeQuality:0]]
[2022.04.30-17.15.34:042][  0]LogConfig: Setting CVar [[r.EyeAdaptationQuality:2]]
[2022.04.30-17.15.34:042][  0]LogConfig: Setting CVar [[r.BloomQuality:1]]
[2022.04.30-17.15.34:042][  0]LogConfig: Setting CVar [[r.FastBlurThreshold:0]]
[2022.04.30-17.15.34:042][  0]LogConfig: Setting CVar [[r.Upscale.Quality:3]]
[2022.04.30-17.15.34:042][  0]LogConfig: Setting CVar [[r.Tonemapper.GrainQuantization:1]]
[2022.04.30-17.15.34:042][  0]LogConfig: Setting CVar [[r.LightShaftQuality:1]]
[2022.04.30-17.15.34:042][  0]LogConfig: Setting CVar [[r.Filter.SizeScale:1]]
[2022.04.30-17.15.34:042][  0]LogConfig: Setting CVar [[r.Tonemapper.Quality:5]]
[2022.04.30-17.15.34:042][  0]LogConfig: Setting CVar [[r.DOF.Gather.AccumulatorQuality:1        ; higher gathering accumulator quality]]
[2022.04.30-17.15.34:042][  0]LogConfig: Setting CVar [[r.DOF.Gather.PostfilterMethod:1          ; Median3x3 postfilering method]]
[2022.04.30-17.15.34:042][  0]LogConfig: Setting CVar [[r.DOF.Gather.EnableBokehSettings:0       ; no bokeh simulation when gathering]]
[2022.04.30-17.15.34:042][  0]LogConfig: Setting CVar [[r.DOF.Gather.RingCount:4                 ; medium number of samples when gathering]]
[2022.04.30-17.15.34:042][  0]LogConfig: Setting CVar [[r.DOF.Scatter.ForegroundCompositing:1    ; additive foreground scattering]]
[2022.04.30-17.15.34:042][  0]LogConfig: Setting CVar [[r.DOF.Scatter.BackgroundCompositing:2    ; additive background scattering]]
[2022.04.30-17.15.34:042][  0]LogConfig: Setting CVar [[r.DOF.Scatter.EnableBokehSettings:1      ; bokeh simulation when scattering]]
[2022.04.30-17.15.34:042][  0]LogConfig: Setting CVar [[r.DOF.Scatter.MaxSpriteRatio:0.1         ; only a maximum of 10% of scattered bokeh]]
[2022.04.30-17.15.34:042][  0]LogConfig: Setting CVar [[r.DOF.Recombine.Quality:1                ; cheap slight out of focus]]
[2022.04.30-17.15.34:042][  0]LogConfig: Setting CVar [[r.DOF.Recombine.EnableBokehSettings:0    ; no bokeh simulation on slight out of focus]]
[2022.04.30-17.15.34:042][  0]LogConfig: Setting CVar [[r.DOF.TemporalAAQuality:1                ; more stable temporal accumulation]]
[2022.04.30-17.15.34:042][  0]LogConfig: Setting CVar [[r.DOF.Kernel.MaxForegroundRadius:0.025]]
[2022.04.30-17.15.34:042][  0]LogConfig: Setting CVar [[r.DOF.Kernel.MaxBackgroundRadius:0.025]]
[2022.04.30-17.15.34:042][  0]LogConfig: Applying CVar settings from Section [TextureQuality@3] File [D:/Courses/CS684VirtualReality/VRChess/VRChess/Saved/Config/Windows/Scalability.ini]
[2022.04.30-17.15.34:042][  0]LogConfig: Setting CVar [[r.Streaming.MipBias:0]]
[2022.04.30-17.15.34:042][  0]LogConfig: Setting CVar [[r.Streaming.AmortizeCPUToGPUCopy:0]]
[2022.04.30-17.15.34:042][  0]LogConfig: Setting CVar [[r.Streaming.MaxNumTexturesToStreamPerFrame:0]]
[2022.04.30-17.15.34:042][  0]LogConfig: Setting CVar [[r.Streaming.Boost:1]]
[2022.04.30-17.15.34:042][  0]LogConfig: Setting CVar [[r.MaxAnisotropy:8]]
[2022.04.30-17.15.34:042][  0]LogConfig: Setting CVar [[r.VT.MaxAnisotropy:8]]
[2022.04.30-17.15.34:042][  0]LogConfig: Setting CVar [[r.Streaming.LimitPoolSizeToVRAM:0]]
[2022.04.30-17.15.34:042][  0]LogConfig: Setting CVar [[r.Streaming.PoolSize:1000]]
[2022.04.30-17.15.34:042][  0]LogConfig: Setting CVar [[r.Streaming.MaxEffectiveScreenSize:0]]
[2022.04.30-17.15.34:042][  0]LogConfig: Applying CVar settings from Section [EffectsQuality@3] File [D:/Courses/CS684VirtualReality/VRChess/VRChess/Saved/Config/Windows/Scalability.ini]
[2022.04.30-17.15.34:042][  0]LogConfig: Setting CVar [[r.TranslucencyLightingVolumeDim:4]]
[2022.04.30-17.15.34:042][  0]LogConfig: Setting CVar [[r.RefractionQuality:2]]
[2022.04.30-17.15.34:042][  0]LogConfig: Setting CVar [[r.SSR.Quality:0]]
[2022.04.30-17.15.34:042][  0]LogConfig: Setting CVar [[r.SSR.HalfResSceneColor:0]]
[2022.04.30-17.15.34:042][  0]LogConfig: Setting CVar [[r.SceneColorFormat:2]]
[2022.04.30-17.15.34:042][  0]LogConfig: Setting CVar [[r.DetailMode:2]]
[2022.04.30-17.15.34:042][  0]LogConfig: Setting CVar [[r.TranslucencyVolumeBlur:0]]
[2022.04.30-17.15.34:042][  0]LogConfig: Setting CVar [[r.MaterialQualityLevel:1 ; High quality]]
[2022.04.30-17.15.34:042][  0]LogConfig: Setting CVar [[r.AnisotropicMaterials:1]]
[2022.04.30-17.15.34:042][  0]LogConfig: Setting CVar [[r.SSS.Scale:1]]
[2022.04.30-17.15.34:042][  0]LogConfig: Setting CVar [[r.SSS.SampleSet:2]]
[2022.04.30-17.15.34:043][  0]LogConfig: Setting CVar [[r.SSS.Quality:1]]
[2022.04.30-17.15.34:043][  0]LogConfig: Setting CVar [[r.SSS.HalfRes:0]]
[2022.04.30-17.15.34:043][  0]LogConfig: Setting CVar [[r.SSGI.Quality:3]]
[2022.04.30-17.15.34:043][  0]LogConfig: Setting CVar [[r.EmitterSpawnRateScale:1.0]]
[2022.04.30-17.15.34:043][  0]LogConfig: Setting CVar [[r.ParticleLightQuality:2]]
[2022.04.30-17.15.34:043][  0]LogConfig: Setting CVar [[r.SkyAtmosphere.AerialPerspectiveLUT.FastApplyOnOpaque:1 ; Always have FastSkyLUT 1 in this case to avoid wrong sky]]
[2022.04.30-17.15.34:043][  0]LogConfig: Setting CVar [[r.SkyAtmosphere.AerialPerspectiveLUT.SampleCountMaxPerSlice:4]]
[2022.04.30-17.15.34:043][  0]LogConfig: Setting CVar [[r.SkyAtmosphere.AerialPerspectiveLUT.DepthResolution:16.0]]
[2022.04.30-17.15.34:043][  0]LogConfig: Setting CVar [[r.SkyAtmosphere.FastSkyLUT:1]]
[2022.04.30-17.15.34:043][  0]LogConfig: Setting CVar [[r.SkyAtmosphere.FastSkyLUT.SampleCountMin:4.0]]
[2022.04.30-17.15.34:043][  0]LogConfig: Setting CVar [[r.SkyAtmosphere.FastSkyLUT.SampleCountMax:128.0]]
[2022.04.30-17.15.34:043][  0]LogConfig: Setting CVar [[r.SkyAtmosphere.SampleCountMin:4.0]]
[2022.04.30-17.15.34:043][  0]LogConfig: Setting CVar [[r.SkyAtmosphere.SampleCountMax:128.0]]
[2022.04.30-17.15.34:043][  0]LogConfig: Setting CVar [[r.SkyAtmosphere.TransmittanceLUT.UseSmallFormat:0]]
[2022.04.30-17.15.34:043][  0]LogConfig: Setting CVar [[r.SkyAtmosphere.TransmittanceLUT.SampleCount:10.0]]
[2022.04.30-17.15.34:043][  0]LogConfig: Setting CVar [[r.SkyAtmosphere.MultiScatteringLUT.SampleCount:15.0]]
[2022.04.30-17.15.34:043][  0]LogConfig: Setting CVar [[r.SkyLight.RealTimeReflectionCapture:1]]
[2022.04.30-17.15.34:043][  0]LogConfig: Applying CVar settings from Section [FoliageQuality@3] File [D:/Courses/CS684VirtualReality/VRChess/VRChess/Saved/Config/Windows/Scalability.ini]
[2022.04.30-17.15.34:043][  0]LogConfig: Setting CVar [[foliage.DensityScale:1.0]]
[2022.04.30-17.15.34:043][  0]LogConfig: Setting CVar [[grass.DensityScale:1.0]]
[2022.04.30-17.15.34:043][  0]LogConfig: Applying CVar settings from Section [ShadingQuality@3] File [D:/Courses/CS684VirtualReality/VRChess/VRChess/Saved/Config/Windows/Scalability.ini]
[2022.04.30-17.15.34:043][  0]LogConfig: Setting CVar [[r.HairStrands.SkyLighting.IntegrationType:2]]
[2022.04.30-17.15.34:043][  0]LogConfig: Setting CVar [[r.HairStrands.SkyAO.SampleCount:4]]
[2022.04.30-17.15.34:043][  0]LogConfig: Setting CVar [[r.HairStrands.Visibility.MSAA.SamplePerPixel:4]]
[2022.04.30-17.15.34:043][  0]LogInit: Selected Device Profile: [Windows]
[2022.04.30-17.15.34:043][  0]LogInit: Applying CVar settings loaded from the selected device profile: [Windows]
[2022.04.30-17.15.34:043][  0]LogHAL: Display: Platform has ~ 16 GB [17010778112 / 17179869184 / 16], which maps to Larger [LargestMinGB=32, LargerMinGB=12, DefaultMinGB=8, SmallerMinGB=6, SmallestMinGB=0)
[2022.04.30-17.15.34:043][  0]LogInit: Going up to parent DeviceProfile []
[2022.04.30-17.15.34:043][  0]LogConfig: Applying CVar settings from Section [ViewDistanceQuality@3] File [D:/Courses/CS684VirtualReality/VRChess/VRChess/Saved/Config/Windows/Scalability.ini]
[2022.04.30-17.15.34:043][  0]LogConfig: Setting CVar [[r.SkeletalMeshLODBias:0]]
[2022.04.30-17.15.34:043][  0]LogConfig: Setting CVar [[r.ViewDistanceScale:1.0]]
[2022.04.30-17.15.34:043][  0]LogConfig: Applying CVar settings from Section [AntiAliasingQuality@3] File [D:/Courses/CS684VirtualReality/VRChess/VRChess/Saved/Config/Windows/Scalability.ini]
[2022.04.30-17.15.34:043][  0]LogConfig: Setting CVar [[r.PostProcessAAQuality:3]]
[2022.04.30-17.15.34:043][  0]LogConfig: Applying CVar settings from Section [ShadowQuality@3] File [D:/Courses/CS684VirtualReality/VRChess/VRChess/Saved/Config/Windows/Scalability.ini]
[2022.04.30-17.15.34:043][  0]LogConfig: Setting CVar [[r.LightFunctionQuality:1]]
[2022.04.30-17.15.34:043][  0]LogConfig: Setting CVar [[r.ShadowQuality:5]]
[2022.04.30-17.15.34:044][  0]LogConfig: Setting CVar [[r.Shadow.CSM.MaxCascades:10]]
[2022.04.30-17.15.34:044][  0]LogConfig: Setting CVar [[r.Shadow.MaxResolution:2048]]
[2022.04.30-17.15.34:044][  0]LogConfig: Setting CVar [[r.Shadow.MaxCSMResolution:2048]]
[2022.04.30-17.15.34:044][  0]LogConfig: Setting CVar [[r.Shadow.RadiusThreshold:0.01]]
[2022.04.30-17.15.34:044][  0]LogConfig: Setting CVar [[r.Shadow.DistanceScale:1.0]]
[2022.04.30-17.15.34:044][  0]LogConfig: Setting CVar [[r.Shadow.CSM.TransitionScale:1.0]]
[2022.04.30-17.15.34:044][  0]LogConfig: Setting CVar [[r.Shadow.PreShadowResolutionFactor:1.0]]
[2022.04.30-17.15.34:044][  0]LogConfig: Setting CVar [[r.DistanceFieldShadowing:1]]
[2022.04.30-17.15.34:044][  0]LogConfig: Setting CVar [[r.DistanceFieldAO:1]]
[2022.04.30-17.15.34:044][  0]LogConfig: Setting CVar [[r.AOQuality:2]]
[2022.04.30-17.15.34:044][  0]LogConfig: Setting CVar [[r.VolumetricFog:1]]
[2022.04.30-17.15.34:044][  0]LogConfig: Setting CVar [[r.VolumetricFog.GridPixelSize:8]]
[2022.04.30-17.15.34:044][  0]LogConfig: Setting CVar [[r.VolumetricFog.GridSizeZ:128]]
[2022.04.30-17.15.34:044][  0]LogConfig: Setting CVar [[r.VolumetricFog.HistoryMissSupersampleCount:4]]
[2022.04.30-17.15.34:044][  0]LogConfig: Setting CVar [[r.LightMaxDrawDistanceScale:1]]
[2022.04.30-17.15.34:044][  0]LogConfig: Setting CVar [[r.CapsuleShadows:1]]
[2022.04.30-17.15.34:044][  0]LogConfig: Applying CVar settings from Section [PostProcessQuality@3] File [D:/Courses/CS684VirtualReality/VRChess/VRChess/Saved/Config/Windows/Scalability.ini]
[2022.04.30-17.15.34:044][  0]LogConfig: Setting CVar [[r.MotionBlurQuality:0]]
[2022.04.30-17.15.34:044][  0]LogConfig: Setting CVar [[r.AmbientOcclusionMipLevelFactor:0.4]]
[2022.04.30-17.15.34:044][  0]LogConfig: Setting CVar [[r.AmbientOcclusionMaxQuality:100]]
[2022.04.30-17.15.34:044][  0]LogConfig: Setting CVar [[r.AmbientOcclusionLevels:0]]
[2022.04.30-17.15.34:044][  0]LogConfig: Setting CVar [[r.AmbientOcclusionRadiusScale:1.0]]
[2022.04.30-17.15.34:044][  0]LogConfig: Setting CVar [[r.DepthOfFieldQuality:0]]
[2022.04.30-17.15.34:044][  0]LogConfig: Setting CVar [[r.RenderTargetPoolMin:400]]
[2022.04.30-17.15.34:044][  0]LogConfig: Setting CVar [[r.LensFlareQuality:0]]
[2022.04.30-17.15.34:044][  0]LogConfig: Setting CVar [[r.SceneColorFringeQuality:0]]
[2022.04.30-17.15.34:044][  0]LogConfig: Setting CVar [[r.EyeAdaptationQuality:2]]
[2022.04.30-17.15.34:044][  0]LogConfig: Setting CVar [[r.BloomQuality:1]]
[2022.04.30-17.15.34:044][  0]LogConfig: Setting CVar [[r.FastBlurThreshold:0]]
[2022.04.30-17.15.34:044][  0]LogConfig: Setting CVar [[r.Upscale.Quality:3]]
[2022.04.30-17.15.34:044][  0]LogConfig: Setting CVar [[r.Tonemapper.GrainQuantization:1]]
[2022.04.30-17.15.34:044][  0]LogConfig: Setting CVar [[r.LightShaftQuality:1]]
[2022.04.30-17.15.34:044][  0]LogConfig: Setting CVar [[r.Filter.SizeScale:1]]
[2022.04.30-17.15.34:044][  0]LogConfig: Setting CVar [[r.Tonemapper.Quality:5]]
[2022.04.30-17.15.34:044][  0]LogConfig: Setting CVar [[r.DOF.Gather.AccumulatorQuality:1        ; higher gathering accumulator quality]]
[2022.04.30-17.15.34:044][  0]LogConfig: Setting CVar [[r.DOF.Gather.PostfilterMethod:1          ; Median3x3 postfilering method]]
[2022.04.30-17.15.34:044][  0]LogConfig: Setting CVar [[r.DOF.Gather.EnableBokehSettings:0       ; no bokeh simulation when gathering]]
[2022.04.30-17.15.34:044][  0]LogConfig: Setting CVar [[r.DOF.Gather.RingCount:4                 ; medium number of samples when gathering]]
[2022.04.30-17.15.34:044][  0]LogConfig: Setting CVar [[r.DOF.Scatter.ForegroundCompositing:1    ; additive foreground scattering]]
[2022.04.30-17.15.34:044][  0]LogConfig: Setting CVar [[r.DOF.Scatter.BackgroundCompositing:2    ; additive background scattering]]
[2022.04.30-17.15.34:044][  0]LogConfig: Setting CVar [[r.DOF.Scatter.EnableBokehSettings:1      ; bokeh simulation when scattering]]
[2022.04.30-17.15.34:044][  0]LogConfig: Setting CVar [[r.DOF.Scatter.MaxSpriteRatio:0.1         ; only a maximum of 10% of scattered bokeh]]
[2022.04.30-17.15.34:044][  0]LogConfig: Setting CVar [[r.DOF.Recombine.Quality:1                ; cheap slight out of focus]]
[2022.04.30-17.15.34:044][  0]LogConfig: Setting CVar [[r.DOF.Recombine.EnableBokehSettings:0    ; no bokeh simulation on slight out of focus]]
[2022.04.30-17.15.34:044][  0]LogConfig: Setting CVar [[r.DOF.TemporalAAQuality:1                ; more stable temporal accumulation]]
[2022.04.30-17.15.34:044][  0]LogConfig: Setting CVar [[r.DOF.Kernel.MaxForegroundRadius:0.025]]
[2022.04.30-17.15.34:044][  0]LogConfig: Setting CVar [[r.DOF.Kernel.MaxBackgroundRadius:0.025]]
[2022.04.30-17.15.34:044][  0]LogConfig: Applying CVar settings from Section [TextureQuality@3] File [D:/Courses/CS684VirtualReality/VRChess/VRChess/Saved/Config/Windows/Scalability.ini]
[2022.04.30-17.15.34:044][  0]LogConfig: Setting CVar [[r.Streaming.MipBias:0]]
[2022.04.30-17.15.34:044][  0]LogConfig: Setting CVar [[r.Streaming.AmortizeCPUToGPUCopy:0]]
[2022.04.30-17.15.34:045][  0]LogConfig: Setting CVar [[r.Streaming.MaxNumTexturesToStreamPerFrame:0]]
[2022.04.30-17.15.34:045][  0]LogConfig: Setting CVar [[r.Streaming.Boost:1]]
[2022.04.30-17.15.34:045][  0]LogConfig: Setting CVar [[r.MaxAnisotropy:8]]
[2022.04.30-17.15.34:045][  0]LogConfig: Setting CVar [[r.VT.MaxAnisotropy:8]]
[2022.04.30-17.15.34:045][  0]LogConfig: Setting CVar [[r.Streaming.LimitPoolSizeToVRAM:0]]
[2022.04.30-17.15.34:045][  0]LogConfig: Setting CVar [[r.Streaming.PoolSize:1000]]
[2022.04.30-17.15.34:045][  0]LogConfig: Setting CVar [[r.Streaming.MaxEffectiveScreenSize:0]]
[2022.04.30-17.15.34:045][  0]LogConfig: Applying CVar settings from Section [EffectsQuality@3] File [D:/Courses/CS684VirtualReality/VRChess/VRChess/Saved/Config/Windows/Scalability.ini]
[2022.04.30-17.15.34:045][  0]LogConfig: Setting CVar [[r.TranslucencyLightingVolumeDim:4]]
[2022.04.30-17.15.34:045][  0]LogConfig: Setting CVar [[r.RefractionQuality:2]]
[2022.04.30-17.15.34:045][  0]LogConfig: Setting CVar [[r.SSR.Quality:0]]
[2022.04.30-17.15.34:045][  0]LogConfig: Setting CVar [[r.SSR.HalfResSceneColor:0]]
[2022.04.30-17.15.34:045][  0]LogConfig: Setting CVar [[r.SceneColorFormat:2]]
[2022.04.30-17.15.34:045][  0]LogConfig: Setting CVar [[r.DetailMode:2]]
[2022.04.30-17.15.34:045][  0]LogConfig: Setting CVar [[r.TranslucencyVolumeBlur:0]]
[2022.04.30-17.15.34:045][  0]LogConfig: Setting CVar [[r.MaterialQualityLevel:1 ; High quality]]
[2022.04.30-17.15.34:045][  0]LogConfig: Setting CVar [[r.AnisotropicMaterials:1]]
[2022.04.30-17.15.34:045][  0]LogConfig: Setting CVar [[r.SSS.Scale:1]]
[2022.04.30-17.15.34:045][  0]LogConfig: Setting CVar [[r.SSS.SampleSet:2]]
[2022.04.30-17.15.34:045][  0]LogConfig: Setting CVar [[r.SSS.Quality:1]]
[2022.04.30-17.15.34:045][  0]LogConfig: Setting CVar [[r.SSS.HalfRes:0]]
[2022.04.30-17.15.34:045][  0]LogConfig: Setting CVar [[r.SSGI.Quality:3]]
[2022.04.30-17.15.34:045][  0]LogConfig: Setting CVar [[r.EmitterSpawnRateScale:1.0]]
[2022.04.30-17.15.34:045][  0]LogConfig: Setting CVar [[r.ParticleLightQuality:2]]
[2022.04.30-17.15.34:045][  0]LogConfig: Setting CVar [[r.SkyAtmosphere.AerialPerspectiveLUT.FastApplyOnOpaque:1 ; Always have FastSkyLUT 1 in this case to avoid wrong sky]]
[2022.04.30-17.15.34:045][  0]LogConfig: Setting CVar [[r.SkyAtmosphere.AerialPerspectiveLUT.SampleCountMaxPerSlice:4]]
[2022.04.30-17.15.34:045][  0]LogConfig: Setting CVar [[r.SkyAtmosphere.AerialPerspectiveLUT.DepthResolution:16.0]]
[2022.04.30-17.15.34:045][  0]LogConfig: Setting CVar [[r.SkyAtmosphere.FastSkyLUT:1]]
[2022.04.30-17.15.34:045][  0]LogConfig: Setting CVar [[r.SkyAtmosphere.FastSkyLUT.SampleCountMin:4.0]]
[2022.04.30-17.15.34:045][  0]LogConfig: Setting CVar [[r.SkyAtmosphere.FastSkyLUT.SampleCountMax:128.0]]
[2022.04.30-17.15.34:045][  0]LogConfig: Setting CVar [[r.SkyAtmosphere.SampleCountMin:4.0]]
[2022.04.30-17.15.34:045][  0]LogConfig: Setting CVar [[r.SkyAtmosphere.SampleCountMax:128.0]]
[2022.04.30-17.15.34:045][  0]LogConfig: Setting CVar [[r.SkyAtmosphere.TransmittanceLUT.UseSmallFormat:0]]
[2022.04.30-17.15.34:045][  0]LogConfig: Setting CVar [[r.SkyAtmosphere.TransmittanceLUT.SampleCount:10.0]]
[2022.04.30-17.15.34:045][  0]LogConfig: Setting CVar [[r.SkyAtmosphere.MultiScatteringLUT.SampleCount:15.0]]
[2022.04.30-17.15.34:045][  0]LogConfig: Setting CVar [[r.SkyLight.RealTimeReflectionCapture:1]]
[2022.04.30-17.15.34:045][  0]LogConfig: Applying CVar settings from Section [FoliageQuality@3] File [D:/Courses/CS684VirtualReality/VRChess/VRChess/Saved/Config/Windows/Scalability.ini]
[2022.04.30-17.15.34:045][  0]LogConfig: Setting CVar [[foliage.DensityScale:1.0]]
[2022.04.30-17.15.34:045][  0]LogConfig: Setting CVar [[grass.DensityScale:1.0]]
[2022.04.30-17.15.34:045][  0]LogConfig: Applying CVar settings from Section [ShadingQuality@3] File [D:/Courses/CS684VirtualReality/VRChess/VRChess/Saved/Config/Windows/Scalability.ini]
[2022.04.30-17.15.34:045][  0]LogConfig: Setting CVar [[r.HairStrands.SkyLighting.IntegrationType:2]]
[2022.04.30-17.15.34:045][  0]LogConfig: Setting CVar [[r.HairStrands.SkyAO.SampleCount:4]]
[2022.04.30-17.15.34:045][  0]LogConfig: Setting CVar [[r.HairStrands.Visibility.MSAA.SamplePerPixel:4]]
[2022.04.30-17.15.34:045][  0]LogConfig: Applying CVar settings from Section [Startup] File [../../../Engine/Config/ConsoleVariables.ini]
[2022.04.30-17.15.34:046][  0]LogConfig: Setting CVar [[net.UseAdaptiveNetUpdateFrequency:0]]
[2022.04.30-17.15.34:046][  0]LogConfig: Setting CVar [[p.chaos.AllowCreatePhysxBodies:1]]
[2022.04.30-17.15.34:046][  0]LogConfig: Setting CVar [[fx.SkipVectorVMBackendOptimizations:1]]
[2022.04.30-17.15.34:046][  0]LogConfig: Applying CVar settings from Section [ConsoleVariables] File [D:/Courses/CS684VirtualReality/VRChess/VRChess/Saved/Config/Windows/Engine.ini]
[2022.04.30-17.15.34:046][  0]LogConfig: Applying CVar settings from Section [ConsoleVariables] File [D:/Courses/CS684VirtualReality/VRChess/VRChess/Saved/Config/Windows/Editor.ini]
[2022.04.30-17.15.34:046][  0]LogInit: Computer: LAPTOP-NO6VT2RV
[2022.04.30-17.15.34:046][  0]LogInit: User: prith
[2022.04.30-17.15.34:046][  0]LogInit: CPU Page size=4096, Cores=6
[2022.04.30-17.15.34:046][  0]LogInit: High frequency timer resolution =10.000000 MHz
[2022.04.30-17.15.34:046][  0]LogMemory: Memory total: Physical=15.8GB (16GB approx)
[2022.04.30-17.15.34:046][  0]LogMemory: Platform Memory Stats for Windows
[2022.04.30-17.15.34:046][  0]LogMemory: Process Physical Memory: 144.59 MB used, 144.59 MB peak
[2022.04.30-17.15.34:046][  0]LogMemory: Process Virtual Memory: 130.20 MB used, 130.20 MB peak
[2022.04.30-17.15.34:046][  0]LogMemory: Physical Memory: 13881.93 MB used,  2340.82 MB free, 16222.74 MB total
[2022.04.30-17.15.34:046][  0]LogMemory: Virtual Memory: 134211624.00 MB used,  6105.11 MB free, 134217728.00 MB total
[2022.04.30-17.15.34:051][  0]LogWindows: WindowsPlatformFeatures enabled
[2022.04.30-17.15.34:097][  0]LogInit: Physics initialised using underlying interface: PhysX
[2022.04.30-17.15.34:097][  0]LogInit: Using OS detected language (en-US).
[2022.04.30-17.15.34:097][  0]LogInit: Using OS detected locale (en-US).
[2022.04.30-17.15.34:103][  0]LogTextLocalizationManager: No specific localization for 'en-US' exists, so the 'en' localization will be used.
[2022.04.30-17.15.34:352][  0]LogWindowsTextInputMethodSystem: Display: IME system deactivated.
[2022.04.30-17.15.34:376][  0]LogSlate: New Slate User Created.  User Index 0, Is Virtual User: 0
[2022.04.30-17.15.34:376][  0]LogSlate: Slate User Registered.  User Index 0, Is Virtual User: 0
[2022.04.30-17.15.34:396][  0]LogD3D11RHI: Loaded GFSDK_Aftermath_Lib.x64.dll
[2022.04.30-17.15.34:461][  0]LogHMD: Failed to initialize OpenVR with code 108
[2022.04.30-17.15.34:461][  0]LogD3D11RHI: D3D11 min allowed feature level: 11_0
[2022.04.30-17.15.34:461][  0]LogD3D11RHI: D3D11 max allowed feature level: 11_0
[2022.04.30-17.15.34:461][  0]LogD3D11RHI: D3D11 adapters:
[2022.04.30-17.15.34:564][  0]LogD3D11RHI:    0. 'NVIDIA GeForce RTX 2070 Super with Max-Q Design' (Feature Level 11_0)
[2022.04.30-17.15.34:564][  0]LogD3D11RHI:       8012/0/8111 MB DedicatedVideo/DedicatedSystem/SharedSystem, Outputs:2, VendorId:0x10de
[2022.04.30-17.15.34:566][  0]LogD3D11RHI:    1. 'Microsoft Basic Render Driver' (Feature Level 11_0)
[2022.04.30-17.15.34:566][  0]LogD3D11RHI:       0/0/8111 MB DedicatedVideo/DedicatedSystem/SharedSystem, Outputs:0, VendorId:0x1414
[2022.04.30-17.15.34:566][  0]LogD3D11RHI: Chosen D3D11 Adapter:
[2022.04.30-17.15.34:566][  0]LogD3D11RHI:     Description : NVIDIA GeForce RTX 2070 Super with Max-Q Design
[2022.04.30-17.15.34:566][  0]LogD3D11RHI:     VendorId    : 10de
[2022.04.30-17.15.34:566][  0]LogD3D11RHI:     DeviceId    : 1ed1
[2022.04.30-17.15.34:566][  0]LogD3D11RHI:     SubSysId    : 8746103c
[2022.04.30-17.15.34:566][  0]LogD3D11RHI:     Revision    : 00a1
[2022.04.30-17.15.34:566][  0]LogD3D11RHI:     DedicatedVideoMemory : 8401190912 bytes
[2022.04.30-17.15.34:566][  0]LogD3D11RHI:     DedicatedSystemMemory : 0 bytes
[2022.04.30-17.15.34:566][  0]LogD3D11RHI:     SharedSystemMemory : 8505389056 bytes
[2022.04.30-17.15.34:566][  0]LogD3D11RHI:     AdapterLuid : 0 69431
[2022.04.30-17.15.34:573][  0]LogD3D11RHI: Creating new Direct3DDevice
[2022.04.30-17.15.34:573][  0]LogD3D11RHI:     GPU DeviceId: 0x1ed1 (for the marketing name, search the web for "GPU Device Id")
[2022.04.30-17.15.34:573][  0]LogWindows: EnumDisplayDevices:
[2022.04.30-17.15.34:573][  0]LogWindows:    0. 'NVIDIA GeForce RTX 2070 Super with Max-Q Design' (P:0 D:1)
[2022.04.30-17.15.34:573][  0]LogWindows:    1. 'NVIDIA GeForce RTX 2070 Super with Max-Q Design' (P:1 D:1)
[2022.04.30-17.15.34:573][  0]LogWindows:    2. 'NVIDIA GeForce RTX 2070 Super with Max-Q Design' (P:0 D:0)
[2022.04.30-17.15.34:574][  0]LogWindows:    3. 'NVIDIA GeForce RTX 2070 Super with Max-Q Design' (P:0 D:0)
[2022.04.30-17.15.34:574][  0]LogWindows: DebugString: FoundDriverCount:4 
[2022.04.30-17.15.34:574][  0]LogD3D11RHI:     Adapter Name: NVIDIA GeForce RTX 2070 Super with Max-Q Design
[2022.04.30-17.15.34:574][  0]LogD3D11RHI:   Driver Version: 511.79 (internal:30.0.15.1179, unified:511.79)
[2022.04.30-17.15.34:574][  0]LogD3D11RHI:      Driver Date: 2-10-2022
[2022.04.30-17.15.34:574][  0]LogRHI: Texture pool is 5608 MB (70% of 8012 MB)
[2022.04.30-17.15.34:574][  0]LogD3D11RHI: Creating D3DDevice using adapter:
[2022.04.30-17.15.34:574][  0]LogD3D11RHI:     Description : NVIDIA GeForce RTX 2070 Super with Max-Q Design
[2022.04.30-17.15.34:574][  0]LogD3D11RHI:     VendorId    : 10de
[2022.04.30-17.15.34:574][  0]LogD3D11RHI:     DeviceId    : 1ed1
[2022.04.30-17.15.34:574][  0]LogD3D11RHI:     SubSysId    : 8746103c
[2022.04.30-17.15.34:574][  0]LogD3D11RHI:     Revision    : 00a1
[2022.04.30-17.15.34:574][  0]LogD3D11RHI:     DedicatedVideoMemory : 8401190912 bytes
[2022.04.30-17.15.34:574][  0]LogD3D11RHI:     DedicatedSystemMemory : 0 bytes
[2022.04.30-17.15.34:574][  0]LogD3D11RHI:     SharedSystemMemory : 8505389056 bytes
[2022.04.30-17.15.34:574][  0]LogD3D11RHI:     AdapterLuid : 0 69431
[2022.04.30-17.15.34:640][  0]LogD3D11RHI: RHI has support for 64 bit atomics
[2022.04.30-17.15.34:640][  0]LogD3D11RHI: Async texture creation enabled
[2022.04.30-17.15.34:640][  0]LogD3D11RHI: Array index from any shader is supported
[2022.04.30-17.15.34:666][  0]LogD3D11RHI: GPU Timing Frequency: 1000.000000 (Debug: 2 2)
[2022.04.30-17.15.34:705][  0]LogRHI: GeForceNow SDK initialized: 1
[2022.04.30-17.15.35:056][  0]LogTargetPlatformManager: Display: Loaded TargetPlatform 'WindowsNoEditor'
[2022.04.30-17.15.35:062][  0]LogTargetPlatformManager: Display: Loaded TargetPlatform 'Windows'
[2022.04.30-17.15.35:068][  0]LogTargetPlatformManager: Display: Loaded TargetPlatform 'WindowsClient'
[2022.04.30-17.15.35:075][  0]LogTargetPlatformManager: Display: Loaded TargetPlatform 'WindowsServer'
[2022.04.30-17.15.35:075][  0]LogTargetPlatformManager: Display: Building Assets For Windows
[2022.04.30-17.15.35:085][  0]LogAudioDebug: Display: Lib vorbis DLL was dynamically loaded.
[2022.04.30-17.15.35:134][  0]LogTextureFormatOodle: Display: Oodle Texture 2.9.0 init RDO Off
[2022.04.30-17.15.35:179][  0]LogRendererCore: Ray tracing is disabled. Reason: r.RayTracing=0.
[2022.04.30-17.15.35:179][  0]LogShaderCompilers: Guid format shader working directory is -1 characters bigger than the processId version (D:/Courses/CS684VirtualReality/VRChess/VRChess/Intermediate/Shaders/WorkingDirectory/21772/).
[2022.04.30-17.15.35:179][  0]LogShaderCompilers: Cleaned the shader compiler working directory 'C:/Users/prith/AppData/Local/Temp/UnrealShaderWorkingDir/4EAC01A3494C6E6FA969F5AA21C23EB6/'.
[2022.04.30-17.15.35:180][  0]LogXGEController: Cannot use XGE Controller as Incredibuild is not installed on this machine.
[2022.04.30-17.15.35:180][  0]LogShaderCompilers: Cannot use XGE Shader Compiler as Incredibuild is not installed on this machine.
[2022.04.30-17.15.35:180][  0]LogShaderCompilers: Display: Using Local Shader Compiler.
[2022.04.30-17.15.36:118][  0]LogDerivedDataCache: Display: Max Cache Size: 512 MB
[2022.04.30-17.15.36:212][  0]LogDerivedDataCache: Loaded boot cache 0.09s 117MB C:/Users/prith/AppData/Local/UnrealEngine/4.27/DerivedDataCache/Boot.ddc.
[2022.04.30-17.15.36:213][  0]LogDerivedDataCache: Display: Loaded Boot cache: C:/Users/prith/AppData/Local/UnrealEngine/4.27/DerivedDataCache/Boot.ddc
[2022.04.30-17.15.36:213][  0]LogDerivedDataCache: FDerivedDataBackendGraph:  Pak pak cache file D:/Courses/CS684VirtualReality/VRChess/VRChess/DerivedDataCache/DDC.ddp not found, will not use a pak cache.
[2022.04.30-17.15.36:213][  0]LogDerivedDataCache: Unable to find inner node Pak for hierarchical cache Hierarchy.
[2022.04.30-17.15.36:213][  0]LogDerivedDataCache: FDerivedDataBackendGraph:  CompressedPak pak cache file D:/Courses/CS684VirtualReality/VRChess/VRChess/DerivedDataCache/Compressed.ddp not found, will not use a pak cache.
[2022.04.30-17.15.36:213][  0]LogDerivedDataCache: Unable to find inner node CompressedPak for hierarchical cache Hierarchy.
[2022.04.30-17.15.36:233][  0]LogDerivedDataCache: Display: Pak cache opened for reading ../../../Engine/DerivedDataCache/Compressed.ddp.
[2022.04.30-17.15.36:233][  0]LogDerivedDataCache: FDerivedDataBackendGraph:  EnterprisePak pak cache file ../../../Enterprise/DerivedDataCache/Compressed.ddp not found, will not use a pak cache.
[2022.04.30-17.15.36:233][  0]LogDerivedDataCache: Unable to find inner node EnterprisePak for hierarchical cache Hierarchy.
[2022.04.30-17.15.36:245][  0]LogDerivedDataCache: Speed tests for C:/Users/prith/AppData/Local/UnrealEngine/Common/DerivedDataCache took 0.01 seconds
[2022.04.30-17.15.36:245][  0]LogDerivedDataCache: Display: Performance to C:/Users/prith/AppData/Local/UnrealEngine/Common/DerivedDataCache: Latency=0.07ms. RandomReadSpeed=213.23MBs, RandomWriteSpeed=144.85MBs. Assigned SpeedClass 'Local'
[2022.04.30-17.15.36:246][  0]LogDerivedDataCache: Using Local data cache path C:/Users/prith/AppData/Local/UnrealEngine/Common/DerivedDataCache: Writable
[2022.04.30-17.15.36:246][  0]LogDerivedDataCache: Shared data cache path not found in *engine.ini, will not use an Shared cache.
[2022.04.30-17.15.36:246][  0]LogDerivedDataCache: Unable to find inner node Shared for hierarchical cache Hierarchy.
[2022.04.30-17.15.36:288][  0]LogSlate: Using FreeType 2.10.0
[2022.04.30-17.15.36:289][  0]LogSlate: SlateFontServices - WITH_FREETYPE: 1, WITH_HARFBUZZ: 1
[2022.04.30-17.15.36:378][  0]LogInit: Using OS detected language (en-US).
[2022.04.30-17.15.36:379][  0]LogInit: Using OS detected locale (en-US).
[2022.04.30-17.15.36:379][  0]LogTextLocalizationManager: No localization for 'en-US' exists, so 'en' will be used for the language.
[2022.04.30-17.15.36:379][  0]LogTextLocalizationManager: No localization for 'en-US' exists, so 'en' will be used for the locale.
[2022.04.30-17.15.36:379][  0]LogSlate: FontCache flush requested. Reason: Culture for localization was changed
[2022.04.30-17.15.36:379][  0]LogSlate: FontCache flush requested. Reason: Culture for localization was changed
[2022.04.30-17.15.36:385][  0]LogTextLocalizationManager: Compacting localization data took   0.01ms
[2022.04.30-17.15.36:385][  0]LogAssetRegistry: FAssetRegistry took 0.0034 seconds to start up
[2022.04.30-17.15.36:580][  0]LogPackageLocalizationCache: Processed 27 localized package path(s) for 1 prioritized culture(s) in 0.000987 seconds
[2022.04.30-17.15.36:669][  0]LogInit: Selected Device Profile: [Windows]
[2022.04.30-17.15.36:670][  0]LogInit: Active device profile: [000001C02B382A00][000001C023ED5000 49] Windows
[2022.04.30-17.15.36:670][  0]LogInit: Profiles: [000001C02B382A00][000001C023ED5000 49] Windows, [000001C02B336C00][000001C023EDD180 49] WindowsNoEditor, [000001C02B383200][000001C023EE1300 49] WindowsServer, [000001C02B334F00][000001C023389480 49] WindowsClient, [000001C02B380E00][000001C02338D600 49] IOS, [000001C02B337800][000001C023ED9740 49] iPadAir, [000001C02B383D00][000001C023391880 49] iPadAir2, [000001C02B2EA700][000001C023399AC0 49] IPadPro, [000001C02B2EA800][000001C023395B00 49] iPadAir3, [000001C02B380400][000001C0233A0100 49] iPadAir4, [000001C02B2E8300][000001C0233A4280 49] iPadMini2, [000001C02B380200][000001C0233A8400 49] iPadMini3, [000001C02B2EB000][000001C0233AC580 49] iPadMini4, [000001C02B381A00][000001C0233B0700 49] iPadMini5, [000001C02B30E000][000001C0233B89C0 49] iPhone6, [000001C02B30E100][000001C0233B4A00 49] iPodTouch6, [000001C02B2E9B00][000001C023970CC0 49] iPhone7, [000001C02B2E9E00][000001C0233BCD00 49] iPodTouch7, [000001C02B30ED00][000001C023974E80 49] iPhone5S, [000001C02B2E8900][000001C023979000 49] iPhone6Plus, [000001C02B30EC00][000001C02397D180 49] iPhone6S, [000001C02B2E8E00][000001C023981300 49] iPhone6SPlus, [000001C02B30D400][000001C023985480 49] iPhone7Plus, [000001C02B2EB900][000001C023989600 49] iPhoneSE, [000001C02B30F800][000001C02398D780 49] iPhone8, [000001C02B2E8A00][000001C02339D8C0 49] iPhone8Plus, [000001C02B30D100][000001C023991A00 49] iPhoneX, [000001C02B2EA100][000001C023995B40 49] iPhoneXS, [000001C02B30E400][000001C023998100 49] iPhoneXSMax, [000001C02B2E9200][000001C0239A0280 49] iPhoneXR, [000001C02B30DE00][000001C0239A4400 49] iPhone11, [000001C02B2EBB00][000001C0239A8580 49] iPhone11Pro, [000001C02B30C300][000001C0239AC700 49] iPhone11ProMax, [000001C02B2E9F00][000001C0239B0880 49] iPhoneSE2, [000001C02B30F700][000001C0239B4A00 49] iPhone12Mini, [000001C02B2EA400][000001C0239B8B80 49] iPhone12, [000001C02B30C800][000001C02B7B2D00 49] iPhone12Pro, [000001C02B2E9A00][000001C02B7B6E80 49] iPhone12ProMax, [000001C02B30D600][000001C02B7BB000 49] iPadPro105, [000001C02B2EA000][000001C02B7BF180 49] iPadPro129, [000001C02B30C500][000001C02B7C3300 49] iPadPro97, [000001C02B2E8700][000001C02B7C7480 49] iPadPro2_129, [000001C02B30F100][000001C02B7CB600 49] iPad5, [000001C02B2EB300][000001C02B7CF780 49] iPad6, [000001C02B30DB00][000001C02B7D3900 49] iPad7, [000001C02B2EBF00][000001C02B7D7A80 49] iPad8, [000001C02B30D500][000001C02399DBC0 49] iPadPro11, [000001C02B2E9600][000001C02B7DA180 49] iPadPro2_11, [000001C02B30FE00][000001C02B7DE2C0 49] iPadPro3_129, [000001C02B336E00][000001C02B7E6440 49] iPadPro4_129, [000001C02B3C9600][000001C02B7EA5C0 49] AppleTV, [000001C02B335800][000001C02B7EE740 49] AppleTV4K, [000001C02B3C9000][000001C02B7F28C0 49] TVOS, [000001C02B337B00][000001C02B7F6A40 49] Mac, [000001C02B3C8700][000001C02B7FABC0 49] MacClient, [000001C02B337F00][000001C02B7FED40 49] MacNoEditor, [000001C02B3C8400][000001C02B802EC0 49] MacServer, [000001C02B334E00][000001C02B807040 49] Linux, [000001C02B3C8900][000001C02B80B1C0 49] LinuxAArch64, [000001C02B334900][000001C02B80F340 49] LinuxNoEditor, [000001C02B3C8500][000001C02B8134C0 49] LinuxAArch64NoEditor, [000001C02B30F300][000001C02B817640 49] LinuxClient, [000001C02B2E8100][000001C02B81B7C0 49] LinuxAArch64Client, [000001C02B30E500][000001C02B81F940 49] LinuxServer, [000001C02B2E9300][000001C02B823AC0 49] LinuxAArch64Server, [000001C02B30D000][000001C02B8260C0 49] Android, [000001C02B2EBC00][000001C02B7E2200 49] Android_Low, [000001C02B30E300][000001C02B82A340 49] Android_Mid, [000001C02B2EAD00][000001C02B82E480 49] Android_High, [000001C02B30FA00][000001C02B8325C0 49] Android_Default, [000001C02B2E8F00][000001C02B83A740 49] Android_Adreno4xx, [000001C02B30CD00][000001C02B83E8C0 49] Android_Adreno5xx_Low, [000001C02B2EA200][000001C02B842A40 49] Android_Adreno5xx, [000001C02B30C100][000001C02B846BC0 49] Android_Adreno6xx, [000001C02B2EAA00][000001C02B84AD40 49] Android_Adreno6xx_Vulkan, [000001C02B30D800][000001C02B84EEC0 49] Android_Mali_T6xx, [000001C02B2EB700][000001C02B853040 49] Android_Mali_T7xx, [000001C02B30E800][000001C02B8571C0 49] Android_Mali_T8xx, [000001C02B2E8400][000001C02B85B340 49] Android_Mali_G71, [000001C02B3C9E00][000001C02B85F4C0 49] Android_Mali_G72, [000001C02B2EBE00][000001C02B863640 49] Android_Mali_G72_Vulkan, [000001C02B3C8E00][000001C02B8677C0 49] Android_Mali_G76, [000001C02B2EB100][000001C02B86B940 49] Android_Mali_G76_Vulkan, [000001C02B3C8600][000001C02B86FAC0 49] Android_Mali_G77, [000001C02B2E8600][000001C02B8720C0 49] Android_Mali_G77_Vulkan, [000001C02B3C9700][000001C02B876240 49] Android_Mali_G78, [000001C02B2E8500][000001C02B836380 49] Android_Mali_G78_Vulkan, [000001C02B30D700][000001C02B87A4C0 49] Android_Mali_G710, [000001C02B2E9100][000001C02B87E600 49] Android_Mali_G710_Vulkan, [000001C02B30C700][000001C02B882740 49] Android_Vulkan_SM5, [000001C02B2EAC00][000001C02B88A8C0 49] Android_PowerVR_G6xxx, [000001C02B30DC00][000001C02B88EA40 49] Android_PowerVR_GT7xxx, [000001C02B2E9C00][000001C02B892BC0 49] Android_PowerVR_GE8xxx, [000001C02B30FD00][000001C02B896D40 49] Android_PowerVR_GM9xxx, [000001C02B2EA900][000001C02B89AEC0 49] Android_PowerVR_GM9xxx_Vulkan, [000001C02B30F200][000001C02B89F040 49] Android_TegraK1, [000001C02B2E8C00][000001C02B8A31C0 49] Android_Unknown_Vulkan, [000001C02B30F500][000001C02B8A7340 49] Lumin, [000001C02B2EB500][000001C02B8AB4C0 49] Lumin_Desktop, [000001C02B30F900][000001C02B8AF640 49] HoloLens, 
[2022.04.30-17.15.36:725][  0]LogMeshReduction: Using QuadricMeshReduction for automatic static mesh reduction
[2022.04.30-17.15.36:725][  0]LogMeshReduction: Using SimplygonMeshReduction for automatic skeletal mesh reduction
[2022.04.30-17.15.36:725][  0]LogMeshReduction: Using ProxyLODMeshReduction for automatic mesh merging
[2022.04.30-17.15.36:725][  0]LogMeshReduction: No distributed automatic mesh merging module available
[2022.04.30-17.15.36:725][  0]LogMeshMerging: No distributed automatic mesh merging module available
[2022.04.30-17.15.36:851][  0]LogNetVersion: VRChess 1.0.0, NetCL: 17155196, EngineNetVer: 17, GameNetVer: 0 (Checksum: 2686174489)
[2022.04.30-17.15.37:138][  0]LogTexture: Default maximum texture size for cubemaps generated from long-lat sources has been changed from 512 to unlimited. In order to preserve old behaiour for '/Engine/MapTemplates/Sky/DaylightAmbientCubemap.DaylightAmbientCubemap', its maximum texture size has been explicitly set to 512.
[2022.04.30-17.15.37:200][  0]LogHMD: PokeAHoleMaterial loaded successfully
[2022.04.30-17.15.37:328][  0]LogMoviePlayer: Initializing movie player
[2022.04.30-17.15.37:558][  0]LogNiagaraDebuggerClient: Niagara Debugger Client Initialized | Session: B565CBC844D42E642D79E6946D7BE03D | Instance: 98CCA7024815897E353C19AA8D99CC99 (LAPTOP-NO6VT2RV-21772).
[2022.04.30-17.15.37:583][  0]LogCollectionManager: Loaded 0 collections in 0.001787 seconds
[2022.04.30-17.15.37:587][  0]LogFileCache: Scanning file cache for directory 'D:/Courses/CS684VirtualReality/VRChess/VRChess/Saved/Collections/' took 0.00s
[2022.04.30-17.15.37:587][  0]LogFileCache: Scanning file cache for directory 'D:/Courses/CS684VirtualReality/VRChess/VRChess/Content/Developers/prith/Collections/' took 0.00s
[2022.04.30-17.15.37:587][  0]LogFileCache: Scanning file cache for directory 'D:/Courses/CS684VirtualReality/VRChess/VRChess/Content/Collections/' took 0.00s
[2022.04.30-17.15.37:587][  0]LogCollectionManager: Fixed up redirectors for 0 collections in 0.000002 seconds (updated 0 objects)
[2022.04.30-17.15.37:618][  0]LogTcpMessaging: Initializing TcpMessaging bridge
[2022.04.30-17.15.37:624][  0]LogUdpMessaging: Initializing bridge on interface 0.0.0.0:0 to multicast group 230.0.0.1:6666.
[2022.04.30-17.15.37:639][  0]LogPython: Using Python 3.7.7
[2022.04.30-17.15.38:271][  0]SourceControl: Source control is disabled
[2022.04.30-17.15.38:271][  0]SourceControl: Source control is disabled
[2022.04.30-17.15.38:275][  0]SourceControl: Source control is disabled
[2022.04.30-17.15.38:283][  0]LogUProjectInfo: Found projects:
[2022.04.30-17.15.38:405][  0]LogOpenImageDenoise: OIDN starting up
[2022.04.30-17.15.38:414][  0]LogAndroidPermission: UAndroidPermissionCallbackProxy::GetInstance
[2022.04.30-17.15.38:441][  0]LogAudioCaptureCore: Display: No Audio Capture implementations found. Audio input will be silent.
[2022.04.30-17.15.38:441][  0]LogAudioCaptureCore: Display: No Audio Capture implementations found. Audio input will be silent.
[2022.04.30-17.15.38:529][  0]LogOcInput: OculusInput pre-init called
[2022.04.30-17.15.38:544][  0]LogUObjectArray: 22121 objects as part of root set at end of initial load.
[2022.04.30-17.15.38:544][  0]LogUObjectAllocator: 5975632 out of 0 bytes used by permanent object pool.
[2022.04.30-17.15.38:545][  0]LogUObjectArray: CloseDisregardForGC: 0/0 objects in disregard for GC pool
[2022.04.30-17.15.38:601][  0]LogEngine: Initializing Engine...
[2022.04.30-17.15.38:674][  0]LogHMD: Failed to initialize OpenVR with code 108
[2022.04.30-17.15.38:696][  0]LogHMD: Optional extension XR_VARJO_quad_views is not available
[2022.04.30-17.15.38:696][  0]LogHMD: Warning: Required extension XR_EXT_eye_gaze_interaction is not available
[2022.04.30-17.15.38:696][  0]LogHMD: Could not enable all required OpenXR extensions for OpenXREyeTracker on current system. This plugin will be loaded but ignored, but will be enabled on a target platform that supports the required extension.
[2022.04.30-17.15.38:735][  0]LogHMD: Failed to create an OpenXR instance, result is XR_ERROR_RUNTIME_FAILURE. Please check if you have an OpenXR runtime installed. The following extensions were enabled:
[2022.04.30-17.15.38:735][  0]LogHMD: - XR_KHR_D3D11_enable
[2022.04.30-17.15.38:735][  0]LogHMD: - XR_KHR_D3D12_enable
[2022.04.30-17.15.38:735][  0]LogHMD: - XR_KHR_opengl_enable
[2022.04.30-17.15.38:735][  0]LogHMD: - XR_KHR_vulkan_enable
[2022.04.30-17.15.38:735][  0]LogHMD: - XR_KHR_composition_layer_depth
[2022.04.30-17.15.38:735][  0]LogHMD: - XR_KHR_visibility_mask
[2022.04.30-17.15.38:735][  0]LogHMD: - XR_EXT_hand_tracking
[2022.04.30-17.15.38:735][  0]LogMagicLeap: Warning: VR disabled because ZI is not enabled.  To enable, in the editor, Edit -> Project Settings -> Plugins -> Magic Leap Plugin -> Enable Zero Iteration
[2022.04.30-17.15.38:737][  0]LogStats: UGameplayTagsManager::InitializeManager -  0.000 s
[2022.04.30-17.15.38:869][  0]LogInit: Initializing FReadOnlyCVARCache
[2022.04.30-17.15.38:869][  0]LogAudio: Display: Initializing Audio Device Manager...
[2022.04.30-17.15.38:874][  0]LogAudio: Display: Loading Default Audio Settings Objects...
[2022.04.30-17.15.38:875][  0]LogAudio: Display: No default SoundConcurrencyObject specified (or failed to load).
[2022.04.30-17.15.38:876][  0]LogAudio: Display: Audio Device Manager Initialized
[2022.04.30-17.15.38:876][  0]LogAudio: Display: Creating Audio Device:                 Id: 1, Scope: Shared, Realtime: True
[2022.04.30-17.15.38:876][  0]LogAudioMixer: Display: Audio Mixer Platform Settings:
[2022.04.30-17.15.38:876][  0]LogAudioMixer: Display: 	Sample Rate:						  48000
[2022.04.30-17.15.38:876][  0]LogAudioMixer: Display: 	Callback Buffer Frame Size Requested: 1024
[2022.04.30-17.15.38:876][  0]LogAudioMixer: Display: 	Callback Buffer Frame Size To Use:	  1024
[2022.04.30-17.15.38:876][  0]LogAudioMixer: Display: 	Number of buffers to queue:			  2
[2022.04.30-17.15.38:876][  0]LogAudioMixer: Display: 	Max Channels (voices):				  32
[2022.04.30-17.15.38:876][  0]LogAudioMixer: Display: 	Number of Async Source Workers:		  0
[2022.04.30-17.15.38:876][  0]LogAudio: Display: AudioDevice MaxSources: 32
[2022.04.30-17.15.38:876][  0]LogAudio: Display: Audio Spatialization Plugin: None (built-in).
[2022.04.30-17.15.38:876][  0]LogAudio: Display: Audio Reverb Plugin: None (built-in).
[2022.04.30-17.15.38:876][  0]LogAudio: Display: Audio Occlusion Plugin: None (built-in).
[2022.04.30-17.15.38:876][  0]LogAudioMixer: Display: Initializing audio mixer.
[2022.04.30-17.15.38:894][  0]LogAudioMixer: Display: 0: FrontLeft
[2022.04.30-17.15.38:894][  0]LogAudioMixer: Display: 1: FrontRight
[2022.04.30-17.15.39:097][  0]LogAudioMixer: Display: Using Audio Device Headphone (Realtek(R) Audio)
[2022.04.30-17.15.39:103][  0]LogAudioMixer: Display: Initializing Sound Submixes...
[2022.04.30-17.15.39:108][  0]LogAudioMixer: Display: Creating Master Submix 'MasterSubmixDefault'
[2022.04.30-17.15.39:108][  0]LogAudioMixer: Display: Creating Master Submix 'MasterReverbSubmixDefault'
[2022.04.30-17.15.39:109][  0]LogAudioMixer: Display: Creating Master Submix 'MasterEQSubmixDefault'
[2022.04.30-17.15.39:109][  0]LogAudioMixer: FMixerPlatformXAudio2::StartAudioStream() called
[2022.04.30-17.15.39:109][  0]LogAudioMixer: Display: Output buffers initialized: Frames=1024, Channels=2, Samples=2048
[2022.04.30-17.15.39:111][  0]LogAudioMixer: Display: Starting AudioMixerPlatformInterface::RunInternal()
[2022.04.30-17.15.39:111][  0]LogAudioMixer: Display: FMixerPlatformXAudio2::SubmitBuffer() called for the first time
[2022.04.30-17.15.39:111][  0]LogInit: FAudioDevice initialized.
[2022.04.30-17.15.39:113][  0]LogNetVersion: Set ProjectVersion to 1.0.0.0. Version Checksum will be recalculated on next use.
[2022.04.30-17.15.39:117][  0]LogInit: Texture streaming: Enabled
[2022.04.30-17.15.39:212][  0]LogAudio: Display: Audio Device (ID: 1) registered with world 'Untitled'.
[2022.04.30-17.15.39:213][  0]LogSlate: Updating window title bar state: overlay mode, drag disabled, window buttons hidden, title bar hidden
[2022.04.30-17.15.39:213][  0]LogInit: Display: Game Engine Initialized.
[2022.04.30-17.15.39:213][  0]LogNiagaraEditor: GEditor isn't valid! Particle reset commands will not work for Niagara components!
[2022.04.30-17.15.39:349][  0]LogInit: Display: Starting Game.
[2022.04.30-17.15.39:349][  0]LogNet: Browse: /Game/VirtualRealityBP/Maps/StartupMap?Name=Player
[2022.04.30-17.15.39:349][  0]LogLoad: LoadMap: /Game/VirtualRealityBP/Maps/StartupMap?Name=Player
[2022.04.30-17.15.39:349][  0]LogWorld: BeginTearingDown for /Temp/Untitled_0
[2022.04.30-17.15.39:350][  0]LogWorld: UWorld::CleanupWorld for Untitled, bSessionEnded=true, bCleanupResources=true
[2022.04.30-17.15.39:350][  0]LogSlate: InvalidateAllWidgets triggered.  All widgets were invalidated
[2022.04.30-17.15.39:355][  0]LogAudio: Display: Audio Device unregistered from world 'None'.
[2022.04.30-17.15.39:358][  0]LogUObjectHash: Compacting FUObjectHashTables data took   1.01ms
[2022.04.30-17.15.39:473][  0]LogAudio: Display: Audio Device (ID: 1) registered with world 'StartupMap'.
[2022.04.30-17.15.39:482][  0]LogAIModule: Creating AISystem for world StartupMap
[2022.04.30-17.15.39:492][  0]LogLoad: Game class is 'NewGameMode_C'
[2022.04.30-17.15.39:497][  0]LogScript: Warning: Accessed None trying to read property CallFunc_AddComponent_ReturnValue
	ChessBoard_C /Game/VirtualRealityBP/Maps/StartupMap.StartupMap:PersistentLevel.ChessBoard_2
	Function /Game/FromChessTutorial/ChessBoard.ChessBoard_C:SetupBoardPieces:0257
[2022.04.30-17.15.39:497][  0]LogScript: Warning: Script call stack:
	Function /Game/FromChessTutorial/ChessBoard.ChessBoard_C:UserConstructionScript
	Function /Game/FromChessTutorial/ChessBoard.ChessBoard_C:SetupBoardPieces

[2022.04.30-17.15.39:497][  0]LogScript: Warning: Accessed None trying to read property CallFunc_AddComponent_ReturnValue_1
	ChessBoard_C /Game/VirtualRealityBP/Maps/StartupMap.StartupMap:PersistentLevel.ChessBoard_2
	Function /Game/FromChessTutorial/ChessBoard.ChessBoard_C:SetupBoardPieces:02B5
[2022.04.30-17.15.39:497][  0]LogScript: Warning: Script call stack:
	Function /Game/FromChessTutorial/ChessBoard.ChessBoard_C:UserConstructionScript
	Function /Game/FromChessTutorial/ChessBoard.ChessBoard_C:SetupBoardPieces

[2022.04.30-17.15.39:497][  0]LogScript: Warning: Accessed None trying to read property CallFunc_AddComponent_ReturnValue_2
	ChessBoard_C /Game/VirtualRealityBP/Maps/StartupMap.StartupMap:PersistentLevel.ChessBoard_2
	Function /Game/FromChessTutorial/ChessBoard.ChessBoard_C:SetupBoardPieces:0313
[2022.04.30-17.15.39:497][  0]LogScript: Warning: Script call stack:
	Function /Game/FromChessTutorial/ChessBoard.ChessBoard_C:UserConstructionScript
	Function /Game/FromChessTutorial/ChessBoard.ChessBoard_C:SetupBoardPieces

[2022.04.30-17.15.39:497][  0]LogScript: Warning: Accessed None trying to read property CallFunc_AddComponent_ReturnValue_3
	ChessBoard_C /Game/VirtualRealityBP/Maps/StartupMap.StartupMap:PersistentLevel.ChessBoard_2
	Function /Game/FromChessTutorial/ChessBoard.ChessBoard_C:SetupBoardPieces:0371
[2022.04.30-17.15.39:497][  0]LogScript: Warning: Script call stack:
	Function /Game/FromChessTutorial/ChessBoard.ChessBoard_C:UserConstructionScript
	Function /Game/FromChessTutorial/ChessBoard.ChessBoard_C:SetupBoardPieces

[2022.04.30-17.15.39:497][  0]LogScript: Warning: Accessed None trying to read property CallFunc_AddComponent_ReturnValue_5
	ChessBoard_C /Game/VirtualRealityBP/Maps/StartupMap.StartupMap:PersistentLevel.ChessBoard_2
	Function /Game/FromChessTutorial/ChessBoard.ChessBoard_C:SetupBoardPieces:042D
[2022.04.30-17.15.39:497][  0]LogScript: Warning: Script call stack:
	Function /Game/FromChessTutorial/ChessBoard.ChessBoard_C:UserConstructionScript
	Function /Game/FromChessTutorial/ChessBoard.ChessBoard_C:SetupBoardPieces

[2022.04.30-17.15.39:497][  0]LogScript: Warning: Accessed None trying to read property CallFunc_AddComponent_ReturnValue
	ChessBoard_C /Game/VirtualRealityBP/Maps/StartupMap.StartupMap:PersistentLevel.ChessBoard_2
	Function /Game/FromChessTutorial/ChessBoard.ChessBoard_C:SetupBoardPieces:0257
[2022.04.30-17.15.39:497][  0]LogScript: Warning: Script call stack:
	Function /Game/FromChessTutorial/ChessBoard.ChessBoard_C:UserConstructionScript
	Function /Game/FromChessTutorial/ChessBoard.ChessBoard_C:SetupBoardPieces

[2022.04.30-17.15.39:497][  0]LogScript: Warning: Accessed None trying to read property CallFunc_AddComponent_ReturnValue_1
	ChessBoard_C /Game/VirtualRealityBP/Maps/StartupMap.StartupMap:PersistentLevel.ChessBoard_2
	Function /Game/FromChessTutorial/ChessBoard.ChessBoard_C:SetupBoardPieces:02B5
[2022.04.30-17.15.39:497][  0]LogScript: Warning: Script call stack:
	Function /Game/FromChessTutorial/ChessBoard.ChessBoard_C:UserConstructionScript
	Function /Game/FromChessTutorial/ChessBoard.ChessBoard_C:SetupBoardPieces

[2022.04.30-17.15.39:497][  0]LogScript: Warning: Accessed None trying to read property CallFunc_AddComponent_ReturnValue_2
	ChessBoard_C /Game/VirtualRealityBP/Maps/StartupMap.StartupMap:PersistentLevel.ChessBoard_2
	Function /Game/FromChessTutorial/ChessBoard.ChessBoard_C:SetupBoardPieces:0313
[2022.04.30-17.15.39:497][  0]LogScript: Warning: Script call stack:
	Function /Game/FromChessTutorial/ChessBoard.ChessBoard_C:UserConstructionScript
	Function /Game/FromChessTutorial/ChessBoard.ChessBoard_C:SetupBoardPieces

[2022.04.30-17.15.39:497][  0]LogScript: Warning: Accessed None trying to read property CallFunc_AddComponent_ReturnValue_4
	ChessBoard_C /Game/VirtualRealityBP/Maps/StartupMap.StartupMap:PersistentLevel.ChessBoard_2
	Function /Game/FromChessTutorial/ChessBoard.ChessBoard_C:SetupBoardPieces:03CF
[2022.04.30-17.15.39:497][  0]LogScript: Warning: Script call stack:
	Function /Game/FromChessTutorial/ChessBoard.ChessBoard_C:UserConstructionScript
	Function /Game/FromChessTutorial/ChessBoard.ChessBoard_C:SetupBoardPieces

[2022.04.30-17.15.39:497][  0]LogScript: Warning: Accessed None trying to read property CallFunc_AddComponent_ReturnValue_5
	ChessBoard_C /Game/VirtualRealityBP/Maps/StartupMap.StartupMap:PersistentLevel.ChessBoard_2
	Function /Game/FromChessTutorial/ChessBoard.ChessBoard_C:SetupBoardPieces:042D
[2022.04.30-17.15.39:497][  0]LogScript: Warning: Script call stack:
	Function /Game/FromChessTutorial/ChessBoard.ChessBoard_C:UserConstructionScript
	Function /Game/FromChessTutorial/ChessBoard.ChessBoard_C:SetupBoardPieces

[2022.04.30-17.15.39:497][  0]LogScript: Warning: Accessed None trying to read property CallFunc_AddComponent_ReturnValue
	ChessBoard_C /Game/VirtualRealityBP/Maps/StartupMap.StartupMap:PersistentLevel.ChessBoard_2
	Function /Game/FromChessTutorial/ChessBoard.ChessBoard_C:SetupBoardPieces:0257
[2022.04.30-17.15.39:497][  0]LogScript: Warning: Script call stack:
	Function /Game/FromChessTutorial/ChessBoard.ChessBoard_C:UserConstructionScript
	Function /Game/FromChessTutorial/ChessBoard.ChessBoard_C:SetupBoardPieces

[2022.04.30-17.15.39:498][  0]LogScript: Warning: Accessed None trying to read property CallFunc_AddComponent_ReturnValue_1
	ChessBoard_C /Game/VirtualRealityBP/Maps/StartupMap.StartupMap:PersistentLevel.ChessBoard_2
	Function /Game/FromChessTutorial/ChessBoard.ChessBoard_C:SetupBoardPieces:02B5
[2022.04.30-17.15.39:498][  0]LogScript: Warning: Script call stack:
	Function /Game/FromChessTutorial/ChessBoard.ChessBoard_C:UserConstructionScript
	Function /Game/FromChessTutorial/ChessBoard.ChessBoard_C:SetupBoardPieces

[2022.04.30-17.15.39:498][  0]LogScript: Warning: Accessed None trying to read property CallFunc_AddComponent_ReturnValue_3
	ChessBoard_C /Game/VirtualRealityBP/Maps/StartupMap.StartupMap:PersistentLevel.ChessBoard_2
	Function /Game/FromChessTutorial/ChessBoard.ChessBoard_C:SetupBoardPieces:0371
[2022.04.30-17.15.39:498][  0]LogScript: Warning: Script call stack:
	Function /Game/FromChessTutorial/ChessBoard.ChessBoard_C:UserConstructionScript
	Function /Game/FromChessTutorial/ChessBoard.ChessBoard_C:SetupBoardPieces

[2022.04.30-17.15.39:498][  0]LogScript: Warning: Accessed None trying to read property CallFunc_AddComponent_ReturnValue_4
	ChessBoard_C /Game/VirtualRealityBP/Maps/StartupMap.StartupMap:PersistentLevel.ChessBoard_2
	Function /Game/FromChessTutorial/ChessBoard.ChessBoard_C:SetupBoardPieces:03CF
[2022.04.30-17.15.39:498][  0]LogScript: Warning: Script call stack:
	Function /Game/FromChessTutorial/ChessBoard.ChessBoard_C:UserConstructionScript
	Function /Game/FromChessTutorial/ChessBoard.ChessBoard_C:SetupBoardPieces

[2022.04.30-17.15.39:498][  0]LogScript: Warning: Accessed None trying to read property CallFunc_AddComponent_ReturnValue_5
	ChessBoard_C /Game/VirtualRealityBP/Maps/StartupMap.StartupMap:PersistentLevel.ChessBoard_2
	Function /Game/FromChessTutorial/ChessBoard.ChessBoard_C:SetupBoardPieces:042D
[2022.04.30-17.15.39:498][  0]LogScript: Warning: Script call stack:
	Function /Game/FromChessTutorial/ChessBoard.ChessBoard_C:UserConstructionScript
	Function /Game/FromChessTutorial/ChessBoard.ChessBoard_C:SetupBoardPieces

[2022.04.30-17.15.39:498][  0]LogScript: Warning: Accessed None trying to read property CallFunc_AddComponent_ReturnValue_1
	ChessBoard_C /Game/VirtualRealityBP/Maps/StartupMap.StartupMap:PersistentLevel.ChessBoard_2
	Function /Game/FromChessTutorial/ChessBoard.ChessBoard_C:SetupBoardPieces:02B5
[2022.04.30-17.15.39:498][  0]LogScript: Warning: Script call stack:
	Function /Game/FromChessTutorial/ChessBoard.ChessBoard_C:UserConstructionScript
	Function /Game/FromChessTutorial/ChessBoard.ChessBoard_C:SetupBoardPieces

[2022.04.30-17.15.39:510][  0]LogWorld: Bringing World /Game/VirtualRealityBP/Maps/StartupMap.StartupMap up for play (max tick rate 0) at 2022.04.30-10.15.39
[2022.04.30-17.15.39:510][  0]LogWorld: Bringing up level for play took: 0.017466
[2022.04.30-17.15.39:511][  0]LogGameMode: FindPlayerStart: PATHS NOT DEFINED or NO PLAYERSTART with positive rating
[2022.04.30-17.15.39:512][  0]LogGameMode: Display: Match State Changed from EnteringMap to WaitingToStart
[2022.04.30-17.15.39:512][  0]LogGameState: Match State Changed from EnteringMap to WaitingToStart
[2022.04.30-17.15.39:512][  0]LogGameMode: Display: Match State Changed from WaitingToStart to InProgress
[2022.04.30-17.15.39:513][  0]LogGameState: Match State Changed from WaitingToStart to InProgress
[2022.04.30-17.15.39:513][  0]LogLoad: Took 0.163955 seconds to LoadMap(/Game/VirtualRealityBP/Maps/StartupMap)
[2022.04.30-17.15.39:564][  0]LogRenderer: Reallocating scene render targets to support 1280x720 Format 26 NumSamples 1 (Frame:1).
[2022.04.30-17.15.39:564][  0]LogSlate: Took 0.000386 seconds to synchronously load lazily loaded font '../../../Engine/Content/Slate/Fonts/Roboto-Regular.ttf' (155K)
[2022.04.30-17.15.39:605][  0]LogInit: Display: Engine is initialized. Leaving FEngineLoop::Init()
[2022.04.30-17.15.39:605][  0]LogLoad: (Engine Initialization) Total time: 6.70 seconds
[2022.04.30-17.15.39:605][  0]LogLoad: (Engine Initialization) Total Blueprint compile time: 0.00 seconds
[2022.04.30-17.15.39:608][  0]LogContentStreaming: Texture pool size now 1000 MB
[2022.04.30-17.15.39:610][  0]LogSlate: InvalidateAllWidgets triggered.  All widgets were invalidated
[2022.04.30-17.15.39:683][  1]LogSlate: Took 0.000259 seconds to synchronously load lazily loaded font '../../../Engine/Content/Slate/Fonts/Roboto-Regular.ttf' (155K)
