Log file open, 04/30/22 10:14:32
LogWindows: Failed to load 'aqProf.dll' (GetLastError=126)
LogWindows: File 'aqProf.dll' does not exist
LogWindows: Failed to load 'VtuneApi.dll' (GetLastError=126)
LogWindows: File 'VtuneApi.dll' does not exist
LogWindows: Failed to load 'VtuneApi32e.dll' (GetLastError=126)
LogWindows: File 'VtuneApi32e.dll' does not exist
LogConsoleResponse: Display: Failed to find resolution value strings in scalability ini. Falling back to default.
LogConsoleResponse: Display: Failed to find resolution value strings in scalability ini. Falling back to default.
LogInit: Display: Running engine for game: VRChess
LogPlatformFile: Not using cached read wrapper
LogTaskGraph: Started task graph with 5 named threads and 35 total threads with 3 sets of task threads.
LogStats: Stats thread started at 0.262307
LogICUInternationalization: ICU TimeZone Detection - Raw Offset: -8:00, Platform Override: ''
LogInit: Display: Loading text-based GConfig....
LogPluginManager: Mounting plugin MeshPainting
LogPluginManager: Mounting plugin XGEController
LogPluginManager: Mounting plugin Paper2D
LogPluginManager: Mounting plugin LiveLink
LogPluginManager: Mounting plugin AISupport
LogPluginManager: Mounting plugin EnvironmentQueryEditor
LogPluginManager: Mounting plugin LightPropagationVolume
LogPluginManager: Mounting plugin GameplayCameras
LogPluginManager: Mounting plugin CameraShakePreviewer
LogPluginManager: Mounting plugin OodleData
LogPluginManager: Mounting plugin OodleNetwork
LogPluginManager: Mounting plugin DatasmithContent
LogPluginManager: Mounting plugin AssetManagerEditor
LogPluginManager: Mounting plugin VariantManagerContent
LogPluginManager: Mounting plugin CryptoKeys
LogPluginManager: Mounting plugin CurveEditorTools
LogPluginManager: Mounting plugin DataValidation
LogPluginManager: Mounting plugin FacialAnimation
LogPluginManager: Mounting plugin GameplayTagsEditor
LogPluginManager: Mounting plugin MacGraphicsSwitching
LogPluginManager: Mounting plugin GeometryMode
LogPluginManager: Mounting plugin MaterialAnalyzer
LogPluginManager: Mounting plugin MobileLauncherProfileWizard
LogPluginManager: Mounting plugin PluginBrowser
LogPluginManager: Mounting plugin SpeedTreeImporter
LogPluginManager: Mounting plugin AlembicImporter
LogPluginManager: Mounting plugin AutomationUtils
LogPluginManager: Mounting plugin BackChannel
LogPluginManager: Mounting plugin ChaosCloth
LogPluginManager: Mounting plugin ChaosClothEditor
LogPluginManager: Mounting plugin ChaosNiagara
LogPluginManager: Mounting plugin CharacterAI
LogPluginManager: Mounting plugin ChaosEditor
LogPluginManager: Mounting plugin ChaosSolverPlugin
LogPluginManager: Mounting plugin AnimationSharing
LogPluginManager: Mounting plugin CLionSourceCodeAccess
LogPluginManager: Mounting plugin CodeLiteSourceCodeAccess
LogPluginManager: Mounting plugin KDevelopSourceCodeAccess
LogPluginManager: Mounting plugin PixWinPlugin
LogPluginManager: Mounting plugin PerforceSourceControl
LogPluginManager: Mounting plugin GitSourceControl
LogPluginManager: Mounting plugin PlasticSourceControl
LogPluginManager: Mounting plugin PropertyAccessNode
LogPluginManager: Mounting plugin PluginUtils
LogPluginManager: Mounting plugin NullSourceCodeAccess
LogPluginManager: Mounting plugin RiderSourceCodeAccess
LogPluginManager: Mounting plugin SubversionSourceControl
LogPluginManager: Mounting plugin TextureFormatOodle
LogPluginManager: Mounting plugin XCodeSourceCodeAccess
LogPluginManager: Mounting plugin VisualStudioCodeSourceCodeAccess
LogPluginManager: Mounting plugin VisualStudioSourceCodeAccess
LogPluginManager: Mounting plugin GeometryCache
LogPluginManager: Mounting plugin GeometryCollectionPlugin
LogPluginManager: Mounting plugin GeometryProcessing
LogPluginManager: Mounting plugin LuminPlatformFeatures
LogPluginManager: Mounting plugin MagicLeap
LogPluginManager: Mounting plugin UObjectPlugin
LogPluginManager: Mounting plugin MagicLeapLightEstimation
LogPluginManager: Mounting plugin MagicLeapMedia
LogPluginManager: Mounting plugin MagicLeapPassableWorld
LogPluginManager: Mounting plugin TcpMessaging
LogPluginManager: Mounting plugin UdpMessaging
LogPluginManager: Mounting plugin MLSDK
LogPluginManager: Mounting plugin MotoSynth
LogPluginManager: Mounting plugin OpenImageDenoise
LogPluginManager: Mounting plugin PlanarCut
LogPluginManager: Mounting plugin PlatformCrypto
LogPluginManager: Mounting plugin ProxyLODPlugin
LogPluginManager: Mounting plugin PythonScriptPlugin
LogPluginManager: Mounting plugin AndroidMedia
LogPluginManager: Mounting plugin AvfMedia
LogPluginManager: Mounting plugin ImgMedia
LogPluginManager: Mounting plugin SkeletalReduction
LogPluginManager: Mounting plugin MediaCompositing
LogPluginManager: Mounting plugin MediaPlayerEditor
LogPluginManager: Mounting plugin WebMMedia
LogPluginManager: Mounting plugin WmfMedia
LogPluginManager: Mounting plugin Niagara
LogPluginManager: Mounting plugin OnlineSubsystemNull
LogPluginManager: Mounting plugin ActorSequence
LogPluginManager: Mounting plugin OnlineSubsystemUtils
LogPluginManager: Mounting plugin LevelSequenceEditor
LogPluginManager: Mounting plugin OnlineSubsystem
LogPluginManager: Mounting plugin MatineeToLevelSequence
LogPluginManager: Mounting plugin TemplateSequence
LogPluginManager: Mounting plugin LauncherChunkInstaller
LogPluginManager: Mounting plugin ActorLayerUtilities
LogPluginManager: Mounting plugin AndroidDeviceProfileSelector
LogPluginManager: Mounting plugin AndroidMoviePlayer
LogPluginManager: Mounting plugin AndroidPermission
LogPluginManager: Mounting plugin AppleImageUtils
LogPluginManager: Mounting plugin ArchVisCharacter
LogPluginManager: Mounting plugin AssetTags
LogPluginManager: Mounting plugin AudioCapture
LogPluginManager: Mounting plugin AppleMoviePlayer
LogPluginManager: Mounting plugin AudioSynesthesia
LogPluginManager: Mounting plugin ChunkDownloader
LogPluginManager: Mounting plugin CableComponent
LogPluginManager: Mounting plugin CustomMeshComponent
LogPluginManager: Mounting plugin EditableMesh
LogPluginManager: Mounting plugin ExampleDeviceProfileSelector
LogPluginManager: Mounting plugin ScreenshotTools
LogPluginManager: Mounting plugin GoogleCloudMessaging
LogPluginManager: Mounting plugin GooglePAD
LogPluginManager: Mounting plugin IOSDeviceProfileSelector
LogPluginManager: Mounting plugin LinuxDeviceProfileSelector
LogPluginManager: Mounting plugin LocationServicesBPLibrary
LogPluginManager: Mounting plugin MobilePatchingUtils
LogPluginManager: Mounting plugin OpenXR
LogPluginManager: Mounting plugin OpenXREyeTracker
LogPluginManager: Mounting plugin Takes
LogPluginManager: Mounting plugin OpenXRHandTracking
LogPluginManager: Mounting plugin PhysXVehicles
LogPluginManager: Mounting plugin PostSplashScreen
LogPluginManager: Mounting plugin ProceduralMeshComponent
LogPluginManager: Mounting plugin PropertyAccessEditor
LogPluginManager: Mounting plugin RuntimePhysXCooking
LogPluginManager: Mounting plugin SignificanceManager
LogPluginManager: Mounting plugin SoundFields
LogPluginManager: Mounting plugin Synthesis
LogPluginManager: Mounting plugin WebMMoviePlayer
LogPluginManager: Mounting plugin WindowsMoviePlayer
LogPluginManager: Mounting plugin ContentBrowserAssetDataSource
LogPluginManager: Mounting plugin ContentBrowserClassDataSource
LogPluginManager: Mounting plugin ContentBrowserFileDataSource
LogPluginManager: Mounting plugin OnlineSubsystemGooglePlay
LogPluginManager: Mounting plugin OnlineSubsystemIOS
LogPluginManager: Mounting plugin OculusVR
LogPluginManager: Mounting plugin SteamVR
PixWinPlugin: PIX capture plugin failed to initialize! Check that the process is launched from PIX.
LogInit: Using libcurl 7.55.1-DEV
LogInit:  - built for x86_64-pc-win32
LogInit:  - supports SSL with OpenSSL/1.1.1
LogInit:  - supports HTTP deflate (compression) using libz 1.2.8
LogInit:  - other features:
LogInit:      CURL_VERSION_SSL
LogInit:      CURL_VERSION_LIBZ
LogInit:      CURL_VERSION_IPV6
LogInit:      CURL_VERSION_ASYNCHDNS
LogInit:      CURL_VERSION_LARGEFILE
LogInit:      CURL_VERSION_IDN
LogInit:  CurlRequestOptions (configurable via config and command line):
LogInit:  - bVerifyPeer = true  - Libcurl will verify peer certificate
LogInit:  - bUseHttpProxy = false  - Libcurl will NOT use HTTP proxy
LogInit:  - bDontReuseConnections = false  - Libcurl will reuse connections
LogInit:  - MaxHostConnections = 16  - Libcurl will limit the number of connections to a host
LogInit:  - LocalHostAddr = Default
LogInit:  - BufferSize = 65536
LogOnline: OSS: Creating online subsystem instance for: NULL
LogInit: WinSock: version 1.1 (2.2), MaxSocks=32767, MaxUdp=65467
LogOnline: OSS: TryLoadSubsystemAndSetDefault: Loaded subsystem for module [NULL]
LogOculusPluginWrapper: OculusPlugin initialized successfully
LogHMD: Failed initializing OVRPlugin 1.59.0
LogInit: Build: ++UE4+Release-4.27-CL-18319896
LogInit: Engine Version: 4.27.2-18319896+++UE4+Release-4.27
LogInit: Compatible Engine Version: 4.27.0-17155196+++UE4+Release-4.27
LogInit: Net CL: 17155196
LogInit: OS: Windows 10 (Release 2009) (), CPU: Intel(R) Core(TM) i7-10750H CPU @ 2.60GHz, GPU: NVIDIA GeForce RTX 2070 Super with Max-Q Design
LogInit: Compiled (64-bit): Nov 30 2021 07:12:08
LogInit: Compiled with Visual C++: 19.24.28315.00
LogInit: Build Configuration: Development
LogInit: Branch Name: ++UE4+Release-4.27
LogInit: Command Line:  /Game/VirtualRealityBP/Maps/StartupMap -game -PIEVIACONSOLE -Multiprocess GameUserSettingsINI=D:/Courses/CS684VirtualReality/VRChess/VRChess/Saved/Config/Windows/PIEGameUserSettings0.ini -MultiprocessSaveConfig -forcepassthrough -messaging -SessionName="Play in Standalone Game" -windowed -ResX=1280 -ResY=720
LogInit: Base Directory: C:/Program Files/Epic Games/UE_4.27/Engine/Binaries/Win64/
LogInit: Allocator: TBB
LogInit: Installed Engine Build: 1
LogDevObjectVersion: Number of dev versions registered: 29
LogDevObjectVersion:   Dev-Blueprints (B0D832E4-1F89-4F0D-ACCF-7EB736FD4AA2): 10
LogDevObjectVersion:   Dev-Build (E1C64328-A22C-4D53-A36C-8E866417BD8C): 0
LogDevObjectVersion:   Dev-Core (375EC13C-06E4-48FB-B500-84F0262A717E): 4
LogDevObjectVersion:   Dev-Editor (E4B068ED-F494-42E9-A231-DA0B2E46BB41): 40
LogDevObjectVersion:   Dev-Framework (CFFC743F-43B0-4480-9391-14DF171D2073): 37
LogDevObjectVersion:   Dev-Mobile (B02B49B5-BB20-44E9-A304-32B752E40360): 3
LogDevObjectVersion:   Dev-Networking (A4E4105C-59A1-49B5-A7C5-40C4547EDFEE): 0
LogDevObjectVersion:   Dev-Online (39C831C9-5AE6-47DC-9A44-9C173E1C8E7C): 0
LogDevObjectVersion:   Dev-Physics (78F01B33-EBEA-4F98-B9B4-84EACCB95AA2): 14
LogDevObjectVersion:   Dev-Platform (6631380F-2D4D-43E0-8009-CF276956A95A): 0
LogDevObjectVersion:   Dev-Rendering (12F88B9F-8875-4AFC-A67C-D90C383ABD29): 45
LogDevObjectVersion:   Dev-Sequencer (7B5AE74C-D270-4C10-A958-57980B212A5A): 13
LogDevObjectVersion:   Dev-VR (D7296918-1DD6-4BDD-9DE2-64A83CC13884): 3
LogDevObjectVersion:   Dev-LoadTimes (C2A15278-BFE7-4AFE-6C17-90FF531DF755): 1
LogDevObjectVersion:   Private-Geometry (6EACA3D4-40EC-4CC1-B786-8BED09428FC5): 3
LogDevObjectVersion:   Dev-AnimPhys (29E575DD-E0A3-4627-9D10-D276232CDCEA): 17
LogDevObjectVersion:   Dev-Anim (AF43A65D-7FD3-4947-9873-3E8ED9C1BB05): 15
LogDevObjectVersion:   Dev-ReflectionCapture (6B266CEC-1EC7-4B8F-A30B-E4D90942FC07): 1
LogDevObjectVersion:   Dev-Automation (0DF73D61-A23F-47EA-B727-89E90C41499A): 1
LogDevObjectVersion:   FortniteMain (601D1886-AC64-4F84-AA16-D3DE0DEAC7D6): 47
LogDevObjectVersion:   FortniteRelease (E7086368-6B23-4C58-8439-1B7016265E91): 1
LogDevObjectVersion:   Dev-Enterprise (9DFFBCD6-494F-0158-E221-12823C92A888): 10
LogDevObjectVersion:   Dev-Niagara (F2AED0AC-9AFE-416F-8664-AA7FFA26D6FC): 1
LogDevObjectVersion:   Dev-Destruction (174F1F0B-B4C6-45A5-B13F-2EE8D0FB917D): 10
LogDevObjectVersion:   Dev-Physics-Ext (35F94A83-E258-406C-A318-09F59610247C): 41
LogDevObjectVersion:   Dev-PhysicsMaterial-Chaos (B68FC16E-8B1B-42E2-B453-215C058844FE): 1
LogDevObjectVersion:   Dev-CineCamera (B2E18506-4273-CFC2-A54E-F4BB758BBA07): 1
LogDevObjectVersion:   Dev-VirtualProduction (64F58936-FD1B-42BA-BA96-7289D5D0FA4E): 1
LogDevObjectVersion:   Dev-MediaFramework (6F0ED827-A609-4895-9C91-998D90180EA4): 2
LogInit: Presizing for max 25165824 objects, including 0 objects not considered by GC, pre-allocating 0 bytes for permanent pool.
LogConfig: Applying CVar settings from Section [/Script/Engine.StreamingSettings] File [D:/Courses/CS684VirtualReality/VRChess/VRChess/Saved/Config/Windows/Engine.ini]
LogConfig: Setting CVar [[s.MinBulkDataSizeForAsyncLoading:131072]]
LogConfig: Setting CVar [[s.AsyncLoadingThreadEnabled:0]]
LogConfig: Setting CVar [[s.EventDrivenLoaderEnabled:1]]
LogConfig: Setting CVar [[s.WarnIfTimeLimitExceeded:0]]
LogConfig: Setting CVar [[s.TimeLimitExceededMultiplier:1.5]]
LogConfig: Setting CVar [[s.TimeLimitExceededMinTime:0.005]]
LogConfig: Setting CVar [[s.UseBackgroundLevelStreaming:1]]
LogConfig: Setting CVar [[s.PriorityAsyncLoadingExtraTime:15.0]]
LogConfig: Setting CVar [[s.LevelStreamingActorsUpdateTimeLimit:5.0]]
LogConfig: Setting CVar [[s.PriorityLevelStreamingActorsUpdateExtraTime:5.0]]
LogConfig: Setting CVar [[s.LevelStreamingComponentsRegistrationGranularity:10]]
LogConfig: Setting CVar [[s.UnregisterComponentsTimeLimit:1.0]]
LogConfig: Setting CVar [[s.LevelStreamingComponentsUnregistrationGranularity:5]]
LogConfig: Setting CVar [[s.FlushStreamingOnExit:1]]
LogInit: Object subsystem initialized
LogConfig: Setting CVar [[con.DebugEarlyDefault:1]]
LogConfig: Setting CVar [[r.setres:1280x720]]
[2022.04.30-17.14.33:043][  0]LogConfig: Setting CVar [[con.DebugEarlyDefault:1]]
[2022.04.30-17.14.33:043][  0]LogConfig: Setting CVar [[r.setres:1280x720]]
[2022.04.30-17.14.33:043][  0]LogConfig: Applying CVar settings from Section [/Script/Engine.RendererSettings] File [D:/Courses/CS684VirtualReality/VRChess/VRChess/Saved/Config/Windows/Engine.ini]
[2022.04.30-17.14.33:043][  0]LogConfig: Setting CVar [[r.GPUCrashDebugging:0]]
[2022.04.30-17.14.33:043][  0]LogConfig: Setting CVar [[r.DefaultFeature.AmbientOcclusion:0]]
[2022.04.30-17.14.33:043][  0]LogConfig: Setting CVar [[r.DefaultFeature.AmbientOcclusionStaticFraction:0]]
[2022.04.30-17.14.33:043][  0]LogConfig: Setting CVar [[vr.InstancedStereo:1]]
[2022.04.30-17.14.33:043][  0]LogConfig: Setting CVar [[r.SeparateTranslucency:0]]
[2022.04.30-17.14.33:043][  0]LogConfig: Setting CVar [[r.HZBOcclusion:0]]
[2022.04.30-17.14.33:043][  0]LogConfig: Setting CVar [[r.SSR.MaxRoughness:0]]
[2022.04.30-17.14.33:043][  0]LogConfig: Setting CVar [[r.rhicmdbypass:0]]
[2022.04.30-17.14.33:043][  0]LogConfig: Applying CVar settings from Section [/Script/Engine.RendererOverrideSettings] File [D:/Courses/CS684VirtualReality/VRChess/VRChess/Saved/Config/Windows/Engine.ini]
[2022.04.30-17.14.33:043][  0]LogConfig: Applying CVar settings from Section [/Script/Engine.StreamingSettings] File [D:/Courses/CS684VirtualReality/VRChess/VRChess/Saved/Config/Windows/Engine.ini]
[2022.04.30-17.14.33:043][  0]LogConfig: Setting CVar [[s.MinBulkDataSizeForAsyncLoading:131072]]
[2022.04.30-17.14.33:043][  0]LogConfig: Setting CVar [[s.AsyncLoadingThreadEnabled:0]]
[2022.04.30-17.14.33:044][  0]LogConfig: Setting CVar [[s.EventDrivenLoaderEnabled:1]]
[2022.04.30-17.14.33:044][  0]LogConfig: Setting CVar [[s.WarnIfTimeLimitExceeded:0]]
[2022.04.30-17.14.33:044][  0]LogConfig: Setting CVar [[s.TimeLimitExceededMultiplier:1.5]]
[2022.04.30-17.14.33:044][  0]LogConfig: Setting CVar [[s.TimeLimitExceededMinTime:0.005]]
[2022.04.30-17.14.33:044][  0]LogConfig: Setting CVar [[s.UseBackgroundLevelStreaming:1]]
[2022.04.30-17.14.33:044][  0]LogConfig: Setting CVar [[s.PriorityAsyncLoadingExtraTime:15.0]]
[2022.04.30-17.14.33:044][  0]LogConfig: Setting CVar [[s.LevelStreamingActorsUpdateTimeLimit:5.0]]
[2022.04.30-17.14.33:044][  0]LogConfig: Setting CVar [[s.PriorityLevelStreamingActorsUpdateExtraTime:5.0]]
[2022.04.30-17.14.33:044][  0]LogConfig: Setting CVar [[s.LevelStreamingComponentsRegistrationGranularity:10]]
[2022.04.30-17.14.33:044][  0]LogConfig: Setting CVar [[s.UnregisterComponentsTimeLimit:1.0]]
[2022.04.30-17.14.33:044][  0]LogConfig: Setting CVar [[s.LevelStreamingComponentsUnregistrationGranularity:5]]
[2022.04.30-17.14.33:044][  0]LogConfig: Setting CVar [[s.FlushStreamingOnExit:1]]
[2022.04.30-17.14.33:044][  0]LogConfig: Applying CVar settings from Section [/Script/Engine.GarbageCollectionSettings] File [D:/Courses/CS684VirtualReality/VRChess/VRChess/Saved/Config/Windows/Engine.ini]
[2022.04.30-17.14.33:044][  0]LogConfig: Setting CVar [[gc.MaxObjectsNotConsideredByGC:1]]
[2022.04.30-17.14.33:044][  0]LogConfig: Setting CVar [[gc.SizeOfPermanentObjectPool:0]]
[2022.04.30-17.14.33:044][  0]LogConfig: Setting CVar [[gc.FlushStreamingOnGC:0]]
[2022.04.30-17.14.33:044][  0]LogConfig: Setting CVar [[gc.NumRetriesBeforeForcingGC:10]]
[2022.04.30-17.14.33:044][  0]LogConfig: Setting CVar [[gc.AllowParallelGC:1]]
[2022.04.30-17.14.33:044][  0]LogConfig: Setting CVar [[gc.TimeBetweenPurgingPendingKillObjects:61.1]]
[2022.04.30-17.14.33:044][  0]LogConfig: Setting CVar [[gc.MaxObjectsInEditor:25165824]]
[2022.04.30-17.14.33:044][  0]LogConfig: Setting CVar [[gc.IncrementalBeginDestroyEnabled:1]]
[2022.04.30-17.14.33:044][  0]LogConfig: Setting CVar [[gc.CreateGCClusters:1]]
[2022.04.30-17.14.33:044][  0]LogConfig: Setting CVar [[gc.MinGCClusterSize:5]]
[2022.04.30-17.14.33:044][  0]LogConfig: Setting CVar [[gc.ActorClusteringEnabled:0]]
[2022.04.30-17.14.33:044][  0]LogConfig: Setting CVar [[gc.BlueprintClusteringEnabled:0]]
[2022.04.30-17.14.33:044][  0]LogConfig: Setting CVar [[gc.UseDisregardForGCOnDedicatedServers:0]]
[2022.04.30-17.14.33:044][  0]LogConfig: Setting CVar [[gc.MultithreadedDestructionEnabled:1]]
[2022.04.30-17.14.33:044][  0]LogConfig: Applying CVar settings from Section [/Script/Engine.NetworkSettings] File [D:/Courses/CS684VirtualReality/VRChess/VRChess/Saved/Config/Windows/Engine.ini]
[2022.04.30-17.14.33:044][  0]LogConfig: Applying CVar settings from Section [/Script/UnrealEd.CookerSettings] File [D:/Courses/CS684VirtualReality/VRChess/VRChess/Saved/Config/Windows/Engine.ini]
[2022.04.30-17.14.33:053][  0]LogConfig: Applying CVar settings from Section [ViewDistanceQuality@3] File [D:/Courses/CS684VirtualReality/VRChess/VRChess/Saved/Config/Windows/Scalability.ini]
[2022.04.30-17.14.33:053][  0]LogConfig: Setting CVar [[r.SkeletalMeshLODBias:0]]
[2022.04.30-17.14.33:053][  0]LogConfig: Setting CVar [[r.ViewDistanceScale:1.0]]
[2022.04.30-17.14.33:053][  0]LogConfig: Applying CVar settings from Section [AntiAliasingQuality@3] File [D:/Courses/CS684VirtualReality/VRChess/VRChess/Saved/Config/Windows/Scalability.ini]
[2022.04.30-17.14.33:053][  0]LogConfig: Setting CVar [[r.PostProcessAAQuality:3]]
[2022.04.30-17.14.33:053][  0]LogConfig: Applying CVar settings from Section [ShadowQuality@3] File [D:/Courses/CS684VirtualReality/VRChess/VRChess/Saved/Config/Windows/Scalability.ini]
[2022.04.30-17.14.33:053][  0]LogConfig: Setting CVar [[r.LightFunctionQuality:1]]
[2022.04.30-17.14.33:053][  0]LogConfig: Setting CVar [[r.ShadowQuality:5]]
[2022.04.30-17.14.33:054][  0]LogConfig: Setting CVar [[r.Shadow.CSM.MaxCascades:10]]
[2022.04.30-17.14.33:054][  0]LogConfig: Setting CVar [[r.Shadow.MaxResolution:2048]]
[2022.04.30-17.14.33:054][  0]LogConfig: Setting CVar [[r.Shadow.MaxCSMResolution:2048]]
[2022.04.30-17.14.33:054][  0]LogConfig: Setting CVar [[r.Shadow.RadiusThreshold:0.01]]
[2022.04.30-17.14.33:054][  0]LogConfig: Setting CVar [[r.Shadow.DistanceScale:1.0]]
[2022.04.30-17.14.33:054][  0]LogConfig: Setting CVar [[r.Shadow.CSM.TransitionScale:1.0]]
[2022.04.30-17.14.33:054][  0]LogConfig: Setting CVar [[r.Shadow.PreShadowResolutionFactor:1.0]]
[2022.04.30-17.14.33:054][  0]LogConfig: Setting CVar [[r.DistanceFieldShadowing:1]]
[2022.04.30-17.14.33:054][  0]LogConfig: Setting CVar [[r.DistanceFieldAO:1]]
[2022.04.30-17.14.33:054][  0]LogConfig: Setting CVar [[r.AOQuality:2]]
[2022.04.30-17.14.33:054][  0]LogConfig: Setting CVar [[r.VolumetricFog:1]]
[2022.04.30-17.14.33:054][  0]LogConfig: Setting CVar [[r.VolumetricFog.GridPixelSize:8]]
[2022.04.30-17.14.33:054][  0]LogConfig: Setting CVar [[r.VolumetricFog.GridSizeZ:128]]
[2022.04.30-17.14.33:054][  0]LogConfig: Setting CVar [[r.VolumetricFog.HistoryMissSupersampleCount:4]]
[2022.04.30-17.14.33:054][  0]LogConfig: Setting CVar [[r.LightMaxDrawDistanceScale:1]]
[2022.04.30-17.14.33:054][  0]LogConfig: Setting CVar [[r.CapsuleShadows:1]]
[2022.04.30-17.14.33:054][  0]LogConfig: Applying CVar settings from Section [PostProcessQuality@3] File [D:/Courses/CS684VirtualReality/VRChess/VRChess/Saved/Config/Windows/Scalability.ini]
[2022.04.30-17.14.33:054][  0]LogConfig: Setting CVar [[r.MotionBlurQuality:0]]
[2022.04.30-17.14.33:054][  0]LogConfig: Setting CVar [[r.AmbientOcclusionMipLevelFactor:0.4]]
[2022.04.30-17.14.33:054][  0]LogConfig: Setting CVar [[r.AmbientOcclusionMaxQuality:100]]
[2022.04.30-17.14.33:054][  0]LogConfig: Setting CVar [[r.AmbientOcclusionLevels:0]]
[2022.04.30-17.14.33:054][  0]LogConfig: Setting CVar [[r.AmbientOcclusionRadiusScale:1.0]]
[2022.04.30-17.14.33:054][  0]LogConfig: Setting CVar [[r.DepthOfFieldQuality:0]]
[2022.04.30-17.14.33:054][  0]LogConfig: Setting CVar [[r.RenderTargetPoolMin:400]]
[2022.04.30-17.14.33:054][  0]LogConfig: Setting CVar [[r.LensFlareQuality:0]]
[2022.04.30-17.14.33:054][  0]LogConfig: Setting CVar [[r.SceneColorFringeQuality:0]]
[2022.04.30-17.14.33:054][  0]LogConfig: Setting CVar [[r.EyeAdaptationQuality:2]]
[2022.04.30-17.14.33:054][  0]LogConfig: Setting CVar [[r.BloomQuality:1]]
[2022.04.30-17.14.33:054][  0]LogConfig: Setting CVar [[r.FastBlurThreshold:0]]
[2022.04.30-17.14.33:054][  0]LogConfig: Setting CVar [[r.Upscale.Quality:3]]
[2022.04.30-17.14.33:054][  0]LogConfig: Setting CVar [[r.Tonemapper.GrainQuantization:1]]
[2022.04.30-17.14.33:054][  0]LogConfig: Setting CVar [[r.LightShaftQuality:1]]
[2022.04.30-17.14.33:054][  0]LogConfig: Setting CVar [[r.Filter.SizeScale:1]]
[2022.04.30-17.14.33:054][  0]LogConfig: Setting CVar [[r.Tonemapper.Quality:5]]
[2022.04.30-17.14.33:054][  0]LogConfig: Setting CVar [[r.DOF.Gather.AccumulatorQuality:1        ; higher gathering accumulator quality]]
[2022.04.30-17.14.33:054][  0]LogConfig: Setting CVar [[r.DOF.Gather.PostfilterMethod:1          ; Median3x3 postfilering method]]
[2022.04.30-17.14.33:054][  0]LogConfig: Setting CVar [[r.DOF.Gather.EnableBokehSettings:0       ; no bokeh simulation when gathering]]
[2022.04.30-17.14.33:054][  0]LogConfig: Setting CVar [[r.DOF.Gather.RingCount:4                 ; medium number of samples when gathering]]
[2022.04.30-17.14.33:054][  0]LogConfig: Setting CVar [[r.DOF.Scatter.ForegroundCompositing:1    ; additive foreground scattering]]
[2022.04.30-17.14.33:054][  0]LogConfig: Setting CVar [[r.DOF.Scatter.BackgroundCompositing:2    ; additive background scattering]]
[2022.04.30-17.14.33:054][  0]LogConfig: Setting CVar [[r.DOF.Scatter.EnableBokehSettings:1      ; bokeh simulation when scattering]]
[2022.04.30-17.14.33:054][  0]LogConfig: Setting CVar [[r.DOF.Scatter.MaxSpriteRatio:0.1         ; only a maximum of 10% of scattered bokeh]]
[2022.04.30-17.14.33:054][  0]LogConfig: Setting CVar [[r.DOF.Recombine.Quality:1                ; cheap slight out of focus]]
[2022.04.30-17.14.33:054][  0]LogConfig: Setting CVar [[r.DOF.Recombine.EnableBokehSettings:0    ; no bokeh simulation on slight out of focus]]
[2022.04.30-17.14.33:054][  0]LogConfig: Setting CVar [[r.DOF.TemporalAAQuality:1                ; more stable temporal accumulation]]
[2022.04.30-17.14.33:054][  0]LogConfig: Setting CVar [[r.DOF.Kernel.MaxForegroundRadius:0.025]]
[2022.04.30-17.14.33:054][  0]LogConfig: Setting CVar [[r.DOF.Kernel.MaxBackgroundRadius:0.025]]
[2022.04.30-17.14.33:054][  0]LogConfig: Applying CVar settings from Section [TextureQuality@3] File [D:/Courses/CS684VirtualReality/VRChess/VRChess/Saved/Config/Windows/Scalability.ini]
[2022.04.30-17.14.33:054][  0]LogConfig: Setting CVar [[r.Streaming.MipBias:0]]
[2022.04.30-17.14.33:054][  0]LogConfig: Setting CVar [[r.Streaming.AmortizeCPUToGPUCopy:0]]
[2022.04.30-17.14.33:054][  0]LogConfig: Setting CVar [[r.Streaming.MaxNumTexturesToStreamPerFrame:0]]
[2022.04.30-17.14.33:054][  0]LogConfig: Setting CVar [[r.Streaming.Boost:1]]
[2022.04.30-17.14.33:054][  0]LogConfig: Setting CVar [[r.MaxAnisotropy:8]]
[2022.04.30-17.14.33:054][  0]LogConfig: Setting CVar [[r.VT.MaxAnisotropy:8]]
[2022.04.30-17.14.33:054][  0]LogConfig: Setting CVar [[r.Streaming.LimitPoolSizeToVRAM:0]]
[2022.04.30-17.14.33:054][  0]LogConfig: Setting CVar [[r.Streaming.PoolSize:1000]]
[2022.04.30-17.14.33:054][  0]LogConfig: Setting CVar [[r.Streaming.MaxEffectiveScreenSize:0]]
[2022.04.30-17.14.33:054][  0]LogConfig: Applying CVar settings from Section [EffectsQuality@3] File [D:/Courses/CS684VirtualReality/VRChess/VRChess/Saved/Config/Windows/Scalability.ini]
[2022.04.30-17.14.33:054][  0]LogConfig: Setting CVar [[r.TranslucencyLightingVolumeDim:4]]
[2022.04.30-17.14.33:054][  0]LogConfig: Setting CVar [[r.RefractionQuality:2]]
[2022.04.30-17.14.33:054][  0]LogConfig: Setting CVar [[r.SSR.Quality:0]]
[2022.04.30-17.14.33:054][  0]LogConfig: Setting CVar [[r.SSR.HalfResSceneColor:0]]
[2022.04.30-17.14.33:054][  0]LogConfig: Setting CVar [[r.SceneColorFormat:2]]
[2022.04.30-17.14.33:054][  0]LogConfig: Setting CVar [[r.DetailMode:2]]
[2022.04.30-17.14.33:054][  0]LogConfig: Setting CVar [[r.TranslucencyVolumeBlur:0]]
[2022.04.30-17.14.33:054][  0]LogConfig: Setting CVar [[r.MaterialQualityLevel:1 ; High quality]]
[2022.04.30-17.14.33:054][  0]LogConfig: Setting CVar [[r.AnisotropicMaterials:1]]
[2022.04.30-17.14.33:054][  0]LogConfig: Setting CVar [[r.SSS.Scale:1]]
[2022.04.30-17.14.33:054][  0]LogConfig: Setting CVar [[r.SSS.SampleSet:2]]
[2022.04.30-17.14.33:054][  0]LogConfig: Setting CVar [[r.SSS.Quality:1]]
[2022.04.30-17.14.33:054][  0]LogConfig: Setting CVar [[r.SSS.HalfRes:0]]
[2022.04.30-17.14.33:054][  0]LogConfig: Setting CVar [[r.SSGI.Quality:3]]
[2022.04.30-17.14.33:054][  0]LogConfig: Setting CVar [[r.EmitterSpawnRateScale:1.0]]
[2022.04.30-17.14.33:054][  0]LogConfig: Setting CVar [[r.ParticleLightQuality:2]]
[2022.04.30-17.14.33:054][  0]LogConfig: Setting CVar [[r.SkyAtmosphere.AerialPerspectiveLUT.FastApplyOnOpaque:1 ; Always have FastSkyLUT 1 in this case to avoid wrong sky]]
[2022.04.30-17.14.33:054][  0]LogConfig: Setting CVar [[r.SkyAtmosphere.AerialPerspectiveLUT.SampleCountMaxPerSlice:4]]
[2022.04.30-17.14.33:054][  0]LogConfig: Setting CVar [[r.SkyAtmosphere.AerialPerspectiveLUT.DepthResolution:16.0]]
[2022.04.30-17.14.33:054][  0]LogConfig: Setting CVar [[r.SkyAtmosphere.FastSkyLUT:1]]
[2022.04.30-17.14.33:054][  0]LogConfig: Setting CVar [[r.SkyAtmosphere.FastSkyLUT.SampleCountMin:4.0]]
[2022.04.30-17.14.33:054][  0]LogConfig: Setting CVar [[r.SkyAtmosphere.FastSkyLUT.SampleCountMax:128.0]]
[2022.04.30-17.14.33:054][  0]LogConfig: Setting CVar [[r.SkyAtmosphere.SampleCountMin:4.0]]
[2022.04.30-17.14.33:054][  0]LogConfig: Setting CVar [[r.SkyAtmosphere.SampleCountMax:128.0]]
[2022.04.30-17.14.33:054][  0]LogConfig: Setting CVar [[r.SkyAtmosphere.TransmittanceLUT.UseSmallFormat:0]]
[2022.04.30-17.14.33:054][  0]LogConfig: Setting CVar [[r.SkyAtmosphere.TransmittanceLUT.SampleCount:10.0]]
[2022.04.30-17.14.33:054][  0]LogConfig: Setting CVar [[r.SkyAtmosphere.MultiScatteringLUT.SampleCount:15.0]]
[2022.04.30-17.14.33:054][  0]LogConfig: Setting CVar [[r.SkyLight.RealTimeReflectionCapture:1]]
[2022.04.30-17.14.33:054][  0]LogConfig: Applying CVar settings from Section [FoliageQuality@3] File [D:/Courses/CS684VirtualReality/VRChess/VRChess/Saved/Config/Windows/Scalability.ini]
[2022.04.30-17.14.33:054][  0]LogConfig: Setting CVar [[foliage.DensityScale:1.0]]
[2022.04.30-17.14.33:054][  0]LogConfig: Setting CVar [[grass.DensityScale:1.0]]
[2022.04.30-17.14.33:054][  0]LogConfig: Applying CVar settings from Section [ShadingQuality@3] File [D:/Courses/CS684VirtualReality/VRChess/VRChess/Saved/Config/Windows/Scalability.ini]
[2022.04.30-17.14.33:054][  0]LogConfig: Setting CVar [[r.HairStrands.SkyLighting.IntegrationType:2]]
[2022.04.30-17.14.33:054][  0]LogConfig: Setting CVar [[r.HairStrands.SkyAO.SampleCount:4]]
[2022.04.30-17.14.33:055][  0]LogConfig: Setting CVar [[r.HairStrands.Visibility.MSAA.SamplePerPixel:4]]
[2022.04.30-17.14.33:055][  0]LogInit: Selected Device Profile: [Windows]
[2022.04.30-17.14.33:055][  0]LogInit: Applying CVar settings loaded from the selected device profile: [Windows]
[2022.04.30-17.14.33:055][  0]LogHAL: Display: Platform has ~ 16 GB [17010778112 / 17179869184 / 16], which maps to Larger [LargestMinGB=32, LargerMinGB=12, DefaultMinGB=8, SmallerMinGB=6, SmallestMinGB=0)
[2022.04.30-17.14.33:055][  0]LogInit: Going up to parent DeviceProfile []
[2022.04.30-17.14.33:055][  0]LogConfig: Applying CVar settings from Section [ViewDistanceQuality@3] File [D:/Courses/CS684VirtualReality/VRChess/VRChess/Saved/Config/Windows/Scalability.ini]
[2022.04.30-17.14.33:055][  0]LogConfig: Setting CVar [[r.SkeletalMeshLODBias:0]]
[2022.04.30-17.14.33:055][  0]LogConfig: Setting CVar [[r.ViewDistanceScale:1.0]]
[2022.04.30-17.14.33:055][  0]LogConfig: Applying CVar settings from Section [AntiAliasingQuality@3] File [D:/Courses/CS684VirtualReality/VRChess/VRChess/Saved/Config/Windows/Scalability.ini]
[2022.04.30-17.14.33:055][  0]LogConfig: Setting CVar [[r.PostProcessAAQuality:3]]
[2022.04.30-17.14.33:055][  0]LogConfig: Applying CVar settings from Section [ShadowQuality@3] File [D:/Courses/CS684VirtualReality/VRChess/VRChess/Saved/Config/Windows/Scalability.ini]
[2022.04.30-17.14.33:055][  0]LogConfig: Setting CVar [[r.LightFunctionQuality:1]]
[2022.04.30-17.14.33:055][  0]LogConfig: Setting CVar [[r.ShadowQuality:5]]
[2022.04.30-17.14.33:055][  0]LogConfig: Setting CVar [[r.Shadow.CSM.MaxCascades:10]]
[2022.04.30-17.14.33:055][  0]LogConfig: Setting CVar [[r.Shadow.MaxResolution:2048]]
[2022.04.30-17.14.33:055][  0]LogConfig: Setting CVar [[r.Shadow.MaxCSMResolution:2048]]
[2022.04.30-17.14.33:055][  0]LogConfig: Setting CVar [[r.Shadow.RadiusThreshold:0.01]]
[2022.04.30-17.14.33:055][  0]LogConfig: Setting CVar [[r.Shadow.DistanceScale:1.0]]
[2022.04.30-17.14.33:055][  0]LogConfig: Setting CVar [[r.Shadow.CSM.TransitionScale:1.0]]
[2022.04.30-17.14.33:055][  0]LogConfig: Setting CVar [[r.Shadow.PreShadowResolutionFactor:1.0]]
[2022.04.30-17.14.33:055][  0]LogConfig: Setting CVar [[r.DistanceFieldShadowing:1]]
[2022.04.30-17.14.33:055][  0]LogConfig: Setting CVar [[r.DistanceFieldAO:1]]
[2022.04.30-17.14.33:055][  0]LogConfig: Setting CVar [[r.AOQuality:2]]
[2022.04.30-17.14.33:055][  0]LogConfig: Setting CVar [[r.VolumetricFog:1]]
[2022.04.30-17.14.33:055][  0]LogConfig: Setting CVar [[r.VolumetricFog.GridPixelSize:8]]
[2022.04.30-17.14.33:055][  0]LogConfig: Setting CVar [[r.VolumetricFog.GridSizeZ:128]]
[2022.04.30-17.14.33:055][  0]LogConfig: Setting CVar [[r.VolumetricFog.HistoryMissSupersampleCount:4]]
[2022.04.30-17.14.33:055][  0]LogConfig: Setting CVar [[r.LightMaxDrawDistanceScale:1]]
[2022.04.30-17.14.33:055][  0]LogConfig: Setting CVar [[r.CapsuleShadows:1]]
[2022.04.30-17.14.33:055][  0]LogConfig: Applying CVar settings from Section [PostProcessQuality@3] File [D:/Courses/CS684VirtualReality/VRChess/VRChess/Saved/Config/Windows/Scalability.ini]
[2022.04.30-17.14.33:055][  0]LogConfig: Setting CVar [[r.MotionBlurQuality:0]]
[2022.04.30-17.14.33:055][  0]LogConfig: Setting CVar [[r.AmbientOcclusionMipLevelFactor:0.4]]
[2022.04.30-17.14.33:055][  0]LogConfig: Setting CVar [[r.AmbientOcclusionMaxQuality:100]]
[2022.04.30-17.14.33:055][  0]LogConfig: Setting CVar [[r.AmbientOcclusionLevels:0]]
[2022.04.30-17.14.33:055][  0]LogConfig: Setting CVar [[r.AmbientOcclusionRadiusScale:1.0]]
[2022.04.30-17.14.33:055][  0]LogConfig: Setting CVar [[r.DepthOfFieldQuality:0]]
[2022.04.30-17.14.33:055][  0]LogConfig: Setting CVar [[r.RenderTargetPoolMin:400]]
[2022.04.30-17.14.33:055][  0]LogConfig: Setting CVar [[r.LensFlareQuality:0]]
[2022.04.30-17.14.33:055][  0]LogConfig: Setting CVar [[r.SceneColorFringeQuality:0]]
[2022.04.30-17.14.33:055][  0]LogConfig: Setting CVar [[r.EyeAdaptationQuality:2]]
[2022.04.30-17.14.33:055][  0]LogConfig: Setting CVar [[r.BloomQuality:1]]
[2022.04.30-17.14.33:055][  0]LogConfig: Setting CVar [[r.FastBlurThreshold:0]]
[2022.04.30-17.14.33:055][  0]LogConfig: Setting CVar [[r.Upscale.Quality:3]]
[2022.04.30-17.14.33:055][  0]LogConfig: Setting CVar [[r.Tonemapper.GrainQuantization:1]]
[2022.04.30-17.14.33:055][  0]LogConfig: Setting CVar [[r.LightShaftQuality:1]]
[2022.04.30-17.14.33:055][  0]LogConfig: Setting CVar [[r.Filter.SizeScale:1]]
[2022.04.30-17.14.33:055][  0]LogConfig: Setting CVar [[r.Tonemapper.Quality:5]]
[2022.04.30-17.14.33:055][  0]LogConfig: Setting CVar [[r.DOF.Gather.AccumulatorQuality:1        ; higher gathering accumulator quality]]
[2022.04.30-17.14.33:055][  0]LogConfig: Setting CVar [[r.DOF.Gather.PostfilterMethod:1          ; Median3x3 postfilering method]]
[2022.04.30-17.14.33:055][  0]LogConfig: Setting CVar [[r.DOF.Gather.EnableBokehSettings:0       ; no bokeh simulation when gathering]]
[2022.04.30-17.14.33:055][  0]LogConfig: Setting CVar [[r.DOF.Gather.RingCount:4                 ; medium number of samples when gathering]]
[2022.04.30-17.14.33:055][  0]LogConfig: Setting CVar [[r.DOF.Scatter.ForegroundCompositing:1    ; additive foreground scattering]]
[2022.04.30-17.14.33:055][  0]LogConfig: Setting CVar [[r.DOF.Scatter.BackgroundCompositing:2    ; additive background scattering]]
[2022.04.30-17.14.33:055][  0]LogConfig: Setting CVar [[r.DOF.Scatter.EnableBokehSettings:1      ; bokeh simulation when scattering]]
[2022.04.30-17.14.33:055][  0]LogConfig: Setting CVar [[r.DOF.Scatter.MaxSpriteRatio:0.1         ; only a maximum of 10% of scattered bokeh]]
[2022.04.30-17.14.33:055][  0]LogConfig: Setting CVar [[r.DOF.Recombine.Quality:1                ; cheap slight out of focus]]
[2022.04.30-17.14.33:055][  0]LogConfig: Setting CVar [[r.DOF.Recombine.EnableBokehSettings:0    ; no bokeh simulation on slight out of focus]]
[2022.04.30-17.14.33:055][  0]LogConfig: Setting CVar [[r.DOF.TemporalAAQuality:1                ; more stable temporal accumulation]]
[2022.04.30-17.14.33:055][  0]LogConfig: Setting CVar [[r.DOF.Kernel.MaxForegroundRadius:0.025]]
[2022.04.30-17.14.33:055][  0]LogConfig: Setting CVar [[r.DOF.Kernel.MaxBackgroundRadius:0.025]]
[2022.04.30-17.14.33:055][  0]LogConfig: Applying CVar settings from Section [TextureQuality@3] File [D:/Courses/CS684VirtualReality/VRChess/VRChess/Saved/Config/Windows/Scalability.ini]
[2022.04.30-17.14.33:055][  0]LogConfig: Setting CVar [[r.Streaming.MipBias:0]]
[2022.04.30-17.14.33:055][  0]LogConfig: Setting CVar [[r.Streaming.AmortizeCPUToGPUCopy:0]]
[2022.04.30-17.14.33:055][  0]LogConfig: Setting CVar [[r.Streaming.MaxNumTexturesToStreamPerFrame:0]]
[2022.04.30-17.14.33:055][  0]LogConfig: Setting CVar [[r.Streaming.Boost:1]]
[2022.04.30-17.14.33:055][  0]LogConfig: Setting CVar [[r.MaxAnisotropy:8]]
[2022.04.30-17.14.33:055][  0]LogConfig: Setting CVar [[r.VT.MaxAnisotropy:8]]
[2022.04.30-17.14.33:055][  0]LogConfig: Setting CVar [[r.Streaming.LimitPoolSizeToVRAM:0]]
[2022.04.30-17.14.33:055][  0]LogConfig: Setting CVar [[r.Streaming.PoolSize:1000]]
[2022.04.30-17.14.33:055][  0]LogConfig: Setting CVar [[r.Streaming.MaxEffectiveScreenSize:0]]
[2022.04.30-17.14.33:055][  0]LogConfig: Applying CVar settings from Section [EffectsQuality@3] File [D:/Courses/CS684VirtualReality/VRChess/VRChess/Saved/Config/Windows/Scalability.ini]
[2022.04.30-17.14.33:055][  0]LogConfig: Setting CVar [[r.TranslucencyLightingVolumeDim:4]]
[2022.04.30-17.14.33:055][  0]LogConfig: Setting CVar [[r.RefractionQuality:2]]
[2022.04.30-17.14.33:055][  0]LogConfig: Setting CVar [[r.SSR.Quality:0]]
[2022.04.30-17.14.33:055][  0]LogConfig: Setting CVar [[r.SSR.HalfResSceneColor:0]]
[2022.04.30-17.14.33:055][  0]LogConfig: Setting CVar [[r.SceneColorFormat:2]]
[2022.04.30-17.14.33:055][  0]LogConfig: Setting CVar [[r.DetailMode:2]]
[2022.04.30-17.14.33:055][  0]LogConfig: Setting CVar [[r.TranslucencyVolumeBlur:0]]
[2022.04.30-17.14.33:055][  0]LogConfig: Setting CVar [[r.MaterialQualityLevel:1 ; High quality]]
[2022.04.30-17.14.33:055][  0]LogConfig: Setting CVar [[r.AnisotropicMaterials:1]]
[2022.04.30-17.14.33:055][  0]LogConfig: Setting CVar [[r.SSS.Scale:1]]
[2022.04.30-17.14.33:055][  0]LogConfig: Setting CVar [[r.SSS.SampleSet:2]]
[2022.04.30-17.14.33:055][  0]LogConfig: Setting CVar [[r.SSS.Quality:1]]
[2022.04.30-17.14.33:055][  0]LogConfig: Setting CVar [[r.SSS.HalfRes:0]]
[2022.04.30-17.14.33:055][  0]LogConfig: Setting CVar [[r.SSGI.Quality:3]]
[2022.04.30-17.14.33:055][  0]LogConfig: Setting CVar [[r.EmitterSpawnRateScale:1.0]]
[2022.04.30-17.14.33:055][  0]LogConfig: Setting CVar [[r.ParticleLightQuality:2]]
[2022.04.30-17.14.33:055][  0]LogConfig: Setting CVar [[r.SkyAtmosphere.AerialPerspectiveLUT.FastApplyOnOpaque:1 ; Always have FastSkyLUT 1 in this case to avoid wrong sky]]
[2022.04.30-17.14.33:055][  0]LogConfig: Setting CVar [[r.SkyAtmosphere.AerialPerspectiveLUT.SampleCountMaxPerSlice:4]]
[2022.04.30-17.14.33:055][  0]LogConfig: Setting CVar [[r.SkyAtmosphere.AerialPerspectiveLUT.DepthResolution:16.0]]
[2022.04.30-17.14.33:055][  0]LogConfig: Setting CVar [[r.SkyAtmosphere.FastSkyLUT:1]]
[2022.04.30-17.14.33:056][  0]LogConfig: Setting CVar [[r.SkyAtmosphere.FastSkyLUT.SampleCountMin:4.0]]
[2022.04.30-17.14.33:056][  0]LogConfig: Setting CVar [[r.SkyAtmosphere.FastSkyLUT.SampleCountMax:128.0]]
[2022.04.30-17.14.33:056][  0]LogConfig: Setting CVar [[r.SkyAtmosphere.SampleCountMin:4.0]]
[2022.04.30-17.14.33:056][  0]LogConfig: Setting CVar [[r.SkyAtmosphere.SampleCountMax:128.0]]
[2022.04.30-17.14.33:056][  0]LogConfig: Setting CVar [[r.SkyAtmosphere.TransmittanceLUT.UseSmallFormat:0]]
[2022.04.30-17.14.33:056][  0]LogConfig: Setting CVar [[r.SkyAtmosphere.TransmittanceLUT.SampleCount:10.0]]
[2022.04.30-17.14.33:056][  0]LogConfig: Setting CVar [[r.SkyAtmosphere.MultiScatteringLUT.SampleCount:15.0]]
[2022.04.30-17.14.33:056][  0]LogConfig: Setting CVar [[r.SkyLight.RealTimeReflectionCapture:1]]
[2022.04.30-17.14.33:056][  0]LogConfig: Applying CVar settings from Section [FoliageQuality@3] File [D:/Courses/CS684VirtualReality/VRChess/VRChess/Saved/Config/Windows/Scalability.ini]
[2022.04.30-17.14.33:056][  0]LogConfig: Setting CVar [[foliage.DensityScale:1.0]]
[2022.04.30-17.14.33:056][  0]LogConfig: Setting CVar [[grass.DensityScale:1.0]]
[2022.04.30-17.14.33:056][  0]LogConfig: Applying CVar settings from Section [ShadingQuality@3] File [D:/Courses/CS684VirtualReality/VRChess/VRChess/Saved/Config/Windows/Scalability.ini]
[2022.04.30-17.14.33:056][  0]LogConfig: Setting CVar [[r.HairStrands.SkyLighting.IntegrationType:2]]
[2022.04.30-17.14.33:056][  0]LogConfig: Setting CVar [[r.HairStrands.SkyAO.SampleCount:4]]
[2022.04.30-17.14.33:056][  0]LogConfig: Setting CVar [[r.HairStrands.Visibility.MSAA.SamplePerPixel:4]]
[2022.04.30-17.14.33:056][  0]LogConfig: Applying CVar settings from Section [Startup] File [../../../Engine/Config/ConsoleVariables.ini]
[2022.04.30-17.14.33:056][  0]LogConfig: Setting CVar [[net.UseAdaptiveNetUpdateFrequency:0]]
[2022.04.30-17.14.33:056][  0]LogConfig: Setting CVar [[p.chaos.AllowCreatePhysxBodies:1]]
[2022.04.30-17.14.33:056][  0]LogConfig: Setting CVar [[fx.SkipVectorVMBackendOptimizations:1]]
[2022.04.30-17.14.33:056][  0]LogConfig: Applying CVar settings from Section [ConsoleVariables] File [D:/Courses/CS684VirtualReality/VRChess/VRChess/Saved/Config/Windows/Engine.ini]
[2022.04.30-17.14.33:056][  0]LogConfig: Applying CVar settings from Section [ConsoleVariables] File [D:/Courses/CS684VirtualReality/VRChess/VRChess/Saved/Config/Windows/Editor.ini]
[2022.04.30-17.14.33:057][  0]LogInit: Computer: LAPTOP-NO6VT2RV
[2022.04.30-17.14.33:057][  0]LogInit: User: prith
[2022.04.30-17.14.33:057][  0]LogInit: CPU Page size=4096, Cores=6
[2022.04.30-17.14.33:057][  0]LogInit: High frequency timer resolution =10.000000 MHz
[2022.04.30-17.14.33:057][  0]LogMemory: Memory total: Physical=15.8GB (16GB approx)
[2022.04.30-17.14.33:057][  0]LogMemory: Platform Memory Stats for Windows
[2022.04.30-17.14.33:057][  0]LogMemory: Process Physical Memory: 144.23 MB used, 144.23 MB peak
[2022.04.30-17.14.33:057][  0]LogMemory: Process Virtual Memory: 130.01 MB used, 130.01 MB peak
[2022.04.30-17.14.33:057][  0]LogMemory: Physical Memory: 13802.41 MB used,  2420.33 MB free, 16222.74 MB total
[2022.04.30-17.14.33:057][  0]LogMemory: Virtual Memory: 134211512.00 MB used,  6213.60 MB free, 134217728.00 MB total
[2022.04.30-17.14.33:062][  0]LogWindows: WindowsPlatformFeatures enabled
[2022.04.30-17.14.33:106][  0]LogInit: Physics initialised using underlying interface: PhysX
[2022.04.30-17.14.33:107][  0]LogInit: Using OS detected language (en-US).
[2022.04.30-17.14.33:107][  0]LogInit: Using OS detected locale (en-US).
[2022.04.30-17.14.33:112][  0]LogTextLocalizationManager: No specific localization for 'en-US' exists, so the 'en' localization will be used.
[2022.04.30-17.14.33:336][  0]LogWindowsTextInputMethodSystem: Display: IME system deactivated.
[2022.04.30-17.14.33:354][  0]LogSlate: New Slate User Created.  User Index 0, Is Virtual User: 0
[2022.04.30-17.14.33:354][  0]LogSlate: Slate User Registered.  User Index 0, Is Virtual User: 0
[2022.04.30-17.14.33:370][  0]LogD3D11RHI: Loaded GFSDK_Aftermath_Lib.x64.dll
[2022.04.30-17.14.33:422][  0]LogHMD: Failed to initialize OpenVR with code 108
[2022.04.30-17.14.33:422][  0]LogD3D11RHI: D3D11 min allowed feature level: 11_0
[2022.04.30-17.14.33:422][  0]LogD3D11RHI: D3D11 max allowed feature level: 11_0
[2022.04.30-17.14.33:422][  0]LogD3D11RHI: D3D11 adapters:
[2022.04.30-17.14.33:517][  0]LogD3D11RHI:    0. 'NVIDIA GeForce RTX 2070 Super with Max-Q Design' (Feature Level 11_0)
[2022.04.30-17.14.33:517][  0]LogD3D11RHI:       8012/0/8111 MB DedicatedVideo/DedicatedSystem/SharedSystem, Outputs:2, VendorId:0x10de
[2022.04.30-17.14.33:519][  0]LogD3D11RHI:    1. 'Microsoft Basic Render Driver' (Feature Level 11_0)
[2022.04.30-17.14.33:519][  0]LogD3D11RHI:       0/0/8111 MB DedicatedVideo/DedicatedSystem/SharedSystem, Outputs:0, VendorId:0x1414
[2022.04.30-17.14.33:519][  0]LogD3D11RHI: Chosen D3D11 Adapter:
[2022.04.30-17.14.33:519][  0]LogD3D11RHI:     Description : NVIDIA GeForce RTX 2070 Super with Max-Q Design
[2022.04.30-17.14.33:519][  0]LogD3D11RHI:     VendorId    : 10de
[2022.04.30-17.14.33:519][  0]LogD3D11RHI:     DeviceId    : 1ed1
[2022.04.30-17.14.33:519][  0]LogD3D11RHI:     SubSysId    : 8746103c
[2022.04.30-17.14.33:519][  0]LogD3D11RHI:     Revision    : 00a1
[2022.04.30-17.14.33:519][  0]LogD3D11RHI:     DedicatedVideoMemory : 8401190912 bytes
[2022.04.30-17.14.33:519][  0]LogD3D11RHI:     DedicatedSystemMemory : 0 bytes
[2022.04.30-17.14.33:519][  0]LogD3D11RHI:     SharedSystemMemory : 8505389056 bytes
[2022.04.30-17.14.33:519][  0]LogD3D11RHI:     AdapterLuid : 0 69431
[2022.04.30-17.14.33:525][  0]LogD3D11RHI: Creating new Direct3DDevice
[2022.04.30-17.14.33:525][  0]LogD3D11RHI:     GPU DeviceId: 0x1ed1 (for the marketing name, search the web for "GPU Device Id")
[2022.04.30-17.14.33:525][  0]LogWindows: EnumDisplayDevices:
[2022.04.30-17.14.33:525][  0]LogWindows:    0. 'NVIDIA GeForce RTX 2070 Super with Max-Q Design' (P:0 D:1)
[2022.04.30-17.14.33:525][  0]LogWindows:    1. 'NVIDIA GeForce RTX 2070 Super with Max-Q Design' (P:1 D:1)
[2022.04.30-17.14.33:525][  0]LogWindows:    2. 'NVIDIA GeForce RTX 2070 Super with Max-Q Design' (P:0 D:0)
[2022.04.30-17.14.33:526][  0]LogWindows:    3. 'NVIDIA GeForce RTX 2070 Super with Max-Q Design' (P:0 D:0)
[2022.04.30-17.14.33:526][  0]LogWindows: DebugString: FoundDriverCount:4 
[2022.04.30-17.14.33:526][  0]LogD3D11RHI:     Adapter Name: NVIDIA GeForce RTX 2070 Super with Max-Q Design
[2022.04.30-17.14.33:526][  0]LogD3D11RHI:   Driver Version: 511.79 (internal:30.0.15.1179, unified:511.79)
[2022.04.30-17.14.33:526][  0]LogD3D11RHI:      Driver Date: 2-10-2022
[2022.04.30-17.14.33:526][  0]LogRHI: Texture pool is 5608 MB (70% of 8012 MB)
[2022.04.30-17.14.33:526][  0]LogD3D11RHI: Creating D3DDevice using adapter:
[2022.04.30-17.14.33:526][  0]LogD3D11RHI:     Description : NVIDIA GeForce RTX 2070 Super with Max-Q Design
[2022.04.30-17.14.33:526][  0]LogD3D11RHI:     VendorId    : 10de
[2022.04.30-17.14.33:526][  0]LogD3D11RHI:     DeviceId    : 1ed1
[2022.04.30-17.14.33:526][  0]LogD3D11RHI:     SubSysId    : 8746103c
[2022.04.30-17.14.33:526][  0]LogD3D11RHI:     Revision    : 00a1
[2022.04.30-17.14.33:526][  0]LogD3D11RHI:     DedicatedVideoMemory : 8401190912 bytes
[2022.04.30-17.14.33:526][  0]LogD3D11RHI:     DedicatedSystemMemory : 0 bytes
[2022.04.30-17.14.33:526][  0]LogD3D11RHI:     SharedSystemMemory : 8505389056 bytes
[2022.04.30-17.14.33:526][  0]LogD3D11RHI:     AdapterLuid : 0 69431
[2022.04.30-17.14.33:584][  0]LogD3D11RHI: RHI has support for 64 bit atomics
[2022.04.30-17.14.33:584][  0]LogD3D11RHI: Async texture creation enabled
[2022.04.30-17.14.33:584][  0]LogD3D11RHI: Array index from any shader is supported
[2022.04.30-17.14.33:608][  0]LogD3D11RHI: GPU Timing Frequency: 1000.000000 (Debug: 2 2)
[2022.04.30-17.14.33:644][  0]LogRHI: GeForceNow SDK initialized: 1
[2022.04.30-17.14.33:938][  0]LogTargetPlatformManager: Display: Loaded TargetPlatform 'WindowsNoEditor'
[2022.04.30-17.14.33:943][  0]LogTargetPlatformManager: Display: Loaded TargetPlatform 'Windows'
[2022.04.30-17.14.33:948][  0]LogTargetPlatformManager: Display: Loaded TargetPlatform 'WindowsClient'
[2022.04.30-17.14.33:954][  0]LogTargetPlatformManager: Display: Loaded TargetPlatform 'WindowsServer'
[2022.04.30-17.14.33:954][  0]LogTargetPlatformManager: Display: Building Assets For Windows
[2022.04.30-17.14.33:962][  0]LogAudioDebug: Display: Lib vorbis DLL was dynamically loaded.
[2022.04.30-17.14.33:998][  0]LogTextureFormatOodle: Display: Oodle Texture 2.9.0 init RDO Off
[2022.04.30-17.14.34:035][  0]LogRendererCore: Ray tracing is disabled. Reason: r.RayTracing=0.
[2022.04.30-17.14.34:035][  0]LogShaderCompilers: Guid format shader working directory is -1 characters bigger than the processId version (D:/Courses/CS684VirtualReality/VRChess/VRChess/Intermediate/Shaders/WorkingDirectory/19788/).
[2022.04.30-17.14.34:035][  0]LogShaderCompilers: Cleaned the shader compiler working directory 'C:/Users/prith/AppData/Local/Temp/UnrealShaderWorkingDir/0472D6AE4FE7FB10D02092A4CAE29966/'.
[2022.04.30-17.14.34:035][  0]LogXGEController: Cannot use XGE Controller as Incredibuild is not installed on this machine.
[2022.04.30-17.14.34:035][  0]LogShaderCompilers: Cannot use XGE Shader Compiler as Incredibuild is not installed on this machine.
[2022.04.30-17.14.34:035][  0]LogShaderCompilers: Display: Using Local Shader Compiler.
[2022.04.30-17.14.34:921][  0]LogDerivedDataCache: Display: Max Cache Size: 512 MB
[2022.04.30-17.14.35:015][  0]LogDerivedDataCache: Loaded boot cache 0.09s 117MB C:/Users/prith/AppData/Local/UnrealEngine/4.27/DerivedDataCache/Boot.ddc.
[2022.04.30-17.14.35:015][  0]LogDerivedDataCache: Display: Loaded Boot cache: C:/Users/prith/AppData/Local/UnrealEngine/4.27/DerivedDataCache/Boot.ddc
[2022.04.30-17.14.35:015][  0]LogDerivedDataCache: FDerivedDataBackendGraph:  Pak pak cache file D:/Courses/CS684VirtualReality/VRChess/VRChess/DerivedDataCache/DDC.ddp not found, will not use a pak cache.
[2022.04.30-17.14.35:015][  0]LogDerivedDataCache: Unable to find inner node Pak for hierarchical cache Hierarchy.
[2022.04.30-17.14.35:015][  0]LogDerivedDataCache: FDerivedDataBackendGraph:  CompressedPak pak cache file D:/Courses/CS684VirtualReality/VRChess/VRChess/DerivedDataCache/Compressed.ddp not found, will not use a pak cache.
[2022.04.30-17.14.35:015][  0]LogDerivedDataCache: Unable to find inner node CompressedPak for hierarchical cache Hierarchy.
[2022.04.30-17.14.35:035][  0]LogDerivedDataCache: Display: Pak cache opened for reading ../../../Engine/DerivedDataCache/Compressed.ddp.
[2022.04.30-17.14.35:035][  0]LogDerivedDataCache: FDerivedDataBackendGraph:  EnterprisePak pak cache file ../../../Enterprise/DerivedDataCache/Compressed.ddp not found, will not use a pak cache.
[2022.04.30-17.14.35:035][  0]LogDerivedDataCache: Unable to find inner node EnterprisePak for hierarchical cache Hierarchy.
[2022.04.30-17.14.35:047][  0]LogDerivedDataCache: Speed tests for C:/Users/prith/AppData/Local/UnrealEngine/Common/DerivedDataCache took 0.01 seconds
[2022.04.30-17.14.35:048][  0]LogDerivedDataCache: Display: Performance to C:/Users/prith/AppData/Local/UnrealEngine/Common/DerivedDataCache: Latency=0.06ms. RandomReadSpeed=198.60MBs, RandomWriteSpeed=143.23MBs. Assigned SpeedClass 'Local'
[2022.04.30-17.14.35:048][  0]LogDerivedDataCache: Using Local data cache path C:/Users/prith/AppData/Local/UnrealEngine/Common/DerivedDataCache: Writable
[2022.04.30-17.14.35:048][  0]LogDerivedDataCache: Shared data cache path not found in *engine.ini, will not use an Shared cache.
[2022.04.30-17.14.35:048][  0]LogDerivedDataCache: Unable to find inner node Shared for hierarchical cache Hierarchy.
[2022.04.30-17.14.35:091][  0]LogSlate: Using FreeType 2.10.0
[2022.04.30-17.14.35:092][  0]LogSlate: SlateFontServices - WITH_FREETYPE: 1, WITH_HARFBUZZ: 1
[2022.04.30-17.14.35:181][  0]LogInit: Using OS detected language (en-US).
[2022.04.30-17.14.35:181][  0]LogInit: Using OS detected locale (en-US).
[2022.04.30-17.14.35:181][  0]LogTextLocalizationManager: No localization for 'en-US' exists, so 'en' will be used for the language.
[2022.04.30-17.14.35:181][  0]LogTextLocalizationManager: No localization for 'en-US' exists, so 'en' will be used for the locale.
[2022.04.30-17.14.35:181][  0]LogSlate: FontCache flush requested. Reason: Culture for localization was changed
[2022.04.30-17.14.35:181][  0]LogSlate: FontCache flush requested. Reason: Culture for localization was changed
[2022.04.30-17.14.35:186][  0]LogTextLocalizationManager: Compacting localization data took   0.01ms
[2022.04.30-17.14.35:186][  0]LogAssetRegistry: FAssetRegistry took 0.0031 seconds to start up
[2022.04.30-17.14.35:363][  0]LogPackageLocalizationCache: Processed 27 localized package path(s) for 1 prioritized culture(s) in 0.000897 seconds
[2022.04.30-17.14.35:432][  0]LogInit: Selected Device Profile: [Windows]
[2022.04.30-17.14.35:432][  0]LogInit: Active device profile: [0000022297801B00][000002228F8648C0 49] Windows
[2022.04.30-17.14.35:432][  0]LogInit: Profiles: [0000022297801B00][000002228F8648C0 49] Windows, [00000222977BF200][000002228F86CA40 49] WindowsNoEditor, [0000022297803900][000002228F870BC0 49] WindowsServer, [00000222977BCA00][000002228F874D40 49] WindowsClient, [0000022297800B00][0000022290192EC0 49] IOS, [00000222977BEA00][0000022290197040 49] iPadAir, [0000022297803300][000002229019B1C0 49] iPadAir2, [0000022297769300][00000222901A3480 49] IPadPro, [0000022297769400][000002229019F4C0 49] iPadAir3, [00000222977BDB00][00000222901A7640 49] iPadAir4, [000002229776BA00][000002228F869780 49] iPadMini2, [00000222977BE500][00000222901AB8C0 49] iPadMini3, [000002229776BF00][00000222901AFA00 49] iPadMini4, [00000222977BC900][00000222901B3B40 49] iPadMini5, [0000022297795000][00000222979B0280 49] iPhone6, [0000022297795100][00000222901BA2C0 49] iPodTouch6, [0000022297803400][00000222979B8580 49] iPhone7, [0000022297800500][00000222979B45C0 49] iPodTouch7, [0000022297794100][00000222979BC740 49] iPhone5S, [0000022297768700][00000222979C08C0 49] iPhone6Plus, [0000022297796F00][00000222979C4A40 49] iPhone6S, [0000022297769A00][00000222979C8BC0 49] iPhone6SPlus, [0000022297794A00][00000222979CCD40 49] iPhone7Plus, [000002229776BE00][00000222979D0EC0 49] iPhoneSE, [0000022297800200][00000222979D5040 49] iPhone8, [0000022297768600][00000222979D91C0 49] iPhone8Plus, [0000022297802300][00000222979DD340 49] iPhoneX, [000002229776BC00][00000222979E14C0 49] iPhoneXS, [0000022297803E00][00000222979E5640 49] iPhoneXSMax, [000002229776B400][00000222979E97C0 49] iPhoneXR, [0000022297802E00][00000222901B7900 49] iPhone11, [000002229776A500][00000222979EDA40 49] iPhone11Pro, [0000022297802C00][00000222979F1B80 49] iPhone11ProMax, [000002229776BB00][00000222979F4140 49] iPhoneSE2, [0000022297800E00][00000222979FC2C0 49] iPhone12Mini, [000002229776A600][0000022297A00440 49] iPhone12, [0000022297801800][0000022297A045C0 49] iPhone12Pro, [0000022297769B00][0000022297A08740 49] iPhone12ProMax, [0000022297801000][0000022297A0C8C0 49] iPadPro105, [0000022297769E00][0000022297A10A40 49] iPadPro129, [0000022297800400][0000022297A14BC0 49] iPadPro97, [0000022297768F00][0000022297A18D40 49] iPadPro2_129, [0000022297800F00][0000022297A1CEC0 49] iPad5, [000002229776B800][0000022297A21040 49] iPad6, [0000022297803F00][0000022297A251C0 49] iPad7, [000002229776AF00][0000022297A29340 49] iPad8, [0000022297801900][0000022297A2D4C0 49] iPadPro11, [0000022297768100][0000022297A31640 49] iPadPro2_11, [0000022297803D00][0000022297A357C0 49] iPadPro3_129, [0000022297768D00][0000022297A39940 49] iPadPro4_129, [0000022297800300][0000022297A3DAC0 49] AppleTV, [000002229776AA00][00000222979F9C00 49] AppleTV4K, [0000022297802D00][0000022297A401C0 49] TVOS, [000002229776A300][0000022297A44300 49] Mac, [0000022297801D00][0000022297A4C480 49] MacClient, [000002229776AC00][0000022297A50600 49] MacNoEditor, [0000022297800100][0000022297A54780 49] MacServer, [0000022297769200][0000022297A58900 49] Linux, [0000022297800D00][0000022297A5CA80 49] LinuxAArch64, [000002229776A800][0000022297A60C00 49] LinuxNoEditor, [0000022297801C00][0000022297A64D80 49] LinuxAArch64NoEditor, [0000022297769000][0000022297A68F00 49] LinuxClient, [0000022297802700][0000022297A6D080 49] LinuxAArch64Client, [000002229776A900][0000022297A71200 49] LinuxServer, [0000022297803700][0000022297A75380 49] LinuxAArch64Server, [0000022297769700][0000022297A79500 49] Android, [0000022297802100][0000022297A7D680 49] Android_Low, [0000022297768500][0000022297A81800 49] Android_Mid, [0000022297803600][0000022297A85980 49] Android_High, [0000022297768C00][0000022297A89B00 49] Android_Default, [0000022297800600][0000022297A8C100 49] Android_Adreno4xx, [000002229783C400][0000022297A48240 49] Android_Adreno5xx_Low, [0000022297801500][0000022297A90380 49] Android_Adreno5xx, [00000222977BD800][0000022297A944C0 49] Android_Adreno6xx, [0000022297796E00][0000022297A9C640 49] Android_Adreno6xx_Vulkan, [00000222977BD400][0000022297AA07C0 49] Android_Mali_T6xx, [0000022297797100][0000022297AA4940 49] Android_Mali_T7xx, [00000222977BEF00][0000022297AA8AC0 49] Android_Mali_T8xx, [0000022297795500][0000022297AACC40 49] Android_Mali_G71, [00000222977BE200][0000022297AB0DC0 49] Android_Mali_G72, [0000022297795900][0000022297AB4F40 49] Android_Mali_G72_Vulkan, [00000222977BEB00][0000022297AB90C0 49] Android_Mali_G76, [0000022297796900][0000022297ABD240 49] Android_Mali_G76_Vulkan, [00000222977BD200][0000022297AC13C0 49] Android_Mali_G77, [0000022297795700][0000022297AC5540 49] Android_Mali_G77_Vulkan, [00000222977BC500][0000022297AC96C0 49] Android_Mali_G78, [0000022297797400][0000022297ACD840 49] Android_Mali_G78_Vulkan, [00000222977BF700][0000022297AD19C0 49] Android_Mali_G710, [0000022297796100][0000022297AD5B40 49] Android_Mali_G710_Vulkan, [00000222977BE600][0000022297AD8140 49] Android_Vulkan_SM5, [0000022297796400][0000022297ADC2C0 49] Android_PowerVR_G6xxx, [00000222977BF100][0000022297A98400 49] Android_PowerVR_GT7xxx, [0000022297794700][0000022297AE0540 49] Android_PowerVR_GE8xxx, [00000222977BD500][0000022297AE4680 49] Android_PowerVR_GM9xxx, [0000022297794C00][0000022297AE87C0 49] Android_PowerVR_GM9xxx_Vulkan, [00000222977BCE00][0000022297AF0940 49] Android_TegraK1, [0000022297794500][0000022297AF4AC0 49] Android_Unknown_Vulkan, [00000222977BE900][0000022297AF8C40 49] Lumin, [0000022297797E00][0000022297AFCDC0 49] Lumin_Desktop, [00000222977BF300][0000022297B00F40 49] HoloLens, 
[2022.04.30-17.14.35:480][  0]LogMeshReduction: Using QuadricMeshReduction for automatic static mesh reduction
[2022.04.30-17.14.35:480][  0]LogMeshReduction: Using SimplygonMeshReduction for automatic skeletal mesh reduction
[2022.04.30-17.14.35:480][  0]LogMeshReduction: Using ProxyLODMeshReduction for automatic mesh merging
[2022.04.30-17.14.35:480][  0]LogMeshReduction: No distributed automatic mesh merging module available
[2022.04.30-17.14.35:480][  0]LogMeshMerging: No distributed automatic mesh merging module available
[2022.04.30-17.14.35:588][  0]LogNetVersion: VRChess 1.0.0, NetCL: 17155196, EngineNetVer: 17, GameNetVer: 0 (Checksum: 2686174489)
[2022.04.30-17.14.35:835][  0]LogTexture: Default maximum texture size for cubemaps generated from long-lat sources has been changed from 512 to unlimited. In order to preserve old behaiour for '/Engine/MapTemplates/Sky/DaylightAmbientCubemap.DaylightAmbientCubemap', its maximum texture size has been explicitly set to 512.
[2022.04.30-17.14.35:891][  0]LogHMD: PokeAHoleMaterial loaded successfully
[2022.04.30-17.14.36:007][  0]LogMoviePlayer: Initializing movie player
[2022.04.30-17.14.36:196][  0]LogTcpMessaging: Initializing TcpMessaging bridge
[2022.04.30-17.14.36:200][  0]LogUdpMessaging: Initializing bridge on interface 0.0.0.0:0 to multicast group 230.0.0.1:6666.
[2022.04.30-17.14.36:212][  0]LogPython: Using Python 3.7.7
[2022.04.30-17.14.36:763][  0]LogNiagaraDebuggerClient: Niagara Debugger Client Initialized | Session: F1494D2E40E19A0521BC51B36FA43F03 | Instance: 1B4420F144958921260D80A1974FB1A1 (LAPTOP-NO6VT2RV-19788).
[2022.04.30-17.14.36:787][  0]LogCollectionManager: Loaded 0 collections in 0.001803 seconds
[2022.04.30-17.14.36:790][  0]LogFileCache: Scanning file cache for directory 'D:/Courses/CS684VirtualReality/VRChess/VRChess/Saved/Collections/' took 0.00s
[2022.04.30-17.14.36:790][  0]LogFileCache: Scanning file cache for directory 'D:/Courses/CS684VirtualReality/VRChess/VRChess/Content/Developers/prith/Collections/' took 0.00s
[2022.04.30-17.14.36:790][  0]LogFileCache: Scanning file cache for directory 'D:/Courses/CS684VirtualReality/VRChess/VRChess/Content/Collections/' took 0.00s
[2022.04.30-17.14.36:790][  0]LogCollectionManager: Fixed up redirectors for 0 collections in 0.000002 seconds (updated 0 objects)
[2022.04.30-17.14.36:954][  0]SourceControl: Source control is disabled
[2022.04.30-17.14.36:954][  0]SourceControl: Source control is disabled
[2022.04.30-17.14.36:958][  0]SourceControl: Source control is disabled
[2022.04.30-17.14.36:961][  0]LogUProjectInfo: Found projects:
[2022.04.30-17.14.37:059][  0]LogOpenImageDenoise: OIDN starting up
[2022.04.30-17.14.37:088][  0]LogAndroidPermission: UAndroidPermissionCallbackProxy::GetInstance
[2022.04.30-17.14.37:115][  0]LogAudioCaptureCore: Display: No Audio Capture implementations found. Audio input will be silent.
[2022.04.30-17.14.37:115][  0]LogAudioCaptureCore: Display: No Audio Capture implementations found. Audio input will be silent.
[2022.04.30-17.14.37:199][  0]LogOcInput: OculusInput pre-init called
[2022.04.30-17.14.37:209][  0]LogUObjectArray: 22121 objects as part of root set at end of initial load.
[2022.04.30-17.14.37:209][  0]LogUObjectAllocator: 5975632 out of 0 bytes used by permanent object pool.
[2022.04.30-17.14.37:209][  0]LogUObjectArray: CloseDisregardForGC: 0/0 objects in disregard for GC pool
[2022.04.30-17.14.37:268][  0]LogEngine: Initializing Engine...
[2022.04.30-17.14.37:344][  0]LogHMD: Failed to initialize OpenVR with code 108
[2022.04.30-17.14.37:366][  0]LogHMD: Optional extension XR_VARJO_quad_views is not available
[2022.04.30-17.14.37:366][  0]LogHMD: Warning: Required extension XR_EXT_eye_gaze_interaction is not available
[2022.04.30-17.14.37:366][  0]LogHMD: Could not enable all required OpenXR extensions for OpenXREyeTracker on current system. This plugin will be loaded but ignored, but will be enabled on a target platform that supports the required extension.
[2022.04.30-17.14.37:404][  0]LogHMD: Failed to create an OpenXR instance, result is XR_ERROR_RUNTIME_FAILURE. Please check if you have an OpenXR runtime installed. The following extensions were enabled:
[2022.04.30-17.14.37:405][  0]LogHMD: - XR_KHR_D3D11_enable
[2022.04.30-17.14.37:405][  0]LogHMD: - XR_KHR_D3D12_enable
[2022.04.30-17.14.37:405][  0]LogHMD: - XR_KHR_opengl_enable
[2022.04.30-17.14.37:405][  0]LogHMD: - XR_KHR_vulkan_enable
[2022.04.30-17.14.37:405][  0]LogHMD: - XR_KHR_composition_layer_depth
[2022.04.30-17.14.37:405][  0]LogHMD: - XR_KHR_visibility_mask
[2022.04.30-17.14.37:405][  0]LogHMD: - XR_EXT_hand_tracking
[2022.04.30-17.14.37:405][  0]LogMagicLeap: Warning: VR disabled because ZI is not enabled.  To enable, in the editor, Edit -> Project Settings -> Plugins -> Magic Leap Plugin -> Enable Zero Iteration
[2022.04.30-17.14.37:406][  0]LogStats: UGameplayTagsManager::InitializeManager -  0.000 s
[2022.04.30-17.14.37:532][  0]LogInit: Initializing FReadOnlyCVARCache
[2022.04.30-17.14.37:532][  0]LogAudio: Display: Initializing Audio Device Manager...
[2022.04.30-17.14.37:538][  0]LogAudio: Display: Loading Default Audio Settings Objects...
[2022.04.30-17.14.37:539][  0]LogAudio: Display: No default SoundConcurrencyObject specified (or failed to load).
[2022.04.30-17.14.37:540][  0]LogAudio: Display: Audio Device Manager Initialized
[2022.04.30-17.14.37:540][  0]LogAudio: Display: Creating Audio Device:                 Id: 1, Scope: Shared, Realtime: True
[2022.04.30-17.14.37:540][  0]LogAudioMixer: Display: Audio Mixer Platform Settings:
[2022.04.30-17.14.37:540][  0]LogAudioMixer: Display: 	Sample Rate:						  48000
[2022.04.30-17.14.37:540][  0]LogAudioMixer: Display: 	Callback Buffer Frame Size Requested: 1024
[2022.04.30-17.14.37:540][  0]LogAudioMixer: Display: 	Callback Buffer Frame Size To Use:	  1024
[2022.04.30-17.14.37:540][  0]LogAudioMixer: Display: 	Number of buffers to queue:			  2
[2022.04.30-17.14.37:540][  0]LogAudioMixer: Display: 	Max Channels (voices):				  32
[2022.04.30-17.14.37:540][  0]LogAudioMixer: Display: 	Number of Async Source Workers:		  0
[2022.04.30-17.14.37:540][  0]LogAudio: Display: AudioDevice MaxSources: 32
[2022.04.30-17.14.37:540][  0]LogAudio: Display: Audio Spatialization Plugin: None (built-in).
[2022.04.30-17.14.37:540][  0]LogAudio: Display: Audio Reverb Plugin: None (built-in).
[2022.04.30-17.14.37:540][  0]LogAudio: Display: Audio Occlusion Plugin: None (built-in).
[2022.04.30-17.14.37:540][  0]LogAudioMixer: Display: Initializing audio mixer.
[2022.04.30-17.14.37:558][  0]LogAudioMixer: Display: 0: FrontLeft
[2022.04.30-17.14.37:558][  0]LogAudioMixer: Display: 1: FrontRight
[2022.04.30-17.14.37:762][  0]LogAudioMixer: Display: Using Audio Device Headphone (Realtek(R) Audio)
[2022.04.30-17.14.37:768][  0]LogAudioMixer: Display: Initializing Sound Submixes...
[2022.04.30-17.14.37:771][  0]LogAudioMixer: Display: Creating Master Submix 'MasterSubmixDefault'
[2022.04.30-17.14.37:771][  0]LogAudioMixer: Display: Creating Master Submix 'MasterReverbSubmixDefault'
[2022.04.30-17.14.37:772][  0]LogAudioMixer: Display: Creating Master Submix 'MasterEQSubmixDefault'
[2022.04.30-17.14.37:772][  0]LogAudioMixer: FMixerPlatformXAudio2::StartAudioStream() called
[2022.04.30-17.14.37:772][  0]LogAudioMixer: Display: Output buffers initialized: Frames=1024, Channels=2, Samples=2048
[2022.04.30-17.14.37:773][  0]LogAudioMixer: Display: Starting AudioMixerPlatformInterface::RunInternal()
[2022.04.30-17.14.37:773][  0]LogAudioMixer: Display: FMixerPlatformXAudio2::SubmitBuffer() called for the first time
[2022.04.30-17.14.37:773][  0]LogInit: FAudioDevice initialized.
[2022.04.30-17.14.37:775][  0]LogNetVersion: Set ProjectVersion to 1.0.0.0. Version Checksum will be recalculated on next use.
[2022.04.30-17.14.37:778][  0]LogInit: Texture streaming: Enabled
[2022.04.30-17.14.37:868][  0]LogAudio: Display: Audio Device (ID: 1) registered with world 'Untitled'.
[2022.04.30-17.14.37:869][  0]LogSlate: Updating window title bar state: overlay mode, drag disabled, window buttons hidden, title bar hidden
[2022.04.30-17.14.37:869][  0]LogInit: Display: Game Engine Initialized.
[2022.04.30-17.14.37:869][  0]LogNiagaraEditor: GEditor isn't valid! Particle reset commands will not work for Niagara components!
[2022.04.30-17.14.38:014][  0]LogInit: Display: Starting Game.
[2022.04.30-17.14.38:014][  0]LogNet: Browse: /Game/VirtualRealityBP/Maps/StartupMap?Name=Player
[2022.04.30-17.14.38:014][  0]LogLoad: LoadMap: /Game/VirtualRealityBP/Maps/StartupMap?Name=Player
[2022.04.30-17.14.38:014][  0]LogWorld: BeginTearingDown for /Temp/Untitled_0
[2022.04.30-17.14.38:015][  0]LogWorld: UWorld::CleanupWorld for Untitled, bSessionEnded=true, bCleanupResources=true
[2022.04.30-17.14.38:015][  0]LogSlate: InvalidateAllWidgets triggered.  All widgets were invalidated
[2022.04.30-17.14.38:020][  0]LogAudio: Display: Audio Device unregistered from world 'None'.
[2022.04.30-17.14.38:023][  0]LogUObjectHash: Compacting FUObjectHashTables data took   0.98ms
[2022.04.30-17.14.38:139][  0]LogAudio: Display: Audio Device (ID: 1) registered with world 'StartupMap'.
[2022.04.30-17.14.38:148][  0]LogAIModule: Creating AISystem for world StartupMap
[2022.04.30-17.14.38:155][  0]LogLoad: Game class is 'NewGameMode_C'
[2022.04.30-17.14.38:160][  0]LogScript: Warning: Accessed None trying to read property CallFunc_AddComponent_ReturnValue
	ChessBoard_C /Game/VirtualRealityBP/Maps/StartupMap.StartupMap:PersistentLevel.ChessBoard_2
	Function /Game/FromChessTutorial/ChessBoard.ChessBoard_C:SetupBoardPieces:0257
[2022.04.30-17.14.38:160][  0]LogScript: Warning: Script call stack:
	Function /Game/FromChessTutorial/ChessBoard.ChessBoard_C:UserConstructionScript
	Function /Game/FromChessTutorial/ChessBoard.ChessBoard_C:SetupBoardPieces

[2022.04.30-17.14.38:160][  0]LogScript: Warning: Accessed None trying to read property CallFunc_AddComponent_ReturnValue_1
	ChessBoard_C /Game/VirtualRealityBP/Maps/StartupMap.StartupMap:PersistentLevel.ChessBoard_2
	Function /Game/FromChessTutorial/ChessBoard.ChessBoard_C:SetupBoardPieces:02B5
[2022.04.30-17.14.38:160][  0]LogScript: Warning: Script call stack:
	Function /Game/FromChessTutorial/ChessBoard.ChessBoard_C:UserConstructionScript
	Function /Game/FromChessTutorial/ChessBoard.ChessBoard_C:SetupBoardPieces

[2022.04.30-17.14.38:160][  0]LogScript: Warning: Accessed None trying to read property CallFunc_AddComponent_ReturnValue_2
	ChessBoard_C /Game/VirtualRealityBP/Maps/StartupMap.StartupMap:PersistentLevel.ChessBoard_2
	Function /Game/FromChessTutorial/ChessBoard.ChessBoard_C:SetupBoardPieces:0313
[2022.04.30-17.14.38:160][  0]LogScript: Warning: Script call stack:
	Function /Game/FromChessTutorial/ChessBoard.ChessBoard_C:UserConstructionScript
	Function /Game/FromChessTutorial/ChessBoard.ChessBoard_C:SetupBoardPieces

[2022.04.30-17.14.38:160][  0]LogScript: Warning: Accessed None trying to read property CallFunc_AddComponent_ReturnValue_3
	ChessBoard_C /Game/VirtualRealityBP/Maps/StartupMap.StartupMap:PersistentLevel.ChessBoard_2
	Function /Game/FromChessTutorial/ChessBoard.ChessBoard_C:SetupBoardPieces:0371
[2022.04.30-17.14.38:160][  0]LogScript: Warning: Script call stack:
	Function /Game/FromChessTutorial/ChessBoard.ChessBoard_C:UserConstructionScript
	Function /Game/FromChessTutorial/ChessBoard.ChessBoard_C:SetupBoardPieces

[2022.04.30-17.14.38:160][  0]LogScript: Warning: Accessed None trying to read property CallFunc_AddComponent_ReturnValue_5
	ChessBoard_C /Game/VirtualRealityBP/Maps/StartupMap.StartupMap:PersistentLevel.ChessBoard_2
	Function /Game/FromChessTutorial/ChessBoard.ChessBoard_C:SetupBoardPieces:042D
[2022.04.30-17.14.38:160][  0]LogScript: Warning: Script call stack:
	Function /Game/FromChessTutorial/ChessBoard.ChessBoard_C:UserConstructionScript
	Function /Game/FromChessTutorial/ChessBoard.ChessBoard_C:SetupBoardPieces

[2022.04.30-17.14.38:160][  0]LogScript: Warning: Accessed None trying to read property CallFunc_AddComponent_ReturnValue
	ChessBoard_C /Game/VirtualRealityBP/Maps/StartupMap.StartupMap:PersistentLevel.ChessBoard_2
	Function /Game/FromChessTutorial/ChessBoard.ChessBoard_C:SetupBoardPieces:0257
[2022.04.30-17.14.38:160][  0]LogScript: Warning: Script call stack:
	Function /Game/FromChessTutorial/ChessBoard.ChessBoard_C:UserConstructionScript
	Function /Game/FromChessTutorial/ChessBoard.ChessBoard_C:SetupBoardPieces

[2022.04.30-17.14.38:160][  0]LogScript: Warning: Accessed None trying to read property CallFunc_AddComponent_ReturnValue_1
	ChessBoard_C /Game/VirtualRealityBP/Maps/StartupMap.StartupMap:PersistentLevel.ChessBoard_2
	Function /Game/FromChessTutorial/ChessBoard.ChessBoard_C:SetupBoardPieces:02B5
[2022.04.30-17.14.38:160][  0]LogScript: Warning: Script call stack:
	Function /Game/FromChessTutorial/ChessBoard.ChessBoard_C:UserConstructionScript
	Function /Game/FromChessTutorial/ChessBoard.ChessBoard_C:SetupBoardPieces

[2022.04.30-17.14.38:160][  0]LogScript: Warning: Accessed None trying to read property CallFunc_AddComponent_ReturnValue_2
	ChessBoard_C /Game/VirtualRealityBP/Maps/StartupMap.StartupMap:PersistentLevel.ChessBoard_2
	Function /Game/FromChessTutorial/ChessBoard.ChessBoard_C:SetupBoardPieces:0313
[2022.04.30-17.14.38:160][  0]LogScript: Warning: Script call stack:
	Function /Game/FromChessTutorial/ChessBoard.ChessBoard_C:UserConstructionScript
	Function /Game/FromChessTutorial/ChessBoard.ChessBoard_C:SetupBoardPieces

[2022.04.30-17.14.38:160][  0]LogScript: Warning: Accessed None trying to read property CallFunc_AddComponent_ReturnValue_4
	ChessBoard_C /Game/VirtualRealityBP/Maps/StartupMap.StartupMap:PersistentLevel.ChessBoard_2
	Function /Game/FromChessTutorial/ChessBoard.ChessBoard_C:SetupBoardPieces:03CF
[2022.04.30-17.14.38:160][  0]LogScript: Warning: Script call stack:
	Function /Game/FromChessTutorial/ChessBoard.ChessBoard_C:UserConstructionScript
	Function /Game/FromChessTutorial/ChessBoard.ChessBoard_C:SetupBoardPieces

[2022.04.30-17.14.38:160][  0]LogScript: Warning: Accessed None trying to read property CallFunc_AddComponent_ReturnValue_5
	ChessBoard_C /Game/VirtualRealityBP/Maps/StartupMap.StartupMap:PersistentLevel.ChessBoard_2
	Function /Game/FromChessTutorial/ChessBoard.ChessBoard_C:SetupBoardPieces:042D
[2022.04.30-17.14.38:160][  0]LogScript: Warning: Script call stack:
	Function /Game/FromChessTutorial/ChessBoard.ChessBoard_C:UserConstructionScript
	Function /Game/FromChessTutorial/ChessBoard.ChessBoard_C:SetupBoardPieces

[2022.04.30-17.14.38:160][  0]LogScript: Warning: Accessed None trying to read property CallFunc_AddComponent_ReturnValue
	ChessBoard_C /Game/VirtualRealityBP/Maps/StartupMap.StartupMap:PersistentLevel.ChessBoard_2
	Function /Game/FromChessTutorial/ChessBoard.ChessBoard_C:SetupBoardPieces:0257
[2022.04.30-17.14.38:160][  0]LogScript: Warning: Script call stack:
	Function /Game/FromChessTutorial/ChessBoard.ChessBoard_C:UserConstructionScript
	Function /Game/FromChessTutorial/ChessBoard.ChessBoard_C:SetupBoardPieces

[2022.04.30-17.14.38:160][  0]LogScript: Warning: Accessed None trying to read property CallFunc_AddComponent_ReturnValue_1
	ChessBoard_C /Game/VirtualRealityBP/Maps/StartupMap.StartupMap:PersistentLevel.ChessBoard_2
	Function /Game/FromChessTutorial/ChessBoard.ChessBoard_C:SetupBoardPieces:02B5
[2022.04.30-17.14.38:160][  0]LogScript: Warning: Script call stack:
	Function /Game/FromChessTutorial/ChessBoard.ChessBoard_C:UserConstructionScript
	Function /Game/FromChessTutorial/ChessBoard.ChessBoard_C:SetupBoardPieces

[2022.04.30-17.14.38:161][  0]LogScript: Warning: Accessed None trying to read property CallFunc_AddComponent_ReturnValue_3
	ChessBoard_C /Game/VirtualRealityBP/Maps/StartupMap.StartupMap:PersistentLevel.ChessBoard_2
	Function /Game/FromChessTutorial/ChessBoard.ChessBoard_C:SetupBoardPieces:0371
[2022.04.30-17.14.38:161][  0]LogScript: Warning: Script call stack:
	Function /Game/FromChessTutorial/ChessBoard.ChessBoard_C:UserConstructionScript
	Function /Game/FromChessTutorial/ChessBoard.ChessBoard_C:SetupBoardPieces

[2022.04.30-17.14.38:161][  0]LogScript: Warning: Accessed None trying to read property CallFunc_AddComponent_ReturnValue_4
	ChessBoard_C /Game/VirtualRealityBP/Maps/StartupMap.StartupMap:PersistentLevel.ChessBoard_2
	Function /Game/FromChessTutorial/ChessBoard.ChessBoard_C:SetupBoardPieces:03CF
[2022.04.30-17.14.38:161][  0]LogScript: Warning: Script call stack:
	Function /Game/FromChessTutorial/ChessBoard.ChessBoard_C:UserConstructionScript
	Function /Game/FromChessTutorial/ChessBoard.ChessBoard_C:SetupBoardPieces

[2022.04.30-17.14.38:161][  0]LogScript: Warning: Accessed None trying to read property CallFunc_AddComponent_ReturnValue_5
	ChessBoard_C /Game/VirtualRealityBP/Maps/StartupMap.StartupMap:PersistentLevel.ChessBoard_2
	Function /Game/FromChessTutorial/ChessBoard.ChessBoard_C:SetupBoardPieces:042D
[2022.04.30-17.14.38:161][  0]LogScript: Warning: Script call stack:
	Function /Game/FromChessTutorial/ChessBoard.ChessBoard_C:UserConstructionScript
	Function /Game/FromChessTutorial/ChessBoard.ChessBoard_C:SetupBoardPieces

[2022.04.30-17.14.38:161][  0]LogScript: Warning: Accessed None trying to read property CallFunc_AddComponent_ReturnValue_1
	ChessBoard_C /Game/VirtualRealityBP/Maps/StartupMap.StartupMap:PersistentLevel.ChessBoard_2
	Function /Game/FromChessTutorial/ChessBoard.ChessBoard_C:SetupBoardPieces:02B5
[2022.04.30-17.14.38:161][  0]LogScript: Warning: Script call stack:
	Function /Game/FromChessTutorial/ChessBoard.ChessBoard_C:UserConstructionScript
	Function /Game/FromChessTutorial/ChessBoard.ChessBoard_C:SetupBoardPieces

[2022.04.30-17.14.38:174][  0]LogWorld: Bringing World /Game/VirtualRealityBP/Maps/StartupMap.StartupMap up for play (max tick rate 0) at 2022.04.30-10.14.38
[2022.04.30-17.14.38:174][  0]LogWorld: Bringing up level for play took: 0.019001
[2022.04.30-17.14.38:175][  0]LogGameMode: FindPlayerStart: PATHS NOT DEFINED or NO PLAYERSTART with positive rating
[2022.04.30-17.14.38:176][  0]LogGameMode: Display: Match State Changed from EnteringMap to WaitingToStart
[2022.04.30-17.14.38:176][  0]LogGameState: Match State Changed from EnteringMap to WaitingToStart
[2022.04.30-17.14.38:176][  0]LogGameMode: Display: Match State Changed from WaitingToStart to InProgress
[2022.04.30-17.14.38:177][  0]LogGameState: Match State Changed from WaitingToStart to InProgress
[2022.04.30-17.14.38:177][  0]LogLoad: Took 0.162466 seconds to LoadMap(/Game/VirtualRealityBP/Maps/StartupMap)
[2022.04.30-17.14.38:235][  0]LogRenderer: Reallocating scene render targets to support 1280x720 Format 26 NumSamples 1 (Frame:1).
[2022.04.30-17.14.38:235][  0]LogSlate: Took 0.000351 seconds to synchronously load lazily loaded font '../../../Engine/Content/Slate/Fonts/Roboto-Regular.ttf' (155K)
[2022.04.30-17.14.38:273][  0]LogInit: Display: Engine is initialized. Leaving FEngineLoop::Init()
[2022.04.30-17.14.38:273][  0]LogLoad: (Engine Initialization) Total time: 6.38 seconds
[2022.04.30-17.14.38:273][  0]LogLoad: (Engine Initialization) Total Blueprint compile time: 0.00 seconds
[2022.04.30-17.14.38:277][  0]LogContentStreaming: Texture pool size now 1000 MB
[2022.04.30-17.14.38:279][  0]LogSlate: InvalidateAllWidgets triggered.  All widgets were invalidated
[2022.04.30-17.14.38:343][  1]LogSlate: Took 0.000476 seconds to synchronously load lazily loaded font '../../../Engine/Content/Slate/Fonts/Roboto-Regular.ttf' (155K)
